#
# A fatal error has been detected by the Java Runtime Environment:
#
#  SIGBUS (0xa) at pc=0x000000010d92ce92, pid=19094, tid=0x0000000000001c03
#
# JRE version: Java(TM) SE Runtime Environment (8.0_131-b11) (build 1.8.0_131-b11)
# Java VM: Java HotSpot(TM) 64-Bit Server VM (25.131-b11 mixed mode bsd-amd64 compressed oops)
# Problematic frame:
# C  [libzip.dylib+0x2e92]  newEntry+0x154
#
# Failed to write core dump. Core dumps have been disabled. To enable core dumping, try "ulimit -c unlimited" before starting Java again
#
# If you would like to submit a bug report, please visit:
#   http://bugreport.java.com/bugreport/crash.jsp
# The crash happened outside the Java Virtual Machine in native code.
# See problematic frame for where to report the bug.
#

---------------  T H R E A D  ---------------

Current thread (0x00007fc4b800c000):  JavaThread "main" [_thread_in_native, id=7171, stack(0x0000700005564000,0x0000700005664000)]

siginfo: si_signo: 10 (SIGBUS), si_code: 2 (BUS_ADRERR), si_addr: 0x00000001143b766e

Registers:
RAX=0x00007fc4b7c353b0, RBX=0x00000001143b7662, RCX=0x0000000000000001, RDX=0x0000000000000500
RSP=0x00007000056602c0, RBP=0x0000700005660320, RSI=0x0000000000001000, RDI=0x00000000000005d7
R8 =0x0000000000000048, R9 =0x00007fc4b7c5d670, R10=0x00000000fffff000, R11=0x000070000566039e
R12=0x00007fc4b80ad200, R13=0x0000000000000320, R14=0x000000005bf9d59b, R15=0x00007fc4b7c355d0
RIP=0x000000010d92ce92, EFLAGS=0x0000000000010202, ERR=0x0000000000000004
  TRAPNO=0x000000000000000e

Top of Stack: (sp=0x00007000056602c0)
0x00007000056602c0:   00000007ab344898 0000000005660318
0x00007000056602d0:   00007000056603c0 0000000115d382e4
0x00007000056602e0:   0000700005660300 00007fc4b7c353b0
0x00007000056602f0:   00007fc4b7c5d670 00007fc4b7c353b0
0x0000700005660300:   00007fc4b80ad200 0000000000000320
0x0000700005660310:   000000005bf9d59b 00007fc4b7c355d0
0x0000700005660320:   0000700005660380 000000010d92d52d
0x0000700005660330:   00007000056603d2 00007000056603d1
0x0000700005660340:   0000003200000000 000000330100c000
0x0000700005660350:   000070000566039e 00007000056607e8
0x0000700005660360:   0000000000000033 000070000566039e
0x0000700005660370:   00007fc4b7c353b0 00007fc4b800c1f8
0x0000700005660380:   00007000056607d0 000000010d92c238
0x0000700005660390:   00007000056603e8 6f67000100000001
0x00007000056603a0:   6a2f6173616e2f76 63626d79732f6670
0x00007000056603b0:   696c6f626d79532f 63757274736e4963
0x00007000056603c0:   746361466e6f6974 73616c632e79726f
0x00007000056603d0:   0000000000000073 0000000000000000
0x00007000056603e0:   0000000000000000 0000000000000000
0x00007000056603f0:   00007000056603f0 00000001118e732b
0x0000700005660400:   00007000056604b0 00000001118e8c50
0x0000700005660410:   000000011196c690 00000001118e74d8
0x0000700005660420:   0000000000000000 00007000056604c0
0x0000700005660430:   00000007ab344858 0000000115d877e0
0x0000700005660440:   0000000000000000 0000000000000000
0x0000700005660450:   0000000000000000 0000000000000000
0x0000700005660460:   0000000000000000 0000000000000000
0x0000700005660470:   0000000000000000 0000000000000000
0x0000700005660480:   0000000000000000 0000000000000000
0x0000700005660490:   0000000000000000 00000007ab344858
0x00007000056604a0:   00007000056604c0 000000010e26e8f6
0x00007000056604b0:   0000700005661100 00007fc4b800c000 

Instructions: (pc=0x000000010d92ce92)
0x000000010d92ce72:   49 8b 7f 38 e8 5b 1b 00 00 4d 89 77 38 49 89 5f
0x000000010d92ce82:   40 4c 89 f0 48 85 c0 0f 84 11 05 00 00 48 89 c3
0x000000010d92ce92:   0f b6 43 0c 0f b6 4b 0d 48 c1 e1 08 48 01 c1 0f
0x000000010d92cea2:   b6 43 0e 0f b6 53 0f 48 c1 e2 08 48 01 c2 48 c1 

Register to memory mapping:

RAX=0x00007fc4b7c353b0 is an unknown value
RBX=0x00000001143b7662 is an unknown value
RCX=0x0000000000000001 is an unknown value
RDX=0x0000000000000500 is an unknown value
RSP=0x00007000056602c0 is pointing into the stack for thread: 0x00007fc4b800c000
RBP=0x0000700005660320 is pointing into the stack for thread: 0x00007fc4b800c000
RSI=0x0000000000001000 is an unknown value
RDI=0x00000000000005d7 is an unknown value
R8 =0x0000000000000048 is an unknown value
R9 =0x00007fc4b7c5d670 is an unknown value
R10=0x00000000fffff000 is an unknown value
R11=0x000070000566039e is pointing into the stack for thread: 0x00007fc4b800c000
R12=0x00007fc4b80ad200 is an unknown value
R13=0x0000000000000320 is an unknown value
R14=0x000000005bf9d59b is an unknown value
R15=0x00007fc4b7c355d0 is an unknown value


Stack: [0x0000700005564000,0x0000700005664000],  sp=0x00007000056602c0,  free space=1008k
Native frames: (J=compiled Java code, j=interpreted, Vv=VM code, C=native code)
C  [libzip.dylib+0x2e92]  newEntry+0x154
C  [libzip.dylib+0x352d]  ZIP_GetEntry2+0xd4
C  [libzip.dylib+0x2238]  Java_java_util_zip_ZipFile_getEntry+0xcf
J 112  java.util.zip.ZipFile.getEntry(J[BZ)J (0 bytes) @ 0x0000000115d4d2ce [0x0000000115d4d200+0xce]
J 201 C2 sun.misc.URLClassPath$JarLoader.getResource(Ljava/lang/String;Z)Lsun/misc/Resource; (85 bytes) @ 0x0000000115d87608 [0x0000000115d871c0+0x448]
J 159 C1 sun.misc.URLClassPath.getResource(Ljava/lang/String;Z)Lsun/misc/Resource; (83 bytes) @ 0x0000000115d651ec [0x0000000115d65080+0x16c]
J 210 C1 java.net.URLClassLoader$1.run()Ljava/lang/Class; (63 bytes) @ 0x0000000115d80dec [0x0000000115d80be0+0x20c]
J 181 C1 java.net.URLClassLoader$1.run()Ljava/lang/Object; (5 bytes) @ 0x0000000115d7308c [0x0000000115d73000+0x8c]
v  ~StubRoutines::call_stub
V  [libjvm.dylib+0x2ee5b6]  JavaCalls::call_helper(JavaValue*, methodHandle*, JavaCallArguments*, Thread*)+0x6ae
V  [libjvm.dylib+0x34ed14]  JVM_DoPrivileged+0x4b8
J 163  java.security.AccessController.doPrivileged(Ljava/security/PrivilegedExceptionAction;Ljava/security/AccessControlContext;)Ljava/lang/Object; (0 bytes) @ 0x0000000115d68b55 [0x0000000115d68a80+0xd5]
J 180 C1 java.net.URLClassLoader.findClass(Ljava/lang/String;)Ljava/lang/Class; (47 bytes) @ 0x0000000115d72814 [0x0000000115d72680+0x194]
J 137 C1 java.lang.ClassLoader.loadClass(Ljava/lang/String;Z)Ljava/lang/Class; (122 bytes) @ 0x0000000115d5b104 [0x0000000115d5a7a0+0x964]
J 215 C1 java.lang.ClassLoader.loadClass(Ljava/lang/String;)Ljava/lang/Class; (7 bytes) @ 0x0000000115d7fa44 [0x0000000115d7f940+0x104]
j  gov.nasa.jpf.Config.asClass(Ljava/lang/String;)Ljava/lang/Class;+28
j  gov.nasa.jpf.Config.getClass(Ljava/lang/String;)Ljava/lang/Class;+6
j  gov.nasa.jpf.Config.getEssentialClass(Ljava/lang/String;)Ljava/lang/Class;+2
j  gov.nasa.jpf.Config.getEssentialInstance(Ljava/lang/String;Ljava/lang/Class;[Ljava/lang/Class;[Ljava/lang/Object;)Ljava/lang/Object;+2
j  gov.nasa.jpf.Config.getEssentialInstance(Ljava/lang/String;Ljava/lang/Class;)Ljava/lang/Object;+26
j  gov.nasa.jpf.jvm.JVMSystemClassLoaderInfo.createDefaultCodeBuilder(Lgov/nasa/jpf/Config;I)Lgov/nasa/jpf/jvm/JVMCodeBuilder;+12
j  gov.nasa.jpf.jvm.JVMSystemClassLoaderInfo.<init>(Lgov/nasa/jpf/vm/VM;I)V+12
v  ~StubRoutines::call_stub
V  [libjvm.dylib+0x2ee5b6]  JavaCalls::call_helper(JavaValue*, methodHandle*, JavaCallArguments*, Thread*)+0x6ae
V  [libjvm.dylib+0x4d3488]  Reflection::invoke(instanceKlassHandle, methodHandle, Handle, bool, objArrayHandle, BasicType, objArrayHandle, bool, Thread*)+0xe12
V  [libjvm.dylib+0x4d37cd]  Reflection::invoke_constructor(oopDesc*, objArrayHandle, Thread*)+0x181
V  [libjvm.dylib+0x3467e1]  JVM_NewInstanceFromConstructor+0x7c
j  sun.reflect.NativeConstructorAccessorImpl.newInstance0(Ljava/lang/reflect/Constructor;[Ljava/lang/Object;)Ljava/lang/Object;+0
j  sun.reflect.NativeConstructorAccessorImpl.newInstance([Ljava/lang/Object;)Ljava/lang/Object;+85
j  sun.reflect.DelegatingConstructorAccessorImpl.newInstance([Ljava/lang/Object;)Ljava/lang/Object;+5
j  java.lang.reflect.Constructor.newInstance([Ljava/lang/Object;)Ljava/lang/Object;+79
j  gov.nasa.jpf.Config.getInstance(Ljava/lang/String;Ljava/lang/Class;Ljava/lang/Class;[Ljava/lang/Class;[Ljava/lang/Object;Ljava/lang/String;)Ljava/lang/Object;+70
j  gov.nasa.jpf.Config.getEssentialInstance(Ljava/lang/String;Ljava/lang/Class;[Ljava/lang/Class;[Ljava/lang/Object;)Ljava/lang/Object;+24
j  gov.nasa.jpf.vm.VM.createSystemClassLoaderInfo(I)Lgov/nasa/jpf/vm/SystemClassLoaderInfo;+42
j  gov.nasa.jpf.vm.SingleProcessVM.createApplicationContext()Lgov/nasa/jpf/vm/ApplicationContext;+164
j  gov.nasa.jpf.vm.SingleProcessVM.<init>(Lgov/nasa/jpf/JPF;Lgov/nasa/jpf/Config;)V+8
v  ~StubRoutines::call_stub
V  [libjvm.dylib+0x2ee5b6]  JavaCalls::call_helper(JavaValue*, methodHandle*, JavaCallArguments*, Thread*)+0x6ae
V  [libjvm.dylib+0x4d3488]  Reflection::invoke(instanceKlassHandle, methodHandle, Handle, bool, objArrayHandle, BasicType, objArrayHandle, bool, Thread*)+0xe12
V  [libjvm.dylib+0x4d37cd]  Reflection::invoke_constructor(oopDesc*, objArrayHandle, Thread*)+0x181
V  [libjvm.dylib+0x3467e1]  JVM_NewInstanceFromConstructor+0x7c
j  sun.reflect.NativeConstructorAccessorImpl.newInstance0(Ljava/lang/reflect/Constructor;[Ljava/lang/Object;)Ljava/lang/Object;+0
j  sun.reflect.NativeConstructorAccessorImpl.newInstance([Ljava/lang/Object;)Ljava/lang/Object;+85
j  sun.reflect.DelegatingConstructorAccessorImpl.newInstance([Ljava/lang/Object;)Ljava/lang/Object;+5
j  java.lang.reflect.Constructor.newInstance([Ljava/lang/Object;)Ljava/lang/Object;+79
j  gov.nasa.jpf.Config.getInstance(Ljava/lang/String;Ljava/lang/Class;Ljava/lang/Class;[Ljava/lang/Class;[Ljava/lang/Object;Ljava/lang/String;)Ljava/lang/Object;+70
j  gov.nasa.jpf.Config.getEssentialInstance(Ljava/lang/String;Ljava/lang/Class;[Ljava/lang/Class;[Ljava/lang/Object;)Ljava/lang/Object;+24
j  gov.nasa.jpf.JPF.initialize()V+74
j  gov.nasa.jpf.JPF.<init>(Lgov/nasa/jpf/Config;)V+40
j  gov.nasa.jpf.JPF.start(Lgov/nasa/jpf/Config;[Ljava/lang/String;)V+73
v  ~StubRoutines::call_stub
V  [libjvm.dylib+0x2ee5b6]  JavaCalls::call_helper(JavaValue*, methodHandle*, JavaCallArguments*, Thread*)+0x6ae
V  [libjvm.dylib+0x4d3488]  Reflection::invoke(instanceKlassHandle, methodHandle, Handle, bool, objArrayHandle, BasicType, objArrayHandle, bool, Thread*)+0xe12
V  [libjvm.dylib+0x4d39bc]  Reflection::invoke_method(oopDesc*, Handle, objArrayHandle, Thread*)+0x16c
V  [libjvm.dylib+0x3469b8]  JVM_InvokeMethod+0x166
j  sun.reflect.NativeMethodAccessorImpl.invoke0(Ljava/lang/reflect/Method;Ljava/lang/Object;[Ljava/lang/Object;)Ljava/lang/Object;+0
j  sun.reflect.NativeMethodAccessorImpl.invoke(Ljava/lang/Object;[Ljava/lang/Object;)Ljava/lang/Object;+100
j  sun.reflect.DelegatingMethodAccessorImpl.invoke(Ljava/lang/Object;[Ljava/lang/Object;)Ljava/lang/Object;+6
j  java.lang.reflect.Method.invoke(Ljava/lang/Object;[Ljava/lang/Object;)Ljava/lang/Object;+56
j  gov.nasa.jpf.tool.Run.call(Ljava/lang/Class;Ljava/lang/String;[Ljava/lang/Object;)Z+68
j  gov.nasa.jpf.tool.RunJPF.main([Ljava/lang/String;)V+175
v  ~StubRoutines::call_stub
V  [libjvm.dylib+0x2ee5b6]  JavaCalls::call_helper(JavaValue*, methodHandle*, JavaCallArguments*, Thread*)+0x6ae
V  [libjvm.dylib+0x3253ce]  jni_invoke_static(JNIEnv_*, JavaValue*, _jobject*, JNICallType, _jmethodID*, JNI_ArgumentPusher*, Thread*)+0x1bf
V  [libjvm.dylib+0x31e145]  jni_CallStaticVoidMethod+0x15d
C  [java+0x3931]  JavaMain+0x9c4
C  [libsystem_pthread.dylib+0x393b]  _pthread_body+0xb4
C  [libsystem_pthread.dylib+0x3887]  _pthread_body+0x0
C  [libsystem_pthread.dylib+0x308d]  thread_start+0xd
C  0x0000000000000000

Java frames: (J=compiled Java code, j=interpreted, Vv=VM code)
J 112  java.util.zip.ZipFile.getEntry(J[BZ)J (0 bytes) @ 0x0000000115d4d258 [0x0000000115d4d200+0x58]
J 201 C2 sun.misc.URLClassPath$JarLoader.getResource(Ljava/lang/String;Z)Lsun/misc/Resource; (85 bytes) @ 0x0000000115d87608 [0x0000000115d871c0+0x448]
J 159 C1 sun.misc.URLClassPath.getResource(Ljava/lang/String;Z)Lsun/misc/Resource; (83 bytes) @ 0x0000000115d651ec [0x0000000115d65080+0x16c]
J 210 C1 java.net.URLClassLoader$1.run()Ljava/lang/Class; (63 bytes) @ 0x0000000115d80dec [0x0000000115d80be0+0x20c]
J 181 C1 java.net.URLClassLoader$1.run()Ljava/lang/Object; (5 bytes) @ 0x0000000115d7308c [0x0000000115d73000+0x8c]
v  ~StubRoutines::call_stub
J 163  java.security.AccessController.doPrivileged(Ljava/security/PrivilegedExceptionAction;Ljava/security/AccessControlContext;)Ljava/lang/Object; (0 bytes) @ 0x0000000115d68ae3 [0x0000000115d68a80+0x63]
J 180 C1 java.net.URLClassLoader.findClass(Ljava/lang/String;)Ljava/lang/Class; (47 bytes) @ 0x0000000115d72814 [0x0000000115d72680+0x194]
J 137 C1 java.lang.ClassLoader.loadClass(Ljava/lang/String;Z)Ljava/lang/Class; (122 bytes) @ 0x0000000115d5b104 [0x0000000115d5a7a0+0x964]
J 215 C1 java.lang.ClassLoader.loadClass(Ljava/lang/String;)Ljava/lang/Class; (7 bytes) @ 0x0000000115d7fa44 [0x0000000115d7f940+0x104]
j  gov.nasa.jpf.Config.asClass(Ljava/lang/String;)Ljava/lang/Class;+28
j  gov.nasa.jpf.Config.getClass(Ljava/lang/String;)Ljava/lang/Class;+6
j  gov.nasa.jpf.Config.getEssentialClass(Ljava/lang/String;)Ljava/lang/Class;+2
j  gov.nasa.jpf.Config.getEssentialInstance(Ljava/lang/String;Ljava/lang/Class;[Ljava/lang/Class;[Ljava/lang/Object;)Ljava/lang/Object;+2
j  gov.nasa.jpf.Config.getEssentialInstance(Ljava/lang/String;Ljava/lang/Class;)Ljava/lang/Object;+26
j  gov.nasa.jpf.jvm.JVMSystemClassLoaderInfo.createDefaultCodeBuilder(Lgov/nasa/jpf/Config;I)Lgov/nasa/jpf/jvm/JVMCodeBuilder;+12
j  gov.nasa.jpf.jvm.JVMSystemClassLoaderInfo.<init>(Lgov/nasa/jpf/vm/VM;I)V+12
v  ~StubRoutines::call_stub
j  sun.reflect.NativeConstructorAccessorImpl.newInstance0(Ljava/lang/reflect/Constructor;[Ljava/lang/Object;)Ljava/lang/Object;+0
j  sun.reflect.NativeConstructorAccessorImpl.newInstance([Ljava/lang/Object;)Ljava/lang/Object;+85
j  sun.reflect.DelegatingConstructorAccessorImpl.newInstance([Ljava/lang/Object;)Ljava/lang/Object;+5
j  java.lang.reflect.Constructor.newInstance([Ljava/lang/Object;)Ljava/lang/Object;+79
j  gov.nasa.jpf.Config.getInstance(Ljava/lang/String;Ljava/lang/Class;Ljava/lang/Class;[Ljava/lang/Class;[Ljava/lang/Object;Ljava/lang/String;)Ljava/lang/Object;+70
j  gov.nasa.jpf.Config.getEssentialInstance(Ljava/lang/String;Ljava/lang/Class;[Ljava/lang/Class;[Ljava/lang/Object;)Ljava/lang/Object;+24
j  gov.nasa.jpf.vm.VM.createSystemClassLoaderInfo(I)Lgov/nasa/jpf/vm/SystemClassLoaderInfo;+42
j  gov.nasa.jpf.vm.SingleProcessVM.createApplicationContext()Lgov/nasa/jpf/vm/ApplicationContext;+164
j  gov.nasa.jpf.vm.SingleProcessVM.<init>(Lgov/nasa/jpf/JPF;Lgov/nasa/jpf/Config;)V+8
v  ~StubRoutines::call_stub
j  sun.reflect.NativeConstructorAccessorImpl.newInstance0(Ljava/lang/reflect/Constructor;[Ljava/lang/Object;)Ljava/lang/Object;+0
j  sun.reflect.NativeConstructorAccessorImpl.newInstance([Ljava/lang/Object;)Ljava/lang/Object;+85
j  sun.reflect.DelegatingConstructorAccessorImpl.newInstance([Ljava/lang/Object;)Ljava/lang/Object;+5
j  java.lang.reflect.Constructor.newInstance([Ljava/lang/Object;)Ljava/lang/Object;+79
j  gov.nasa.jpf.Config.getInstance(Ljava/lang/String;Ljava/lang/Class;Ljava/lang/Class;[Ljava/lang/Class;[Ljava/lang/Object;Ljava/lang/String;)Ljava/lang/Object;+70
j  gov.nasa.jpf.Config.getEssentialInstance(Ljava/lang/String;Ljava/lang/Class;[Ljava/lang/Class;[Ljava/lang/Object;)Ljava/lang/Object;+24
j  gov.nasa.jpf.JPF.initialize()V+74
j  gov.nasa.jpf.JPF.<init>(Lgov/nasa/jpf/Config;)V+40
j  gov.nasa.jpf.JPF.start(Lgov/nasa/jpf/Config;[Ljava/lang/String;)V+73
v  ~StubRoutines::call_stub
j  sun.reflect.NativeMethodAccessorImpl.invoke0(Ljava/lang/reflect/Method;Ljava/lang/Object;[Ljava/lang/Object;)Ljava/lang/Object;+0
j  sun.reflect.NativeMethodAccessorImpl.invoke(Ljava/lang/Object;[Ljava/lang/Object;)Ljava/lang/Object;+100
j  sun.reflect.DelegatingMethodAccessorImpl.invoke(Ljava/lang/Object;[Ljava/lang/Object;)Ljava/lang/Object;+6
j  java.lang.reflect.Method.invoke(Ljava/lang/Object;[Ljava/lang/Object;)Ljava/lang/Object;+56
j  gov.nasa.jpf.tool.Run.call(Ljava/lang/Class;Ljava/lang/String;[Ljava/lang/Object;)Z+68
j  gov.nasa.jpf.tool.RunJPF.main([Ljava/lang/String;)V+175
v  ~StubRoutines::call_stub

---------------  P R O C E S S  ---------------

Java Threads: ( => current thread )
  0x00007fc4b889e000 JavaThread "Service Thread" daemon [_thread_blocked, id=17155, stack(0x0000700005e7f000,0x0000700005f7f000)]
  0x00007fc4b8076800 JavaThread "C1 CompilerThread1" daemon [_thread_blocked, id=16643, stack(0x0000700005d7c000,0x0000700005e7c000)]
  0x00007fc4b8836000 JavaThread "C2 CompilerThread0" daemon [_thread_blocked, id=16131, stack(0x0000700005c79000,0x0000700005d79000)]
  0x00007fc4b806f800 JavaThread "Signal Dispatcher" daemon [_thread_blocked, id=15619, stack(0x0000700005b76000,0x0000700005c76000)]
  0x00007fc4b8046800 JavaThread "Finalizer" daemon [_thread_blocked, id=11523, stack(0x0000700005a73000,0x0000700005b73000)]
  0x00007fc4b882b000 JavaThread "Reference Handler" daemon [_thread_blocked, id=11011, stack(0x0000700005970000,0x0000700005a70000)]
=>0x00007fc4b800c000 JavaThread "main" [_thread_in_native, id=7171, stack(0x0000700005564000,0x0000700005664000)]

Other Threads:
  0x00007fc4b800f800 VMThread [stack: 0x000070000586d000,0x000070000596d000] [id=10499]
  0x00007fc4b8010000 WatcherThread [stack: 0x0000700005f82000,0x0000700006082000] [id=17667]

VM state:not at safepoint (normal execution)

VM Mutex/Monitor currently owned by a thread: None

Heap:
 PSYoungGen      total 18944K, used 8475K [0x00000007aab00000, 0x00000007ac000000, 0x00000007c0000000)
  eden space 16384K, 51% used [0x00000007aab00000,0x00000007ab346d60,0x00000007abb00000)
  from space 2560K, 0% used [0x00000007abd80000,0x00000007abd80000,0x00000007ac000000)
  to   space 2560K, 0% used [0x00000007abb00000,0x00000007abb00000,0x00000007abd80000)
 ParOldGen       total 44032K, used 0K [0x0000000780000000, 0x0000000782b00000, 0x00000007aab00000)
  object space 44032K, 0% used [0x0000000780000000,0x0000000780000000,0x0000000782b00000)
 Metaspace       used 5050K, capacity 6110K, committed 6272K, reserved 1056768K
  class space    used 524K, capacity 586K, committed 640K, reserved 1048576K

Card table byte_map: [0x000000010f163000,0x000000010f364000] byte_map_base: 0x000000010b563000

Marking Bits: (ParMarkBitMap*) 0x000000010e6f1ea0
 Begin Bits: [0x000000010f4ba000, 0x00000001104ba000)
 End Bits:   [0x00000001104ba000, 0x00000001114ba000)

Polling page: 0x000000010d920000

CodeCache: size=245760Kb used=1543Kb max_used=1543Kb free=244216Kb
 bounds [0x0000000115c0c000, 0x0000000115e7c000, 0x0000000124c0c000]
 total_blobs=486 nmethods=234 adapters=168
 compilation: enabled

Compilation events (10 events):
Event: 3.013 Thread 0x00007fc4b8076800  231       3       java.lang.ThreadLocal$ThreadLocalMap::getEntry (42 bytes)
Event: 3.014 Thread 0x00007fc4b8076800 nmethod 231 0x0000000115d8c010 code [0x0000000115d8c180, 0x0000000115d8c488]
Event: 3.014 Thread 0x00007fc4b8076800  230       3       java.io.File::isInvalid (47 bytes)
Event: 3.014 Thread 0x00007fc4b8076800 nmethod 230 0x0000000115d8c5d0 code [0x0000000115d8c760, 0x0000000115d8cb88]
Event: 3.015 Thread 0x00007fc4b8076800  232       1       java.io.File::getPrefixLength (5 bytes)
Event: 3.015 Thread 0x00007fc4b8076800 nmethod 232 0x0000000115d83310 code [0x0000000115d83460, 0x0000000115d83570]
Event: 3.016 Thread 0x00007fc4b8076800  233       3       java.net.URI$Parser::scan (73 bytes)
Event: 3.016 Thread 0x00007fc4b8076800 nmethod 233 0x0000000115d8cc90 code [0x0000000115d8ce60, 0x0000000115d8d548]
Event: 3.016 Thread 0x00007fc4b8076800  234       3       java.net.URI$Parser::at (20 bytes)
Event: 3.017 Thread 0x00007fc4b8076800 nmethod 234 0x0000000115d8d9d0 code [0x0000000115d8db60, 0x0000000115d8dfc8]

GC Heap History (0 events):
No events

Deoptimization events (0 events):
No events

Internal exceptions (4 events):
Event: 0.111 Thread 0x00007fc4b800c000 Exception <a 'java/lang/NoSuchMethodError': Method sun.misc.Unsafe.defineClass(Ljava/lang/String;[BII)Ljava/lang/Class; name or signature does not match> (0x00000007aab07ca8) thrown at [/Users/java_re/workspace/8-2-build-macosx-x86_64/jdk8u131/8869/hotspo
Event: 0.111 Thread 0x00007fc4b800c000 Exception <a 'java/lang/NoSuchMethodError': Method sun.misc.Unsafe.prefetchRead(Ljava/lang/Object;J)V name or signature does not match> (0x00000007aab07f90) thrown at [/Users/java_re/workspace/8-2-build-macosx-x86_64/jdk8u131/8869/hotspot/src/share/vm/pri
Event: 0.936 Thread 0x00007fc4b800c000 Exception <a 'java/security/PrivilegedActionException'> (0x00000007aad8f4d8) thrown at [/Users/java_re/workspace/8-2-build-macosx-x86_64/jdk8u131/8869/hotspot/src/share/vm/prims/jvm.cpp, line 1390]
Event: 0.936 Thread 0x00007fc4b800c000 Exception <a 'java/security/PrivilegedActionException'> (0x00000007aad8f6e8) thrown at [/Users/java_re/workspace/8-2-build-macosx-x86_64/jdk8u131/8869/hotspot/src/share/vm/prims/jvm.cpp, line 1390]

Events (10 events):
Event: 3.009 loading class gov/nasa/jpf/vm/ClassPath
Event: 3.009 loading class gov/nasa/jpf/vm/ClassPath done
Event: 3.010 loading class gov/nasa/jpf/vm/ClassFileMatch
Event: 3.010 loading class gov/nasa/jpf/vm/ClassFileMatch done
Event: 3.011 loading class gov/nasa/jpf/jvm/JVMClassFileContainer$JVMClassFileMatch
Event: 3.011 loading class gov/nasa/jpf/jvm/JVMClassFileContainer$JVMClassFileMatch done
Event: 3.021 loading class gov/nasa/jpf/jvm/JVMInstructionFactory
Event: 3.021 loading class gov/nasa/jpf/jvm/JVMInstructionFactory done
Event: 3.022 loading class gov/nasa/jpf/symbc/SymbolicInstructionFactory
Event: 3.022 loading class gov/nasa/jpf/symbc/SymbolicInstructionFactory done


Dynamic libraries:
0x00000000106c3000 	/System/Library/Frameworks/Cocoa.framework/Versions/A/Cocoa
0x00000000106c3000 	/System/Library/Frameworks/Security.framework/Versions/A/Security
0x00000000106c3000 	/System/Library/Frameworks/ApplicationServices.framework/Versions/A/ApplicationServices
0x00000000106c3000 	/usr/lib/libz.1.dylib
0x00000000106c3000 	/usr/lib/libSystem.B.dylib
0x00000000106c3000 	/usr/lib/libobjc.A.dylib
0x00000000106c3000 	/System/Library/Frameworks/CoreFoundation.framework/Versions/A/CoreFoundation
0x00000000106c3000 	/System/Library/Frameworks/Foundation.framework/Versions/C/Foundation
0x00000000106c3000 	/System/Library/Frameworks/AppKit.framework/Versions/C/AppKit
0x00000000106c3000 	/System/Library/Frameworks/CoreData.framework/Versions/A/CoreData
0x00000000106c3000 	/System/Library/PrivateFrameworks/RemoteViewServices.framework/Versions/A/RemoteViewServices
0x00000000106c3000 	/System/Library/PrivateFrameworks/UIFoundation.framework/Versions/A/UIFoundation
0x00000000106c3000 	/System/Library/PrivateFrameworks/DFRFoundation.framework/Versions/A/DFRFoundation
0x00000000106c3000 	/usr/lib/libenergytrace.dylib
0x00000000106c3000 	/System/Library/PrivateFrameworks/SkyLight.framework/Versions/A/SkyLight
0x00000000106c3000 	/System/Library/Frameworks/CoreGraphics.framework/Versions/A/CoreGraphics
0x00000000106c3000 	/usr/lib/libScreenReader.dylib
0x00000000106c3000 	/System/Library/Frameworks/Accelerate.framework/Versions/A/Accelerate
0x00000000106c3000 	/System/Library/Frameworks/IOSurface.framework/Versions/A/IOSurface
0x00000000106c3000 	/System/Library/Frameworks/AudioToolbox.framework/Versions/A/AudioToolbox
0x00000000106c3000 	/System/Library/Frameworks/AudioUnit.framework/Versions/A/AudioUnit
0x00000000106c3000 	/System/Library/PrivateFrameworks/DataDetectorsCore.framework/Versions/A/DataDetectorsCore
0x00000000106c3000 	/System/Library/PrivateFrameworks/DesktopServicesPriv.framework/Versions/A/DesktopServicesPriv
0x00000000106c3000 	/System/Library/Frameworks/Carbon.framework/Versions/A/Frameworks/HIToolbox.framework/Versions/A/HIToolbox
0x00000000106c3000 	/usr/lib/libicucore.A.dylib
0x00000000106c3000 	/System/Library/Frameworks/QuartzCore.framework/Versions/A/QuartzCore
0x00000000106c3000 	/System/Library/Frameworks/Carbon.framework/Versions/A/Frameworks/SpeechRecognition.framework/Versions/A/SpeechRecognition
0x00000000106c3000 	/usr/lib/libauto.dylib
0x00000000106c3000 	/usr/lib/libxml2.2.dylib
0x00000000106c3000 	/System/Library/PrivateFrameworks/CoreUI.framework/Versions/A/CoreUI
0x00000000106c3000 	/System/Library/Frameworks/CoreAudio.framework/Versions/A/CoreAudio
0x00000000106c3000 	/System/Library/Frameworks/DiskArbitration.framework/Versions/A/DiskArbitration
0x00000000106c3000 	/usr/lib/liblangid.dylib
0x00000000106c3000 	/System/Library/PrivateFrameworks/MultitouchSupport.framework/Versions/A/MultitouchSupport
0x00000000106c3000 	/System/Library/Frameworks/IOKit.framework/Versions/A/IOKit
0x00000000106c3000 	/usr/lib/libDiagnosticMessagesClient.dylib
0x00000000106c3000 	/System/Library/Frameworks/CoreServices.framework/Versions/A/CoreServices
0x00000000106c3000 	/System/Library/PrivateFrameworks/PerformanceAnalysis.framework/Versions/A/PerformanceAnalysis
0x00000000106c3000 	/System/Library/PrivateFrameworks/GenerationalStorage.framework/Versions/A/GenerationalStorage
0x00000000106c3000 	/System/Library/Frameworks/OpenGL.framework/Versions/A/OpenGL
0x00000000106c3000 	/System/Library/Frameworks/CoreImage.framework/Versions/A/CoreImage
0x00000000106c3000 	/System/Library/Frameworks/CoreText.framework/Versions/A/CoreText
0x00000000106c3000 	/System/Library/Frameworks/ImageIO.framework/Versions/A/ImageIO
0x00000000106c3000 	/System/Library/PrivateFrameworks/Backup.framework/Versions/A/Backup
0x00000000106c3000 	/usr/lib/libarchive.2.dylib
0x00000000106c3000 	/System/Library/Frameworks/CFNetwork.framework/Versions/A/CFNetwork
0x00000000106c3000 	/System/Library/Frameworks/SystemConfiguration.framework/Versions/A/SystemConfiguration
0x00000000106c3000 	/usr/lib/libCRFSuite.dylib
0x00000000106c3000 	/usr/lib/libc++.1.dylib
0x00000000106c3000 	/usr/lib/libc++abi.dylib
0x00000000106c3000 	/usr/lib/system/libcache.dylib
0x00000000106c3000 	/usr/lib/system/libcommonCrypto.dylib
0x00000000106c3000 	/usr/lib/system/libcompiler_rt.dylib
0x00000000106c3000 	/usr/lib/system/libcopyfile.dylib
0x00000000106c3000 	/usr/lib/system/libcorecrypto.dylib
0x00000000106c3000 	/usr/lib/system/libdispatch.dylib
0x00000000106c3000 	/usr/lib/system/libdyld.dylib
0x00000000106c3000 	/usr/lib/system/libkeymgr.dylib
0x00000000106c3000 	/usr/lib/system/liblaunch.dylib
0x00000000106c3000 	/usr/lib/system/libmacho.dylib
0x00000000106c3000 	/usr/lib/system/libquarantine.dylib
0x00000000106c3000 	/usr/lib/system/libremovefile.dylib
0x00000000106c3000 	/usr/lib/system/libsystem_asl.dylib
0x00000000106c3000 	/usr/lib/system/libsystem_blocks.dylib
0x00000000106c3000 	/usr/lib/system/libsystem_c.dylib
0x00000000106c3000 	/usr/lib/system/libsystem_configuration.dylib
0x00000000106c3000 	/usr/lib/system/libsystem_coreservices.dylib
0x00000000106c3000 	/usr/lib/system/libsystem_coretls.dylib
0x00000000106c3000 	/usr/lib/system/libsystem_dnssd.dylib
0x00000000106c3000 	/usr/lib/system/libsystem_info.dylib
0x00000000106c3000 	/usr/lib/system/libsystem_kernel.dylib
0x00000000106c3000 	/usr/lib/system/libsystem_m.dylib
0x00000000106c3000 	/usr/lib/system/libsystem_malloc.dylib
0x00000000106c3000 	/usr/lib/system/libsystem_network.dylib
0x00000000106c3000 	/usr/lib/system/libsystem_networkextension.dylib
0x00000000106c3000 	/usr/lib/system/libsystem_notify.dylib
0x00000000106c3000 	/usr/lib/system/libsystem_platform.dylib
0x00000000106c3000 	/usr/lib/system/libsystem_pthread.dylib
0x00000000106c3000 	/usr/lib/system/libsystem_sandbox.dylib
0x00000000106c3000 	/usr/lib/system/libsystem_secinit.dylib
0x00000000106c3000 	/usr/lib/system/libsystem_symptoms.dylib
0x00000000106c3000 	/usr/lib/system/libsystem_trace.dylib
0x00000000106c3000 	/usr/lib/system/libunwind.dylib
0x00000000106c3000 	/usr/lib/system/libxpc.dylib
0x00000000106c3000 	/usr/lib/libbsm.0.dylib
0x00000000106c3000 	/usr/lib/system/libkxld.dylib
0x00000000106c3000 	/usr/lib/libcoretls.dylib
0x00000000106c3000 	/usr/lib/libcoretls_cfhelpers.dylib
0x00000000106c3000 	/usr/lib/libOpenScriptingUtil.dylib
0x00000000106c3000 	/usr/lib/libpam.2.dylib
0x00000000106c3000 	/usr/lib/libsqlite3.dylib
0x00000000106c3000 	/usr/lib/libxar.1.dylib
0x00000000106c3000 	/usr/lib/libbz2.1.0.dylib
0x00000000106c3000 	/usr/lib/liblzma.5.dylib
0x00000000106c3000 	/usr/lib/libnetwork.dylib
0x00000000106c3000 	/usr/lib/libpcap.A.dylib
0x00000000106c3000 	/System/Library/Frameworks/CoreServices.framework/Versions/A/Frameworks/FSEvents.framework/Versions/A/FSEvents
0x00000000106c3000 	/System/Library/Frameworks/CoreServices.framework/Versions/A/Frameworks/CarbonCore.framework/Versions/A/CarbonCore
0x00000000106c3000 	/System/Library/Frameworks/CoreServices.framework/Versions/A/Frameworks/Metadata.framework/Versions/A/Metadata
0x00000000106c3000 	/System/Library/Frameworks/CoreServices.framework/Versions/A/Frameworks/OSServices.framework/Versions/A/OSServices
0x00000000106c3000 	/System/Library/Frameworks/CoreServices.framework/Versions/A/Frameworks/SearchKit.framework/Versions/A/SearchKit
0x00000000106c3000 	/System/Library/Frameworks/CoreServices.framework/Versions/A/Frameworks/AE.framework/Versions/A/AE
0x00000000106c3000 	/System/Library/Frameworks/CoreServices.framework/Versions/A/Frameworks/LaunchServices.framework/Versions/A/LaunchServices
0x00000000106c3000 	/System/Library/Frameworks/CoreServices.framework/Versions/A/Frameworks/DictionaryServices.framework/Versions/A/DictionaryServices
0x00000000106c3000 	/System/Library/Frameworks/CoreServices.framework/Versions/A/Frameworks/SharedFileList.framework/Versions/A/SharedFileList
0x00000000106c3000 	/System/Library/Frameworks/NetFS.framework/Versions/A/NetFS
0x00000000106c3000 	/System/Library/PrivateFrameworks/NetAuth.framework/Versions/A/NetAuth
0x00000000106c3000 	/System/Library/PrivateFrameworks/login.framework/Versions/A/Frameworks/loginsupport.framework/Versions/A/loginsupport
0x00000000106c3000 	/System/Library/PrivateFrameworks/TCC.framework/Versions/A/TCC
0x00000000106c3000 	/usr/lib/libmecabra.dylib
0x00000000106c3000 	/System/Library/Frameworks/ApplicationServices.framework/Versions/A/Frameworks/ATS.framework/Versions/A/ATS
0x00000000106c3000 	/System/Library/Frameworks/ApplicationServices.framework/Versions/A/Frameworks/ColorSync.framework/Versions/A/ColorSync
0x00000000106c3000 	/System/Library/Frameworks/ApplicationServices.framework/Versions/A/Frameworks/HIServices.framework/Versions/A/HIServices
0x00000000106c3000 	/System/Library/Frameworks/ApplicationServices.framework/Versions/A/Frameworks/LangAnalysis.framework/Versions/A/LangAnalysis
0x00000000106c3000 	/System/Library/Frameworks/ApplicationServices.framework/Versions/A/Frameworks/PrintCore.framework/Versions/A/PrintCore
0x00000000106c3000 	/System/Library/Frameworks/ApplicationServices.framework/Versions/A/Frameworks/QD.framework/Versions/A/QD
0x00000000106c3000 	/System/Library/Frameworks/ApplicationServices.framework/Versions/A/Frameworks/SpeechSynthesis.framework/Versions/A/SpeechSynthesis
0x00000000106c3000 	/System/Library/Frameworks/Accelerate.framework/Versions/A/Frameworks/vImage.framework/Versions/A/vImage
0x00000000106c3000 	/System/Library/Frameworks/Accelerate.framework/Versions/A/Frameworks/vecLib.framework/Versions/A/vecLib
0x00000000106c3000 	/System/Library/Frameworks/Accelerate.framework/Versions/A/Frameworks/vecLib.framework/Versions/A/libvDSP.dylib
0x00000000106c3000 	/System/Library/Frameworks/Accelerate.framework/Versions/A/Frameworks/vecLib.framework/Versions/A/libBNNS.dylib
0x00000000106c3000 	/System/Library/Frameworks/Accelerate.framework/Versions/A/Frameworks/vecLib.framework/Versions/A/libQuadrature.dylib
0x00000000106c3000 	/System/Library/Frameworks/Accelerate.framework/Versions/A/Frameworks/vecLib.framework/Versions/A/libvMisc.dylib
0x00000000106c3000 	/System/Library/Frameworks/Accelerate.framework/Versions/A/Frameworks/vecLib.framework/Versions/A/libLAPACK.dylib
0x00000000106c3000 	/System/Library/Frameworks/Accelerate.framework/Versions/A/Frameworks/vecLib.framework/Versions/A/libBLAS.dylib
0x00000000106c3000 	/System/Library/Frameworks/Accelerate.framework/Versions/A/Frameworks/vecLib.framework/Versions/A/libLinearAlgebra.dylib
0x00000000106c3000 	/System/Library/Frameworks/Accelerate.framework/Versions/A/Frameworks/vecLib.framework/Versions/A/libSparseBLAS.dylib
0x00000000106c3000 	/System/Library/Frameworks/ApplicationServices.framework/Versions/A/Frameworks/ATS.framework/Versions/A/Resources/libFontParser.dylib
0x00000000106c3000 	/System/Library/Frameworks/ApplicationServices.framework/Versions/A/Frameworks/ATS.framework/Versions/A/Resources/libFontRegistry.dylib
0x00000000106c3000 	/System/Library/Frameworks/ImageIO.framework/Versions/A/Resources/libJPEG.dylib
0x00000000106c3000 	/System/Library/Frameworks/ImageIO.framework/Versions/A/Resources/libTIFF.dylib
0x00000000106c3000 	/System/Library/Frameworks/ImageIO.framework/Versions/A/Resources/libPng.dylib
0x00000000106c3000 	/System/Library/Frameworks/ImageIO.framework/Versions/A/Resources/libGIF.dylib
0x00000000106c3000 	/System/Library/Frameworks/ImageIO.framework/Versions/A/Resources/libJP2.dylib
0x00000000106c3000 	/System/Library/Frameworks/ImageIO.framework/Versions/A/Resources/libRadiance.dylib
0x00000000106c3000 	/usr/lib/libcompression.dylib
0x00000000106c3000 	/System/Library/PrivateFrameworks/AppleJPEG.framework/Versions/A/AppleJPEG
0x00000000106c3000 	/usr/lib/libcups.2.dylib
0x00000000106c3000 	/System/Library/Frameworks/Kerberos.framework/Versions/A/Kerberos
0x00000000106c3000 	/System/Library/Frameworks/GSS.framework/Versions/A/GSS
0x00000000106c3000 	/usr/lib/libresolv.9.dylib
0x00000000106c3000 	/usr/lib/libiconv.2.dylib
0x00000000106c3000 	/System/Library/PrivateFrameworks/Heimdal.framework/Versions/A/Heimdal
0x00000000106c3000 	/usr/lib/libheimdal-asn1.dylib
0x00000000106c3000 	/System/Library/Frameworks/OpenDirectory.framework/Versions/A/OpenDirectory
0x00000000106c3000 	/System/Library/PrivateFrameworks/CommonAuth.framework/Versions/A/CommonAuth
0x00000000106c3000 	/System/Library/Frameworks/OpenDirectory.framework/Versions/A/Frameworks/CFOpenDirectory.framework/Versions/A/CFOpenDirectory
0x00000000106c3000 	/System/Library/Frameworks/SecurityFoundation.framework/Versions/A/SecurityFoundation
0x00000000106c3000 	/System/Library/PrivateFrameworks/LanguageModeling.framework/Versions/A/LanguageModeling
0x00000000106c3000 	/usr/lib/libmarisa.dylib
0x00000000106c3000 	/usr/lib/libChineseTokenizer.dylib
0x00000000106c3000 	/usr/lib/libcmph.dylib
0x00000000106c3000 	/System/Library/PrivateFrameworks/CoreEmoji.framework/Versions/A/CoreEmoji
0x00000000106c3000 	/System/Library/Frameworks/ServiceManagement.framework/Versions/A/ServiceManagement
0x00000000106c3000 	/usr/lib/libxslt.1.dylib
0x00000000106c3000 	/System/Library/Frameworks/Carbon.framework/Versions/A/Frameworks/Ink.framework/Versions/A/Ink
0x00000000106c3000 	/System/Library/PrivateFrameworks/TextureIO.framework/Versions/A/TextureIO
0x00000000106c3000 	/System/Library/Frameworks/Metal.framework/Versions/A/Metal
0x00000000106c3000 	/usr/lib/libate.dylib
0x00000000106c3000 	/System/Library/PrivateFrameworks/GPUCompiler.framework/libmetal_timestamp.dylib
0x00000000106c3000 	/System/Library/Frameworks/OpenGL.framework/Versions/A/Libraries/libCoreFSCache.dylib
0x00000000106c3000 	/System/Library/PrivateFrameworks/IOAccelerator.framework/Versions/A/IOAccelerator
0x00000000106c3000 	/System/Library/Frameworks/CoreVideo.framework/Versions/A/CoreVideo
0x00000000106c3000 	/usr/lib/libFosl_dynamic.dylib
0x00000000106c3000 	/System/Library/PrivateFrameworks/MetalPerformanceShaders.framework/Versions/A/MetalPerformanceShaders
0x00000000106c3000 	/System/Library/PrivateFrameworks/FaceCore.framework/Versions/A/FaceCore
0x00000000106c3000 	/System/Library/Frameworks/OpenCL.framework/Versions/A/OpenCL
0x00000000106c3000 	/System/Library/Frameworks/OpenGL.framework/Versions/A/Libraries/libGLU.dylib
0x00000000106c3000 	/System/Library/Frameworks/OpenGL.framework/Versions/A/Libraries/libGFXShared.dylib
0x00000000106c3000 	/System/Library/Frameworks/OpenGL.framework/Versions/A/Libraries/libGL.dylib
0x00000000106c3000 	/System/Library/Frameworks/OpenGL.framework/Versions/A/Libraries/libGLImage.dylib
0x00000000106c3000 	/System/Library/Frameworks/OpenGL.framework/Versions/A/Libraries/libCVMSPluginSupport.dylib
0x00000000106c3000 	/System/Library/Frameworks/OpenGL.framework/Versions/A/Libraries/libCoreVMClient.dylib
0x00000000106c3000 	/System/Library/PrivateFrameworks/CrashReporterSupport.framework/Versions/A/CrashReporterSupport
0x00000000106c3000 	/System/Library/PrivateFrameworks/Sharing.framework/Versions/A/Sharing
0x00000000106c3000 	/System/Library/PrivateFrameworks/IconServices.framework/Versions/A/IconServices
0x00000000106c3000 	/System/Library/PrivateFrameworks/ProtocolBuffer.framework/Versions/A/ProtocolBuffer
0x00000000106c3000 	/System/Library/PrivateFrameworks/Apple80211.framework/Versions/A/Apple80211
0x00000000106c3000 	/System/Library/Frameworks/CoreWLAN.framework/Versions/A/CoreWLAN
0x00000000106c3000 	/System/Library/PrivateFrameworks/CoreUtils.framework/Versions/A/CoreUtils
0x00000000106c3000 	/System/Library/Frameworks/IOBluetooth.framework/Versions/A/IOBluetooth
0x00000000106c3000 	/System/Library/PrivateFrameworks/CoreWiFi.framework/Versions/A/CoreWiFi
0x00000000106c3000 	/System/Library/Frameworks/CoreBluetooth.framework/Versions/A/CoreBluetooth
0x00000000106c3000 	/System/Library/Frameworks/CoreDisplay.framework/Versions/A/CoreDisplay
0x00000000106c3000 	/System/Library/PrivateFrameworks/IOPresentment.framework/Versions/A/IOPresentment
0x00000000106c3000 	/System/Library/PrivateFrameworks/DSExternalDisplay.framework/Versions/A/DSExternalDisplay
0x00000000106c3000 	/System/Library/PrivateFrameworks/DebugSymbols.framework/Versions/A/DebugSymbols
0x00000000106c3000 	/System/Library/PrivateFrameworks/CoreSymbolication.framework/Versions/A/CoreSymbolication
0x00000000106c3000 	/System/Library/PrivateFrameworks/Symbolication.framework/Versions/A/Symbolication
0x00000000106c3000 	/System/Library/PrivateFrameworks/AppleFSCompression.framework/Versions/A/AppleFSCompression
0x00000000106c3000 	/System/Library/PrivateFrameworks/SpeechRecognitionCore.framework/Versions/A/SpeechRecognitionCore
0x00000000106c3000 	/System/Library/PrivateFrameworks/ChunkingLibrary.framework/Versions/A/ChunkingLibrary
0x000000010de00000 	/Library/Java/JavaVirtualMachines/jdk1.8.0_131.jdk/Contents/Home/jre/lib/server/libjvm.dylib
0x00000000106c3000 	/usr/lib/libstdc++.6.dylib
0x000000010d8dd000 	/Library/Java/JavaVirtualMachines/jdk1.8.0_131.jdk/Contents/Home/jre/lib/libverify.dylib
0x000000010d8eb000 	/Library/Java/JavaVirtualMachines/jdk1.8.0_131.jdk/Contents/Home/jre/lib/libjava.dylib
0x000000010d92a000 	/Library/Java/JavaVirtualMachines/jdk1.8.0_131.jdk/Contents/Home/jre/lib/libzip.dylib
0x0000000112a75000 	/System/Library/Frameworks/JavaVM.framework/Frameworks/JavaRuntimeSupport.framework/JavaRuntimeSupport
0x0000000112a8f000 	/System/Library/Frameworks/JavaVM.framework/Versions/A/Frameworks/JavaNativeFoundation.framework/Versions/A/JavaNativeFoundation
0x000000010d9f3000 	/System/Library/Frameworks/JavaVM.framework/Versions/A/JavaVM
0x00000000106c3000 	/System/Library/Frameworks/Carbon.framework/Versions/A/Carbon
0x0000000112aa4000 	/System/Library/PrivateFrameworks/JavaLaunching.framework/Versions/A/JavaLaunching
0x00000000106c3000 	/System/Library/Frameworks/Carbon.framework/Versions/A/Frameworks/CommonPanels.framework/Versions/A/CommonPanels
0x00000000106c3000 	/System/Library/Frameworks/Carbon.framework/Versions/A/Frameworks/Help.framework/Versions/A/Help
0x00000000106c3000 	/System/Library/Frameworks/Carbon.framework/Versions/A/Frameworks/ImageCapture.framework/Versions/A/ImageCapture
0x00000000106c3000 	/System/Library/Frameworks/Carbon.framework/Versions/A/Frameworks/OpenScripting.framework/Versions/A/OpenScripting
0x00000000106c3000 	/System/Library/Frameworks/Carbon.framework/Versions/A/Frameworks/Print.framework/Versions/A/Print
0x00000000106c3000 	/System/Library/Frameworks/Carbon.framework/Versions/A/Frameworks/SecurityHI.framework/Versions/A/SecurityHI

VM Arguments:
jvm_args: -Djava.library.path=/Users/sohanabel/git/VeriTransformations/VeritestingTransformations/lib/ -Xmx1024m -ea -Dfile.encoding=UTF-8 
java_command: /Users/sohanabel/git/VeriTransformations/jpf-core-veritesting/build/RunJPF.jar /Users/sohanabel/git/VeriTransformations/VeritestingTransformations/src/examples/UnbeliveablySimplePad.jpf
java_class_path (initial): /Users/sohanabel/git/VeriTransformations/jpf-core-veritesting/build/RunJPF.jar
Launcher Type: SUN_STANDARD

Environment Variables:
JAVA_HOME=/Library/Java/JavaVirtualMachines/jdk1.8.0_131.jdk/Contents/Home
PATH=/usr/local/opt/llvm/bin:/opt/local/bin:/opt/local/sbin:/usr/local/bin:/usr/bin:/bin:/usr/sbin:/sbin:/opt/X11/bin:/Library/TeX/texbin/opt/local/bin:/opt/local/sbin:~/aspectj1.8/bin:~/apache-maven-3.5.0/bin:~/z3
SHELL=/bin/bash
DISPLAY=/private/tmp/com.apple.launchd.Brq8kHQiBO/org.macosforge.xquartz:0

Signal Handlers:
SIGSEGV: [libjvm.dylib+0x5b1eb1], sa_mask[0]=11111111011111110111111111111111, sa_flags=SA_ONSTACK|SA_RESTART|SA_SIGINFO
SIGBUS: [libjvm.dylib+0x5b1eb1], sa_mask[0]=11111111011111110111111111111111, sa_flags=SA_RESTART|SA_SIGINFO
SIGFPE: [libjvm.dylib+0x488988], sa_mask[0]=11111111011111110111111111111111, sa_flags=SA_RESTART|SA_SIGINFO
SIGPIPE: [libjvm.dylib+0x488988], sa_mask[0]=11111111011111110111111111111111, sa_flags=SA_RESTART|SA_SIGINFO
SIGXFSZ: [libjvm.dylib+0x488988], sa_mask[0]=11111111011111110111111111111111, sa_flags=SA_RESTART|SA_SIGINFO
SIGILL: [libjvm.dylib+0x488988], sa_mask[0]=11111111011111110111111111111111, sa_flags=SA_RESTART|SA_SIGINFO
SIGUSR1: SIG_DFL, sa_mask[0]=00000000000000000000000000000000, sa_flags=none
SIGUSR2: [libjvm.dylib+0x4884a6], sa_mask[0]=00100000000000000000000000000000, sa_flags=SA_RESTART|SA_SIGINFO
SIGHUP: [libjvm.dylib+0x486a7d], sa_mask[0]=11111111011111110111111111111111, sa_flags=SA_RESTART|SA_SIGINFO
SIGINT: [libjvm.dylib+0x486a7d], sa_mask[0]=11111111011111110111111111111111, sa_flags=SA_RESTART|SA_SIGINFO
SIGTERM: [libjvm.dylib+0x486a7d], sa_mask[0]=11111111011111110111111111111111, sa_flags=SA_RESTART|SA_SIGINFO
SIGQUIT: [libjvm.dylib+0x486a7d], sa_mask[0]=11111111011111110111111111111111, sa_flags=SA_RESTART|SA_SIGINFO


---------------  S Y S T E M  ---------------

OS:Bsduname:Darwin 16.7.0 Darwin Kernel Version 16.7.0: Sun Oct 28 22:30:19 PDT 2018; root:xnu-3789.73.27~1/RELEASE_X86_64 x86_64
rlimit: STACK 8192k, CORE 0k, NPROC 709, NOFILE 10240, AS infinity
load average:52.48 43.15 20.26

CPU:total 2 (initial active 2) (2 cores per cpu, 1 threads per core) family 6 model 23 stepping 10, cmov, cx8, fxsr, mmx, sse, sse2, sse3, ssse3, sse4.1, tsc

Memory: 4k page, physical 4194304k(22708k free)

/proc/meminfo:


vm_info: Java HotSpot(TM) 64-Bit Server VM (25.131-b11) for bsd-amd64 JRE (1.8.0_131-b11), built on Mar 15 2017 01:32:22 by "java_re" with gcc 4.2.1 (Based on Apple Inc. build 5658) (LLVM build 2336.11.00)

time: Fri Jan 18 16:16:57 2019
elapsed time: 4 seconds (0d 0h 0m 4s)

