#
# A fatal error has been detected by the Java Runtime Environment:
#
#  SIGBUS (0xa) at pc=0x000000010d7f1e92, pid=7661, tid=0x0000000000000e03
#
# JRE version: Java(TM) SE Runtime Environment (8.0_131-b11) (build 1.8.0_131-b11)
# Java VM: Java HotSpot(TM) 64-Bit Server VM (25.131-b11 mixed mode bsd-amd64 compressed oops)
# Problematic frame:
# C  [libzip.dylib+0x2e92]  newEntry+0x154
#
# Failed to write core dump. Core dumps have been disabled. To enable core dumping, try "ulimit -c unlimited" before starting Java again
#
# If you would like to submit a bug report, please visit:
#   http://bugreport.java.com/bugreport/crash.jsp
# The crash happened outside the Java Virtual Machine in native code.
# See problematic frame for where to report the bug.
#

---------------  T H R E A D  ---------------

Current thread (0x00007f9793002000):  JavaThread "main" [_thread_in_native, id=3587, stack(0x0000700008955000,0x0000700008a55000)]

siginfo: si_signo: 10 (SIGBUS), si_code: 2 (BUS_ADRERR), si_addr: 0x0000000111a1f0f3

Registers:
RAX=0x00007f979242a680, RBX=0x0000000111a1f0e7, RCX=0x0000000000000001, RDX=0x0000000000000700
RSP=0x0000700008a52770, RBP=0x0000700008a527d0, RSI=0x0000000000000040, RDI=0x00000000000007c3
R8 =0x0000000000000048, R9 =0x00007f979247c210, R10=0x00000000ffffffc0, R11=0x0000000000000012
R12=0x00007f97928a8800, R13=0x0000000000000270, R14=0x00000000261fc4c5, R15=0x00007f979257ca80
RIP=0x000000010d7f1e92, EFLAGS=0x0000000000010206, ERR=0x0000000000000004
  TRAPNO=0x000000000000000e

Top of Stack: (sp=0x0000700008a52770)
0x0000700008a52770:   0000700008a53aa0 0000000008a527e0
0x0000700008a52780:   0000700008a527e0 000000002dc72fda
0x0000700008a52790:   0000700008a527b0 00007f979242a680
0x0000700008a527a0:   00007f979247c210 00007f979242a680
0x0000700008a527b0:   00007f97928a8800 0000000000000270
0x0000700008a527c0:   00000000261fc4c5 00007f979257ca80
0x0000700008a527d0:   0000700008a52830 000000010d7f252d
0x0000700008a527e0:   0000700008a5287b 0000700008a5287a
0x0000700008a527f0:   0000002b00000000 0000002c01002000
0x0000700008a52800:   0000700008a5284e 0000700008a52c98
0x0000700008a52810:   000000000000002c 0000700008a5284e
0x0000700008a52820:   00007f979242a680 00007f97930021f8
0x0000700008a52830:   0000700008a52c80 000000010d7f1238
0x0000700008a52840:   0000003408a52860 6f67000700000001
0x0000700008a52850:   6a2f6173616e2f76 63626d79732f6670
0x0000700008a52860:   736574697265562f 7473694c676e6974
0x0000700008a52870:   616c632e72656e65 0000000112007373
0x0000700008a52880:   0000000000000000 0000700008a52fb8
0x0000700008a52890:   0000000100000039 0000700008a52cb8
0x0000700008a528a0:   0000000000000000 0000000100000000
0x0000700008a528b0:   0000000000000000 0000000208a52fa8
0x0000700008a528c0:   0000000000000039 000000010ce15b28
0x0000700008a528d0:   0000700008a53250 0000000000000000
0x0000700008a528e0:   b2265d9945610049 0000000000000000
0x0000700008a528f0:   0000000000000000 0000000000000025
0x0000700008a52900:   0000700008a52950 00007f9793002000
0x0000700008a52910:   00000007abbc0080 00000001120a810e
0x0000700008a52920:   00000007aabe4680 00000007abbb51f0
0x0000700008a52930:   00000007aabe46c0 00000007aabe4568
0x0000700008a52940:   00000000f5777fd8 00000001120a9f1b
0x0000700008a52950:   00000007abb3b958 0000700008a52968
0x0000700008a52960:   00000000f5776a3e 00000001120af98c 

Instructions: (pc=0x000000010d7f1e92)
0x000000010d7f1e72:   49 8b 7f 38 e8 5b 1b 00 00 4d 89 77 38 49 89 5f
0x000000010d7f1e82:   40 4c 89 f0 48 85 c0 0f 84 11 05 00 00 48 89 c3
0x000000010d7f1e92:   0f b6 43 0c 0f b6 4b 0d 48 c1 e1 08 48 01 c1 0f
0x000000010d7f1ea2:   b6 43 0e 0f b6 53 0f 48 c1 e2 08 48 01 c2 48 c1 

Register to memory mapping:

RAX=0x00007f979242a680 is an unknown value
RBX=0x0000000111a1f0e7 is an unknown value
RCX=0x0000000000000001 is an unknown value
RDX=0x0000000000000700 is an unknown value
RSP=0x0000700008a52770 is pointing into the stack for thread: 0x00007f9793002000
RBP=0x0000700008a527d0 is pointing into the stack for thread: 0x00007f9793002000
RSI=0x0000000000000040 is an unknown value
RDI=0x00000000000007c3 is an unknown value
R8 =0x0000000000000048 is an unknown value
R9 =0x00007f979247c210 is an unknown value
R10=0x00000000ffffffc0 is an unknown value
R11=0x0000000000000012 is an unknown value
R12=0x00007f97928a8800 is an unknown value
R13=0x0000000000000270 is an unknown value
R14=0x00000000261fc4c5 is an unknown value
R15=0x00007f979257ca80 is an unknown value


Stack: [0x0000700008955000,0x0000700008a55000],  sp=0x0000700008a52770,  free space=1013k
Native frames: (J=compiled Java code, j=interpreted, Vv=VM code, C=native code)
C  [libzip.dylib+0x2e92]  newEntry+0x154
C  [libzip.dylib+0x352d]  ZIP_GetEntry2+0xd4
C  [libzip.dylib+0x2238]  Java_java_util_zip_ZipFile_getEntry+0xcf
J 126  java.util.zip.ZipFile.getEntry(J[BZ)J (0 bytes) @ 0x00000001120a810e [0x00000001120a8040+0xce]
J 129 C1 java.util.zip.ZipFile.getEntry(Ljava/lang/String;)Ljava/util/zip/ZipEntry; (86 bytes) @ 0x00000001120af98c [0x00000001120af720+0x26c]
J 384 C1 sun.misc.URLClassPath$JarLoader.getResource(Ljava/lang/String;Z)Lsun/misc/Resource; (85 bytes) @ 0x00000001121543cc [0x00000001121541a0+0x22c]
J 313 C2 sun.misc.URLClassPath.getResource(Ljava/lang/String;Z)Lsun/misc/Resource; (83 bytes) @ 0x000000011212aef0 [0x000000011212ada0+0x150]
J 218 C1 java.net.URLClassLoader$1.run()Ljava/lang/Class; (63 bytes) @ 0x00000001120db4ac [0x00000001120db2a0+0x20c]
J 186 C1 java.net.URLClassLoader$1.run()Ljava/lang/Object; (5 bytes) @ 0x00000001120c9a8c [0x00000001120c9a00+0x8c]
v  ~StubRoutines::call_stub
V  [libjvm.dylib+0x2ee5b6]
V  [libjvm.dylib+0x34ed14]
J 168  java.security.AccessController.doPrivileged(Ljava/security/PrivilegedExceptionAction;Ljava/security/AccessControlContext;)Ljava/lang/Object; (0 bytes) @ 0x00000001120be595 [0x00000001120be4c0+0xd5]
J 185 C1 java.net.URLClassLoader.findClass(Ljava/lang/String;)Ljava/lang/Class; (47 bytes) @ 0x00000001120c9214 [0x00000001120c9080+0x194]
J 143 C1 java.lang.ClassLoader.loadClass(Ljava/lang/String;Z)Ljava/lang/Class; (122 bytes) @ 0x00000001120b3384 [0x00000001120b2a20+0x964]
J 223 C1 java.lang.ClassLoader.loadClass(Ljava/lang/String;)Ljava/lang/Class; (7 bytes) @ 0x00000001120decc4 [0x00000001120debc0+0x104]
j  gov.nasa.jpf.Config.getClasses(Ljava/lang/String;)[Ljava/lang/Class;+69
j  gov.nasa.jpf.Config.getInstances(Ljava/lang/String;Ljava/lang/Class;[Ljava/lang/Class;[Ljava/lang/Object;)Ljava/util/ArrayList;+2
j  gov.nasa.jpf.JPF.addListeners()V+149
j  gov.nasa.jpf.JPF.initialize()V+213
j  gov.nasa.jpf.JPF.<init>(Lgov/nasa/jpf/Config;)V+40
j  gov.nasa.jpf.JPF.start(Lgov/nasa/jpf/Config;[Ljava/lang/String;)V+73
v  ~StubRoutines::call_stub
V  [libjvm.dylib+0x2ee5b6]
V  [libjvm.dylib+0x4d3488]
V  [libjvm.dylib+0x4d39bc]
V  [libjvm.dylib+0x3469b8]
j  sun.reflect.NativeMethodAccessorImpl.invoke0(Ljava/lang/reflect/Method;Ljava/lang/Object;[Ljava/lang/Object;)Ljava/lang/Object;+0
j  sun.reflect.NativeMethodAccessorImpl.invoke(Ljava/lang/Object;[Ljava/lang/Object;)Ljava/lang/Object;+100
j  sun.reflect.DelegatingMethodAccessorImpl.invoke(Ljava/lang/Object;[Ljava/lang/Object;)Ljava/lang/Object;+6
j  java.lang.reflect.Method.invoke(Ljava/lang/Object;[Ljava/lang/Object;)Ljava/lang/Object;+56
j  gov.nasa.jpf.tool.Run.call(Ljava/lang/Class;Ljava/lang/String;[Ljava/lang/Object;)Z+68
j  gov.nasa.jpf.tool.RunJPF.main([Ljava/lang/String;)V+175
v  ~StubRoutines::call_stub
V  [libjvm.dylib+0x2ee5b6]
V  [libjvm.dylib+0x3253ce]
V  [libjvm.dylib+0x31e145]
C  [java+0x3931]  JavaMain+0x9c4
C  [libsystem_pthread.dylib+0x393b]  _pthread_body+0xb4
C  [libsystem_pthread.dylib+0x3887]  _pthread_body+0x0
C  [libsystem_pthread.dylib+0x308d]  thread_start+0xd
C  0x0000000000000000

Java frames: (J=compiled Java code, j=interpreted, Vv=VM code)
J 126  java.util.zip.ZipFile.getEntry(J[BZ)J (0 bytes) @ 0x00000001120a8098 [0x00000001120a8040+0x58]
J 129 C1 java.util.zip.ZipFile.getEntry(Ljava/lang/String;)Ljava/util/zip/ZipEntry; (86 bytes) @ 0x00000001120af98c [0x00000001120af720+0x26c]
J 384 C1 sun.misc.URLClassPath$JarLoader.getResource(Ljava/lang/String;Z)Lsun/misc/Resource; (85 bytes) @ 0x00000001121543cc [0x00000001121541a0+0x22c]
J 313 C2 sun.misc.URLClassPath.getResource(Ljava/lang/String;Z)Lsun/misc/Resource; (83 bytes) @ 0x000000011212aef0 [0x000000011212ada0+0x150]
J 218 C1 java.net.URLClassLoader$1.run()Ljava/lang/Class; (63 bytes) @ 0x00000001120db4ac [0x00000001120db2a0+0x20c]
J 186 C1 java.net.URLClassLoader$1.run()Ljava/lang/Object; (5 bytes) @ 0x00000001120c9a8c [0x00000001120c9a00+0x8c]
v  ~StubRoutines::call_stub
J 168  java.security.AccessController.doPrivileged(Ljava/security/PrivilegedExceptionAction;Ljava/security/AccessControlContext;)Ljava/lang/Object; (0 bytes) @ 0x00000001120be523 [0x00000001120be4c0+0x63]
J 185 C1 java.net.URLClassLoader.findClass(Ljava/lang/String;)Ljava/lang/Class; (47 bytes) @ 0x00000001120c9214 [0x00000001120c9080+0x194]
J 143 C1 java.lang.ClassLoader.loadClass(Ljava/lang/String;Z)Ljava/lang/Class; (122 bytes) @ 0x00000001120b3384 [0x00000001120b2a20+0x964]
J 223 C1 java.lang.ClassLoader.loadClass(Ljava/lang/String;)Ljava/lang/Class; (7 bytes) @ 0x00000001120decc4 [0x00000001120debc0+0x104]
j  gov.nasa.jpf.Config.getClasses(Ljava/lang/String;)[Ljava/lang/Class;+69
j  gov.nasa.jpf.Config.getInstances(Ljava/lang/String;Ljava/lang/Class;[Ljava/lang/Class;[Ljava/lang/Object;)Ljava/util/ArrayList;+2
j  gov.nasa.jpf.JPF.addListeners()V+149
j  gov.nasa.jpf.JPF.initialize()V+213
j  gov.nasa.jpf.JPF.<init>(Lgov/nasa/jpf/Config;)V+40
j  gov.nasa.jpf.JPF.start(Lgov/nasa/jpf/Config;[Ljava/lang/String;)V+73
v  ~StubRoutines::call_stub
j  sun.reflect.NativeMethodAccessorImpl.invoke0(Ljava/lang/reflect/Method;Ljava/lang/Object;[Ljava/lang/Object;)Ljava/lang/Object;+0
j  sun.reflect.NativeMethodAccessorImpl.invoke(Ljava/lang/Object;[Ljava/lang/Object;)Ljava/lang/Object;+100
j  sun.reflect.DelegatingMethodAccessorImpl.invoke(Ljava/lang/Object;[Ljava/lang/Object;)Ljava/lang/Object;+6
j  java.lang.reflect.Method.invoke(Ljava/lang/Object;[Ljava/lang/Object;)Ljava/lang/Object;+56
j  gov.nasa.jpf.tool.Run.call(Ljava/lang/Class;Ljava/lang/String;[Ljava/lang/Object;)Z+68
j  gov.nasa.jpf.tool.RunJPF.main([Ljava/lang/String;)V+175
v  ~StubRoutines::call_stub

---------------  P R O C E S S  ---------------

Java Threads: ( => current thread )
  0x00007f9793097800 JavaThread "Service Thread" daemon [_thread_blocked, id=17155, stack(0x00007000093f9000,0x00007000094f9000)]
  0x00007f979281a800 JavaThread "C1 CompilerThread1" daemon [_thread_blocked, id=16643, stack(0x00007000092f6000,0x00007000093f6000)]
  0x00007f97930a5800 JavaThread "C2 CompilerThread0" daemon [_thread_blocked, id=16131, stack(0x00007000091f3000,0x00007000092f3000)]
  0x00007f979283a000 JavaThread "Signal Dispatcher" daemon [_thread_blocked, id=15619, stack(0x00007000090f0000,0x00007000091f0000)]
  0x00007f9793044000 JavaThread "Finalizer" daemon [_thread_blocked, id=11267, stack(0x0000700008fed000,0x00007000090ed000)]
  0x00007f979303b800 JavaThread "Reference Handler" daemon [_thread_blocked, id=10755, stack(0x0000700008eea000,0x0000700008fea000)]
=>0x00007f9793002000 JavaThread "main" [_thread_in_native, id=3587, stack(0x0000700008955000,0x0000700008a55000)]

Other Threads:
  0x00007f979303b000 VMThread [stack: 0x0000700008de7000,0x0000700008ee7000] [id=10243]
  0x00007f9793098800 WatcherThread [stack: 0x00007000094fc000,0x00007000095fc000] [id=17667]

VM state:not at safepoint (normal execution)

VM Mutex/Monitor currently owned by a thread: None

Heap:
 PSYoungGen      total 18944K, used 3680K [0x00000007aab00000, 0x00000007ac000000, 0x00000007c0000000)
  eden space 16384K, 6% used [0x00000007aab00000,0x00000007aac1c488,0x00000007abb00000)
  from space 2560K, 99% used [0x00000007abb00000,0x00000007abd7bd90,0x00000007abd80000)
  to   space 2560K, 0% used [0x00000007abd80000,0x00000007abd80000,0x00000007ac000000)
 ParOldGen       total 44032K, used 865K [0x0000000780000000, 0x0000000782b00000, 0x00000007aab00000)
  object space 44032K, 1% used [0x0000000780000000,0x00000007800d86e8,0x0000000782b00000)
 Metaspace       used 7459K, capacity 7718K, committed 7808K, reserved 1056768K
  class space    used 1045K, capacity 1106K, committed 1152K, reserved 1048576K

Card table byte_map: [0x000000010dfc0000,0x000000010e1c1000] byte_map_base: 0x000000010a3c0000

Marking Bits: (ParMarkBitMap*) 0x000000010d0f0ea0
 Begin Bits: [0x000000010e317000, 0x000000010f317000)
 End Bits:   [0x000000010f317000, 0x0000000110317000)

Polling page: 0x000000010d7e5000

CodeCache: size=245760Kb used=1996Kb max_used=1996Kb free=243763Kb
 bounds [0x0000000111f62000, 0x00000001121d2000, 0x0000000120f62000]
 total_blobs=667 nmethods=385 adapters=198
 compilation: enabled

Compilation events (10 events):
Event: 2.601 Thread 0x00007f979281a800  382       3       java.util.StringTokenizer::scanToken (179 bytes)
Event: 2.607 Thread 0x00007f979281a800 nmethod 382 0x000000011214f090 code [0x000000011214f320, 0x00000001121505d8]
Event: 2.607 Thread 0x00007f979281a800  381       3       java.util.StringTokenizer::skipDelimiters (116 bytes)
Event: 2.608 Thread 0x00007f979281a800 nmethod 381 0x0000000112152650 code [0x0000000112152860, 0x00000001121533f8]
Event: 2.626 Thread 0x00007f979281a800  383       1       java.lang.Class::getClassLoader0 (5 bytes)
Event: 2.626 Thread 0x00007f979281a800 nmethod 383 0x0000000112153c90 code [0x0000000112153de0, 0x0000000112153ef0]
Event: 2.629 Thread 0x00007f979281a800  384   !   3       sun.misc.URLClassPath$JarLoader::getResource (85 bytes)
Event: 2.630 Thread 0x00007f979281a800 nmethod 384 0x0000000112153f50 code [0x00000001121541a0, 0x0000000112154d88]
Event: 2.631 Thread 0x00007f979281a800  385       3       java.lang.String::replace (127 bytes)
Event: 2.632 Thread 0x00007f979281a800 nmethod 385 0x00000001121554d0 code [0x0000000112155680, 0x0000000112155d30]

GC Heap History (2 events):
Event: 2.417 GC heap before
{Heap before GC invocations=1 (full 0):
 PSYoungGen      total 18944K, used 16384K [0x00000007aab00000, 0x00000007ac000000, 0x00000007c0000000)
  eden space 16384K, 100% used [0x00000007aab00000,0x00000007abb00000,0x00000007abb00000)
  from space 2560K, 0% used [0x00000007abd80000,0x00000007abd80000,0x00000007ac000000)
  to   space 2560K, 0% used [0x00000007abb00000,0x00000007abb00000,0x00000007abd80000)
 ParOldGen       total 44032K, used 0K [0x0000000780000000, 0x0000000782b00000, 0x00000007aab00000)
  object space 44032K, 0% used [0x0000000780000000,0x0000000780000000,0x0000000782b00000)
 Metaspace       used 6618K, capacity 7554K, committed 7680K, reserved 1056768K
  class space    used 956K, capacity 1006K, committed 1024K, reserved 1048576K
Event: 2.432 GC heap after
Heap after GC invocations=1 (full 0):
 PSYoungGen      total 18944K, used 2543K [0x00000007aab00000, 0x00000007ac000000, 0x00000007c0000000)
  eden space 16384K, 0% used [0x00000007aab00000,0x00000007aab00000,0x00000007abb00000)
  from space 2560K, 99% used [0x00000007abb00000,0x00000007abd7bd90,0x00000007abd80000)
  to   space 2560K, 0% used [0x00000007abd80000,0x00000007abd80000,0x00000007ac000000)
 ParOldGen       total 44032K, used 865K [0x0000000780000000, 0x0000000782b00000, 0x00000007aab00000)
  object space 44032K, 1% used [0x0000000780000000,0x00000007800d86e8,0x0000000782b00000)
 Metaspace       used 6618K, capacity 7554K, committed 7680K, reserved 1056768K
  class space    used 956K, capacity 1006K, committed 1024K, reserved 1048576K
}

Deoptimization events (4 events):
Event: 2.572 Thread 0x00007f9793002000 Uncommon trap: reason=unstable_if action=reinterpret pc=0x00000001120d2c7c method=sun.misc.URLClassPath.getLoader(I)Lsun/misc/URLClassPath$Loader; @ 36
Event: 2.572 Thread 0x00007f9793002000 Uncommon trap: reason=unstable_if action=reinterpret pc=0x00000001120d665c method=sun.misc.URLClassPath.getLoader(I)Lsun/misc/URLClassPath$Loader; @ 36
Event: 2.573 Thread 0x00007f9793002000 Uncommon trap: reason=unstable_if action=reinterpret pc=0x00000001120e09bc method=sun.misc.MetaIndex.mayContain(Ljava/lang/String;)Z @ 13
Event: 2.610 Thread 0x00007f9793002000 Uncommon trap: reason=unstable_if action=reinterpret pc=0x00000001120f2630 method=java.lang.String.replace(CC)Ljava/lang/String; @ 26

Internal exceptions (8 events):
Event: 0.135 Thread 0x00007f9793002000 Exception <a 'java/lang/NoSuchMethodError': Method sun.misc.Unsafe.defineClass(Ljava/lang/String;[BII)Ljava/lang/Class; name or signature does not match> (0x00000007aab07ca8) thrown at [/Users/java_re/workspace/8-2-build-macosx-x86_64/jdk8u131/8869/hotspo
Event: 0.135 Thread 0x00007f9793002000 Exception <a 'java/lang/NoSuchMethodError': Method sun.misc.Unsafe.prefetchRead(Ljava/lang/Object;J)V name or signature does not match> (0x00000007aab07f90) thrown at [/Users/java_re/workspace/8-2-build-macosx-x86_64/jdk8u131/8869/hotspot/src/share/vm/pri
Event: 0.664 Thread 0x00007f9793002000 Exception <a 'java/security/PrivilegedActionException'> (0x00000007aad86128) thrown at [/Users/java_re/workspace/8-2-build-macosx-x86_64/jdk8u131/8869/hotspot/src/share/vm/prims/jvm.cpp, line 1390]
Event: 0.664 Thread 0x00007f9793002000 Exception <a 'java/security/PrivilegedActionException'> (0x00000007aad86338) thrown at [/Users/java_re/workspace/8-2-build-macosx-x86_64/jdk8u131/8869/hotspot/src/share/vm/prims/jvm.cpp, line 1390]
Event: 2.573 Thread 0x00007f9793002000 Exception <a 'java/security/PrivilegedActionException'> (0x00000007aab9a068) thrown at [/Users/java_re/workspace/8-2-build-macosx-x86_64/jdk8u131/8869/hotspot/src/share/vm/prims/jvm.cpp, line 1390]
Event: 2.573 Thread 0x00007f9793002000 Exception <a 'java/security/PrivilegedActionException'> (0x00000007aab9a648) thrown at [/Users/java_re/workspace/8-2-build-macosx-x86_64/jdk8u131/8869/hotspot/src/share/vm/prims/jvm.cpp, line 1390]
Event: 2.573 Thread 0x00007f9793002000 Exception <a 'java/security/PrivilegedActionException'> (0x00000007aab9df30) thrown at [/Users/java_re/workspace/8-2-build-macosx-x86_64/jdk8u131/8869/hotspot/src/share/vm/prims/jvm.cpp, line 1390]
Event: 2.573 Thread 0x00007f9793002000 Exception <a 'java/security/PrivilegedActionException'> (0x00000007aab9e510) thrown at [/Users/java_re/workspace/8-2-build-macosx-x86_64/jdk8u131/8869/hotspot/src/share/vm/prims/jvm.cpp, line 1390]

Events (10 events):
Event: 2.629 loading class gov/nasa/jpf/ListenerAdapter
Event: 2.629 loading class gov/nasa/jpf/ListenerAdapter done
Event: 2.630 loading class gov/nasa/jpf/util/Misc
Event: 2.630 loading class gov/nasa/jpf/util/Misc done
Event: 2.641 loading class gov/nasa/jpf/util/Misc$1
Event: 2.641 loading class gov/nasa/jpf/util/Misc$1 done
Event: 2.642 loading class gov/nasa/jpf/util/Misc$2
Event: 2.642 loading class gov/nasa/jpf/util/Misc$2 done
Event: 2.644 loading class gov/nasa/jpf/symbc/VeritestingListener
Event: 2.644 loading class gov/nasa/jpf/symbc/VeritestingListener done


Dynamic libraries:
0x0000000032f87000 	/System/Library/Frameworks/Cocoa.framework/Versions/A/Cocoa
0x0000000032f87000 	/System/Library/Frameworks/Security.framework/Versions/A/Security
0x0000000032f87000 	/System/Library/Frameworks/ApplicationServices.framework/Versions/A/ApplicationServices
0x0000000032f87000 	/usr/lib/libz.1.dylib
0x0000000032f87000 	/usr/lib/libSystem.B.dylib
0x0000000032f87000 	/usr/lib/libobjc.A.dylib
0x0000000032f87000 	/System/Library/Frameworks/CoreFoundation.framework/Versions/A/CoreFoundation
0x0000000032f87000 	/System/Library/Frameworks/Foundation.framework/Versions/C/Foundation
0x0000000032f87000 	/System/Library/Frameworks/AppKit.framework/Versions/C/AppKit
0x0000000032f87000 	/System/Library/Frameworks/CoreData.framework/Versions/A/CoreData
0x0000000032f87000 	/System/Library/PrivateFrameworks/RemoteViewServices.framework/Versions/A/RemoteViewServices
0x0000000032f87000 	/System/Library/PrivateFrameworks/UIFoundation.framework/Versions/A/UIFoundation
0x0000000032f87000 	/System/Library/PrivateFrameworks/DFRFoundation.framework/Versions/A/DFRFoundation
0x0000000032f87000 	/usr/lib/libenergytrace.dylib
0x0000000032f87000 	/System/Library/PrivateFrameworks/SkyLight.framework/Versions/A/SkyLight
0x0000000032f87000 	/System/Library/Frameworks/CoreGraphics.framework/Versions/A/CoreGraphics
0x0000000032f87000 	/usr/lib/libScreenReader.dylib
0x0000000032f87000 	/System/Library/Frameworks/Accelerate.framework/Versions/A/Accelerate
0x0000000032f87000 	/System/Library/Frameworks/IOSurface.framework/Versions/A/IOSurface
0x0000000032f87000 	/System/Library/Frameworks/AudioToolbox.framework/Versions/A/AudioToolbox
0x0000000032f87000 	/System/Library/Frameworks/AudioUnit.framework/Versions/A/AudioUnit
0x0000000032f87000 	/System/Library/PrivateFrameworks/DataDetectorsCore.framework/Versions/A/DataDetectorsCore
0x0000000032f87000 	/System/Library/PrivateFrameworks/DesktopServicesPriv.framework/Versions/A/DesktopServicesPriv
0x0000000032f87000 	/System/Library/Frameworks/Carbon.framework/Versions/A/Frameworks/HIToolbox.framework/Versions/A/HIToolbox
0x0000000032f87000 	/usr/lib/libicucore.A.dylib
0x0000000032f87000 	/System/Library/Frameworks/QuartzCore.framework/Versions/A/QuartzCore
0x0000000032f87000 	/System/Library/Frameworks/Carbon.framework/Versions/A/Frameworks/SpeechRecognition.framework/Versions/A/SpeechRecognition
0x0000000032f87000 	/usr/lib/libauto.dylib
0x0000000032f87000 	/usr/lib/libxml2.2.dylib
0x0000000032f87000 	/System/Library/PrivateFrameworks/CoreUI.framework/Versions/A/CoreUI
0x0000000032f87000 	/System/Library/Frameworks/CoreAudio.framework/Versions/A/CoreAudio
0x0000000032f87000 	/System/Library/Frameworks/DiskArbitration.framework/Versions/A/DiskArbitration
0x0000000032f87000 	/usr/lib/liblangid.dylib
0x0000000032f87000 	/System/Library/PrivateFrameworks/MultitouchSupport.framework/Versions/A/MultitouchSupport
0x0000000032f87000 	/System/Library/Frameworks/IOKit.framework/Versions/A/IOKit
0x0000000032f87000 	/usr/lib/libDiagnosticMessagesClient.dylib
0x0000000032f87000 	/System/Library/Frameworks/CoreServices.framework/Versions/A/CoreServices
0x0000000032f87000 	/System/Library/PrivateFrameworks/PerformanceAnalysis.framework/Versions/A/PerformanceAnalysis
0x0000000032f87000 	/System/Library/PrivateFrameworks/GenerationalStorage.framework/Versions/A/GenerationalStorage
0x0000000032f87000 	/System/Library/Frameworks/OpenGL.framework/Versions/A/OpenGL
0x0000000032f87000 	/System/Library/Frameworks/CoreImage.framework/Versions/A/CoreImage
0x0000000032f87000 	/System/Library/Frameworks/CoreText.framework/Versions/A/CoreText
0x0000000032f87000 	/System/Library/Frameworks/ImageIO.framework/Versions/A/ImageIO
0x0000000032f87000 	/System/Library/PrivateFrameworks/Backup.framework/Versions/A/Backup
0x0000000032f87000 	/usr/lib/libarchive.2.dylib
0x0000000032f87000 	/System/Library/Frameworks/CFNetwork.framework/Versions/A/CFNetwork
0x0000000032f87000 	/System/Library/Frameworks/SystemConfiguration.framework/Versions/A/SystemConfiguration
0x0000000032f87000 	/usr/lib/libCRFSuite.dylib
0x0000000032f87000 	/usr/lib/libc++.1.dylib
0x0000000032f87000 	/usr/lib/libc++abi.dylib
0x0000000032f87000 	/usr/lib/system/libcache.dylib
0x0000000032f87000 	/usr/lib/system/libcommonCrypto.dylib
0x0000000032f87000 	/usr/lib/system/libcompiler_rt.dylib
0x0000000032f87000 	/usr/lib/system/libcopyfile.dylib
0x0000000032f87000 	/usr/lib/system/libcorecrypto.dylib
0x0000000032f87000 	/usr/lib/system/libdispatch.dylib
0x0000000032f87000 	/usr/lib/system/libdyld.dylib
0x0000000032f87000 	/usr/lib/system/libkeymgr.dylib
0x0000000032f87000 	/usr/lib/system/liblaunch.dylib
0x0000000032f87000 	/usr/lib/system/libmacho.dylib
0x0000000032f87000 	/usr/lib/system/libquarantine.dylib
0x0000000032f87000 	/usr/lib/system/libremovefile.dylib
0x0000000032f87000 	/usr/lib/system/libsystem_asl.dylib
0x0000000032f87000 	/usr/lib/system/libsystem_blocks.dylib
0x0000000032f87000 	/usr/lib/system/libsystem_c.dylib
0x0000000032f87000 	/usr/lib/system/libsystem_configuration.dylib
0x0000000032f87000 	/usr/lib/system/libsystem_coreservices.dylib
0x0000000032f87000 	/usr/lib/system/libsystem_coretls.dylib
0x0000000032f87000 	/usr/lib/system/libsystem_dnssd.dylib
0x0000000032f87000 	/usr/lib/system/libsystem_info.dylib
0x0000000032f87000 	/usr/lib/system/libsystem_kernel.dylib
0x0000000032f87000 	/usr/lib/system/libsystem_m.dylib
0x0000000032f87000 	/usr/lib/system/libsystem_malloc.dylib
0x0000000032f87000 	/usr/lib/system/libsystem_network.dylib
0x0000000032f87000 	/usr/lib/system/libsystem_networkextension.dylib
0x0000000032f87000 	/usr/lib/system/libsystem_notify.dylib
0x0000000032f87000 	/usr/lib/system/libsystem_platform.dylib
0x0000000032f87000 	/usr/lib/system/libsystem_pthread.dylib
0x0000000032f87000 	/usr/lib/system/libsystem_sandbox.dylib
0x0000000032f87000 	/usr/lib/system/libsystem_secinit.dylib
0x0000000032f87000 	/usr/lib/system/libsystem_symptoms.dylib
0x0000000032f87000 	/usr/lib/system/libsystem_trace.dylib
0x0000000032f87000 	/usr/lib/system/libunwind.dylib
0x0000000032f87000 	/usr/lib/system/libxpc.dylib
0x0000000032f87000 	/usr/lib/libbsm.0.dylib
0x0000000032f87000 	/usr/lib/system/libkxld.dylib
0x0000000032f87000 	/usr/lib/libcoretls.dylib
0x0000000032f87000 	/usr/lib/libcoretls_cfhelpers.dylib
0x0000000032f87000 	/usr/lib/libOpenScriptingUtil.dylib
0x0000000032f87000 	/usr/lib/libpam.2.dylib
0x0000000032f87000 	/usr/lib/libsqlite3.dylib
0x0000000032f87000 	/usr/lib/libxar.1.dylib
0x0000000032f87000 	/usr/lib/libbz2.1.0.dylib
0x0000000032f87000 	/usr/lib/liblzma.5.dylib
0x0000000032f87000 	/usr/lib/libnetwork.dylib
0x0000000032f87000 	/usr/lib/libpcap.A.dylib
0x0000000032f87000 	/System/Library/Frameworks/CoreServices.framework/Versions/A/Frameworks/FSEvents.framework/Versions/A/FSEvents
0x0000000032f87000 	/System/Library/Frameworks/CoreServices.framework/Versions/A/Frameworks/CarbonCore.framework/Versions/A/CarbonCore
0x0000000032f87000 	/System/Library/Frameworks/CoreServices.framework/Versions/A/Frameworks/Metadata.framework/Versions/A/Metadata
0x0000000032f87000 	/System/Library/Frameworks/CoreServices.framework/Versions/A/Frameworks/OSServices.framework/Versions/A/OSServices
0x0000000032f87000 	/System/Library/Frameworks/CoreServices.framework/Versions/A/Frameworks/SearchKit.framework/Versions/A/SearchKit
0x0000000032f87000 	/System/Library/Frameworks/CoreServices.framework/Versions/A/Frameworks/AE.framework/Versions/A/AE
0x0000000032f87000 	/System/Library/Frameworks/CoreServices.framework/Versions/A/Frameworks/LaunchServices.framework/Versions/A/LaunchServices
0x0000000032f87000 	/System/Library/Frameworks/CoreServices.framework/Versions/A/Frameworks/DictionaryServices.framework/Versions/A/DictionaryServices
0x0000000032f87000 	/System/Library/Frameworks/CoreServices.framework/Versions/A/Frameworks/SharedFileList.framework/Versions/A/SharedFileList
0x0000000032f87000 	/System/Library/Frameworks/NetFS.framework/Versions/A/NetFS
0x0000000032f87000 	/System/Library/PrivateFrameworks/NetAuth.framework/Versions/A/NetAuth
0x0000000032f87000 	/System/Library/PrivateFrameworks/login.framework/Versions/A/Frameworks/loginsupport.framework/Versions/A/loginsupport
0x0000000032f87000 	/System/Library/PrivateFrameworks/TCC.framework/Versions/A/TCC
0x0000000032f87000 	/usr/lib/libmecabra.dylib
0x0000000032f87000 	/System/Library/Frameworks/ApplicationServices.framework/Versions/A/Frameworks/ATS.framework/Versions/A/ATS
0x0000000032f87000 	/System/Library/Frameworks/ApplicationServices.framework/Versions/A/Frameworks/ColorSync.framework/Versions/A/ColorSync
0x0000000032f87000 	/System/Library/Frameworks/ApplicationServices.framework/Versions/A/Frameworks/HIServices.framework/Versions/A/HIServices
0x0000000032f87000 	/System/Library/Frameworks/ApplicationServices.framework/Versions/A/Frameworks/LangAnalysis.framework/Versions/A/LangAnalysis
0x0000000032f87000 	/System/Library/Frameworks/ApplicationServices.framework/Versions/A/Frameworks/PrintCore.framework/Versions/A/PrintCore
0x0000000032f87000 	/System/Library/Frameworks/ApplicationServices.framework/Versions/A/Frameworks/QD.framework/Versions/A/QD
0x0000000032f87000 	/System/Library/Frameworks/ApplicationServices.framework/Versions/A/Frameworks/SpeechSynthesis.framework/Versions/A/SpeechSynthesis
0x0000000032f87000 	/System/Library/Frameworks/Accelerate.framework/Versions/A/Frameworks/vImage.framework/Versions/A/vImage
0x0000000032f87000 	/System/Library/Frameworks/Accelerate.framework/Versions/A/Frameworks/vecLib.framework/Versions/A/vecLib
0x0000000032f87000 	/System/Library/Frameworks/Accelerate.framework/Versions/A/Frameworks/vecLib.framework/Versions/A/libvDSP.dylib
0x0000000032f87000 	/System/Library/Frameworks/Accelerate.framework/Versions/A/Frameworks/vecLib.framework/Versions/A/libBNNS.dylib
0x0000000032f87000 	/System/Library/Frameworks/Accelerate.framework/Versions/A/Frameworks/vecLib.framework/Versions/A/libQuadrature.dylib
0x0000000032f87000 	/System/Library/Frameworks/Accelerate.framework/Versions/A/Frameworks/vecLib.framework/Versions/A/libvMisc.dylib
0x0000000032f87000 	/System/Library/Frameworks/Accelerate.framework/Versions/A/Frameworks/vecLib.framework/Versions/A/libLAPACK.dylib
0x0000000032f87000 	/System/Library/Frameworks/Accelerate.framework/Versions/A/Frameworks/vecLib.framework/Versions/A/libBLAS.dylib
0x0000000032f87000 	/System/Library/Frameworks/Accelerate.framework/Versions/A/Frameworks/vecLib.framework/Versions/A/libLinearAlgebra.dylib
0x0000000032f87000 	/System/Library/Frameworks/Accelerate.framework/Versions/A/Frameworks/vecLib.framework/Versions/A/libSparseBLAS.dylib
0x0000000032f87000 	/System/Library/Frameworks/ApplicationServices.framework/Versions/A/Frameworks/ATS.framework/Versions/A/Resources/libFontParser.dylib
0x0000000032f87000 	/System/Library/Frameworks/ApplicationServices.framework/Versions/A/Frameworks/ATS.framework/Versions/A/Resources/libFontRegistry.dylib
0x0000000032f87000 	/System/Library/Frameworks/ImageIO.framework/Versions/A/Resources/libJPEG.dylib
0x0000000032f87000 	/System/Library/Frameworks/ImageIO.framework/Versions/A/Resources/libTIFF.dylib
0x0000000032f87000 	/System/Library/Frameworks/ImageIO.framework/Versions/A/Resources/libPng.dylib
0x0000000032f87000 	/System/Library/Frameworks/ImageIO.framework/Versions/A/Resources/libGIF.dylib
0x0000000032f87000 	/System/Library/Frameworks/ImageIO.framework/Versions/A/Resources/libJP2.dylib
0x0000000032f87000 	/System/Library/Frameworks/ImageIO.framework/Versions/A/Resources/libRadiance.dylib
0x0000000032f87000 	/usr/lib/libcompression.dylib
0x0000000032f87000 	/System/Library/PrivateFrameworks/AppleJPEG.framework/Versions/A/AppleJPEG
0x0000000032f87000 	/usr/lib/libcups.2.dylib
0x0000000032f87000 	/System/Library/Frameworks/Kerberos.framework/Versions/A/Kerberos
0x0000000032f87000 	/System/Library/Frameworks/GSS.framework/Versions/A/GSS
0x0000000032f87000 	/usr/lib/libresolv.9.dylib
0x0000000032f87000 	/usr/lib/libiconv.2.dylib
0x0000000032f87000 	/System/Library/PrivateFrameworks/Heimdal.framework/Versions/A/Heimdal
0x0000000032f87000 	/usr/lib/libheimdal-asn1.dylib
0x0000000032f87000 	/System/Library/Frameworks/OpenDirectory.framework/Versions/A/OpenDirectory
0x0000000032f87000 	/System/Library/PrivateFrameworks/CommonAuth.framework/Versions/A/CommonAuth
0x0000000032f87000 	/System/Library/Frameworks/OpenDirectory.framework/Versions/A/Frameworks/CFOpenDirectory.framework/Versions/A/CFOpenDirectory
0x0000000032f87000 	/System/Library/Frameworks/SecurityFoundation.framework/Versions/A/SecurityFoundation
0x0000000032f87000 	/System/Library/PrivateFrameworks/LanguageModeling.framework/Versions/A/LanguageModeling
0x0000000032f87000 	/usr/lib/libmarisa.dylib
0x0000000032f87000 	/usr/lib/libChineseTokenizer.dylib
0x0000000032f87000 	/usr/lib/libcmph.dylib
0x0000000032f87000 	/System/Library/PrivateFrameworks/CoreEmoji.framework/Versions/A/CoreEmoji
0x0000000032f87000 	/System/Library/Frameworks/ServiceManagement.framework/Versions/A/ServiceManagement
0x0000000032f87000 	/usr/lib/libxslt.1.dylib
0x0000000032f87000 	/System/Library/Frameworks/Carbon.framework/Versions/A/Frameworks/Ink.framework/Versions/A/Ink
0x0000000032f87000 	/System/Library/PrivateFrameworks/TextureIO.framework/Versions/A/TextureIO
0x0000000032f87000 	/System/Library/Frameworks/Metal.framework/Versions/A/Metal
0x0000000032f87000 	/usr/lib/libate.dylib
0x0000000032f87000 	/System/Library/PrivateFrameworks/GPUCompiler.framework/libmetal_timestamp.dylib
0x0000000032f87000 	/System/Library/Frameworks/OpenGL.framework/Versions/A/Libraries/libCoreFSCache.dylib
0x0000000032f87000 	/System/Library/PrivateFrameworks/IOAccelerator.framework/Versions/A/IOAccelerator
0x0000000032f87000 	/System/Library/Frameworks/CoreVideo.framework/Versions/A/CoreVideo
0x0000000032f87000 	/usr/lib/libFosl_dynamic.dylib
0x0000000032f87000 	/System/Library/PrivateFrameworks/MetalPerformanceShaders.framework/Versions/A/MetalPerformanceShaders
0x0000000032f87000 	/System/Library/PrivateFrameworks/FaceCore.framework/Versions/A/FaceCore
0x0000000032f87000 	/System/Library/Frameworks/OpenCL.framework/Versions/A/OpenCL
0x0000000032f87000 	/System/Library/Frameworks/OpenGL.framework/Versions/A/Libraries/libGLU.dylib
0x0000000032f87000 	/System/Library/Frameworks/OpenGL.framework/Versions/A/Libraries/libGFXShared.dylib
0x0000000032f87000 	/System/Library/Frameworks/OpenGL.framework/Versions/A/Libraries/libGL.dylib
0x0000000032f87000 	/System/Library/Frameworks/OpenGL.framework/Versions/A/Libraries/libGLImage.dylib
0x0000000032f87000 	/System/Library/Frameworks/OpenGL.framework/Versions/A/Libraries/libCVMSPluginSupport.dylib
0x0000000032f87000 	/System/Library/Frameworks/OpenGL.framework/Versions/A/Libraries/libCoreVMClient.dylib
0x0000000032f87000 	/System/Library/PrivateFrameworks/CrashReporterSupport.framework/Versions/A/CrashReporterSupport
0x0000000032f87000 	/System/Library/PrivateFrameworks/Sharing.framework/Versions/A/Sharing
0x0000000032f87000 	/System/Library/PrivateFrameworks/IconServices.framework/Versions/A/IconServices
0x0000000032f87000 	/System/Library/PrivateFrameworks/ProtocolBuffer.framework/Versions/A/ProtocolBuffer
0x0000000032f87000 	/System/Library/PrivateFrameworks/Apple80211.framework/Versions/A/Apple80211
0x0000000032f87000 	/System/Library/Frameworks/CoreWLAN.framework/Versions/A/CoreWLAN
0x0000000032f87000 	/System/Library/PrivateFrameworks/CoreUtils.framework/Versions/A/CoreUtils
0x0000000032f87000 	/System/Library/Frameworks/IOBluetooth.framework/Versions/A/IOBluetooth
0x0000000032f87000 	/System/Library/PrivateFrameworks/CoreWiFi.framework/Versions/A/CoreWiFi
0x0000000032f87000 	/System/Library/Frameworks/CoreBluetooth.framework/Versions/A/CoreBluetooth
0x0000000032f87000 	/System/Library/Frameworks/CoreDisplay.framework/Versions/A/CoreDisplay
0x0000000032f87000 	/System/Library/PrivateFrameworks/IOPresentment.framework/Versions/A/IOPresentment
0x0000000032f87000 	/System/Library/PrivateFrameworks/DSExternalDisplay.framework/Versions/A/DSExternalDisplay
0x0000000032f87000 	/System/Library/PrivateFrameworks/DebugSymbols.framework/Versions/A/DebugSymbols
0x0000000032f87000 	/System/Library/PrivateFrameworks/CoreSymbolication.framework/Versions/A/CoreSymbolication
0x0000000032f87000 	/System/Library/PrivateFrameworks/Symbolication.framework/Versions/A/Symbolication
0x0000000032f87000 	/System/Library/PrivateFrameworks/AppleFSCompression.framework/Versions/A/AppleFSCompression
0x0000000032f87000 	/System/Library/PrivateFrameworks/SpeechRecognitionCore.framework/Versions/A/SpeechRecognitionCore
0x0000000032f87000 	/System/Library/PrivateFrameworks/ChunkingLibrary.framework/Versions/A/ChunkingLibrary
0x000000010c7ff000 	/Library/Java/JavaVirtualMachines/jdk1.8.0_131.jdk/Contents/Home/jre/lib/server/libjvm.dylib
0x0000000032f87000 	/usr/lib/libstdc++.6.dylib
0x000000010d7a2000 	/Library/Java/JavaVirtualMachines/jdk1.8.0_131.jdk/Contents/Home/jre/lib/libverify.dylib
0x000000010d7b0000 	/Library/Java/JavaVirtualMachines/jdk1.8.0_131.jdk/Contents/Home/jre/lib/libjava.dylib
0x000000010d7ef000 	/Library/Java/JavaVirtualMachines/jdk1.8.0_131.jdk/Contents/Home/jre/lib/libzip.dylib
0x0000000111992000 	/System/Library/Frameworks/JavaVM.framework/Frameworks/JavaRuntimeSupport.framework/JavaRuntimeSupport
0x00000001119ac000 	/System/Library/Frameworks/JavaVM.framework/Versions/A/Frameworks/JavaNativeFoundation.framework/Versions/A/JavaNativeFoundation
0x00000001119c1000 	/System/Library/Frameworks/JavaVM.framework/Versions/A/JavaVM
0x0000000032f87000 	/System/Library/Frameworks/Carbon.framework/Versions/A/Carbon
0x00000001119ce000 	/System/Library/PrivateFrameworks/JavaLaunching.framework/Versions/A/JavaLaunching
0x0000000032f87000 	/System/Library/Frameworks/Carbon.framework/Versions/A/Frameworks/CommonPanels.framework/Versions/A/CommonPanels
0x0000000032f87000 	/System/Library/Frameworks/Carbon.framework/Versions/A/Frameworks/Help.framework/Versions/A/Help
0x0000000032f87000 	/System/Library/Frameworks/Carbon.framework/Versions/A/Frameworks/ImageCapture.framework/Versions/A/ImageCapture
0x0000000032f87000 	/System/Library/Frameworks/Carbon.framework/Versions/A/Frameworks/OpenScripting.framework/Versions/A/OpenScripting
0x0000000032f87000 	/System/Library/Frameworks/Carbon.framework/Versions/A/Frameworks/Print.framework/Versions/A/Print
0x0000000032f87000 	/System/Library/Frameworks/Carbon.framework/Versions/A/Frameworks/SecurityHI.framework/Versions/A/SecurityHI

VM Arguments:
jvm_args: -Djava.library.path=/Users/sohanabel/git/VeriTransformations/jpf-symbc-veritesting/lib -Xmx1024m -ea -Dfile.encoding=UTF-8 
java_command: /Users/sohanabel/git/VeriTransformations/jpf-core-veritesting/build/RunJPF.jar /Users/sohanabel/git/VeriTransformations/jpf-symbc-veritesting/src/examples/VeritestingPerf.jpf
java_class_path (initial): /Users/sohanabel/git/VeriTransformations/jpf-core-veritesting/build/RunJPF.jar
Launcher Type: SUN_STANDARD

Environment Variables:
JAVA_HOME=/Library/Java/JavaVirtualMachines/jdk1.8.0_131.jdk/Contents/Home
PATH=/opt/local/bin:/opt/local/sbin:/usr/local/bin:/usr/bin:/bin:/usr/sbin:/sbin:/Library/TeX/texbin/opt/local/bin:/opt/local/sbin:~/aspectj1.8/bin:~/apache-maven-3.5.0/bin
SHELL=/bin/bash

Signal Handlers:
SIGSEGV: [libjvm.dylib+0x5b1eb1], sa_mask[0]=11111111011111110111111111111111, sa_flags=SA_ONSTACK|SA_RESTART|SA_SIGINFO
SIGBUS: [libjvm.dylib+0x5b1eb1], sa_mask[0]=11111111011111110111111111111111, sa_flags=SA_RESTART|SA_SIGINFO
SIGFPE: [libjvm.dylib+0x488988], sa_mask[0]=11111111011111110111111111111111, sa_flags=SA_RESTART|SA_SIGINFO
SIGPIPE: [libjvm.dylib+0x488988], sa_mask[0]=11111111011111110111111111111111, sa_flags=SA_RESTART|SA_SIGINFO
SIGXFSZ: [libjvm.dylib+0x488988], sa_mask[0]=11111111011111110111111111111111, sa_flags=SA_RESTART|SA_SIGINFO
SIGILL: [libjvm.dylib+0x488988], sa_mask[0]=11111111011111110111111111111111, sa_flags=SA_RESTART|SA_SIGINFO
SIGUSR1: SIG_DFL, sa_mask[0]=00000000000000000000000000000000, sa_flags=none
SIGUSR2: [libjvm.dylib+0x4884a6], sa_mask[0]=00100000000000000000000000000000, sa_flags=SA_RESTART|SA_SIGINFO
SIGHUP: [libjvm.dylib+0x486a7d], sa_mask[0]=11111111011111110111111111111111, sa_flags=SA_RESTART|SA_SIGINFO
SIGINT: [libjvm.dylib+0x486a7d], sa_mask[0]=11111111011111110111111111111111, sa_flags=SA_RESTART|SA_SIGINFO
SIGTERM: [libjvm.dylib+0x486a7d], sa_mask[0]=11111111011111110111111111111111, sa_flags=SA_RESTART|SA_SIGINFO
SIGQUIT: [libjvm.dylib+0x486a7d], sa_mask[0]=11111111011111110111111111111111, sa_flags=SA_RESTART|SA_SIGINFO


---------------  S Y S T E M  ---------------

OS:Bsduname:Darwin 16.7.0 Darwin Kernel Version 16.7.0: Tue Jan 30 11:27:06 PST 2018; root:xnu-3789.73.11~1/RELEASE_X86_64 x86_64
rlimit: STACK 8192k, CORE 0k, NPROC 709, NOFILE 10240, AS infinity
load average:2.93 2.64 2.68

CPU:total 2 (initial active 2) (2 cores per cpu, 1 threads per core) family 6 model 23 stepping 10, cmov, cx8, fxsr, mmx, sse, sse2, sse3, ssse3, sse4.1, tsc

Memory: 4k page, physical 4194304k(36084k free)

/proc/meminfo:


vm_info: Java HotSpot(TM) 64-Bit Server VM (25.131-b11) for bsd-amd64 JRE (1.8.0_131-b11), built on Mar 15 2017 01:32:22 by "java_re" with gcc 4.2.1 (Based on Apple Inc. build 5658) (LLVM build 2336.11.00)

time: Wed Jul 18 17:30:52 2018
elapsed time: 2 seconds (0d 0h 0m 2s)

