#
# A fatal error has been detected by the Java Runtime Environment:
#
#  SIGBUS (0xa) at pc=0x000000010784de92, pid=43494, tid=0x0000000000001c03
#
# JRE version: Java(TM) SE Runtime Environment (8.0_131-b11) (build 1.8.0_131-b11)
# Java VM: Java HotSpot(TM) 64-Bit Server VM (25.131-b11 mixed mode bsd-amd64 compressed oops)
# Problematic frame:
# C  [libzip.dylib+0x2e92]  newEntry+0x154
#
# Failed to write core dump. Core dumps have been disabled. To enable core dumping, try "ulimit -c unlimited" before starting Java again
#
# If you would like to submit a bug report, please visit:
#   http://bugreport.java.com/bugreport/crash.jsp
# The crash happened outside the Java Virtual Machine in native code.
# See problematic frame for where to report the bug.
#

---------------  T H R E A D  ---------------

Current thread (0x00007f82a6008000):  JavaThread "main" [_thread_in_native, id=7171, stack(0x00007000023cf000,0x00007000024cf000)]

siginfo: si_signo: 10 (SIGBUS), si_code: 2 (BUS_ADRERR), si_addr: 0x000000010cf35595

Registers:
RAX=0x00007f82a5c5ca60, RBX=0x000000010cf35589, RCX=0x0000000000000001, RDX=0x0000000000000700
RSP=0x00007000024c80d0, RBP=0x00007000024c8130, RSI=0x0000000004000000, RDI=0x0000000000000773
R8 =0x0000000000000048, R9 =0x00007f82a5d77350, R10=0x00000000fc000000, R11=0x0000000000000001
R12=0x00007f82a60c5400, R13=0x00000000000003f0, R14=0x00000000855ab2da, R15=0x00007f82a5d3e4f0
RIP=0x000000010784de92, EFLAGS=0x0000000000010202, ERR=0x0000000000000004
  TRAPNO=0x000000000000000e

Top of Stack: (sp=0x00007000024c80d0)
0x00007000024c80d0:   0000000000000b10 00000000024c8160
0x00007000024c80e0:   0000000000000006 0000000000000b10
0x00007000024c80f0:   00007000024c8110 00007f82a5c5ca60
0x00007000024c8100:   00007f82a5d77350 00007f82a5c5ca60
0x00007000024c8110:   00007f82a60c5400 00000000000003f0
0x00007000024c8120:   00000000855ab2da 00007f82a5d3e4f0
0x00007000024c8130:   00007000024c8190 000000010784e52d
0x00007000024c8140:   00007000024c81d6 00007000024c81d5
0x00007000024c8150:   0000002600000000 0000002701008000
0x00007000024c8160:   00007000024c81ae 00007000024c85f8
0x00007000024c8170:   0000000000000027 00007000024c81ae
0x00007000024c8180:   00007f82a5c5ca60 00007f82a60081f8
0x00007000024c8190:   00007000024c85e0 000000010784d238
0x00007000024c81a0:   00007000024c8fc0 6f67000100000001
0x00007000024c81b0:   6a2f6173616e2f76 63626d79732f6670
0x00007000024c81c0:   646f63657479622f 2e44414f4c412f65
0x00007000024c81d0:   0000007373616c63 00007000024c9290
0x00007000024c81e0:   00007000024c9290 0000000100000000
0x00007000024c81f0:   0000000000000001 00007f82a5d76040
0x00007000024c8200:   00007f82a5d70100 00007f82a6008000
0x00007000024c8210:   00007f82a6914a00 000000010a193e5e
0x00007000024c8220:   00000001000000b6 000000010a193ef0
0x00007000024c8230:   00007f82a6008000 00007f82a6008000
0x00007000024c8240:   00007f82a5c10230 00007f82a6242e00
0x00007000024c8250:   00007f82a6242e40 00007f82a624ade8
0x00007000024c8260:   00000000000080b0 00007000024c9550
0x00007000024c8270:   00007000024c91e0 00007f8200000000
0x00007000024c8280:   00007000024c9080 00007000024c8eb0
0x00007000024c8290:   00007000024c9420 000000011422009c
0x00007000024c82a0:   000000011421fe10 0000700000000000
0x00007000024c82b0:   00007000024c94f0 00007000024c9420
0x00007000024c82c0:   00007000024c9060 00007000024c9420 

Instructions: (pc=0x000000010784de92)
0x000000010784de72:   49 8b 7f 38 e8 5b 1b 00 00 4d 89 77 38 49 89 5f
0x000000010784de82:   40 4c 89 f0 48 85 c0 0f 84 11 05 00 00 48 89 c3
0x000000010784de92:   0f b6 43 0c 0f b6 4b 0d 48 c1 e1 08 48 01 c1 0f
0x000000010784dea2:   b6 43 0e 0f b6 53 0f 48 c1 e2 08 48 01 c2 48 c1 

Register to memory mapping:

RAX=0x00007f82a5c5ca60 is an unknown value
RBX=0x000000010cf35589 is an unknown value
RCX=0x0000000000000001 is an unknown value
RDX=0x0000000000000700 is an unknown value
RSP=0x00007000024c80d0 is pointing into the stack for thread: 0x00007f82a6008000
RBP=0x00007000024c8130 is pointing into the stack for thread: 0x00007f82a6008000
RSI=0x0000000004000000 is an unknown value
RDI=0x0000000000000773 is an unknown value
R8 =0x0000000000000048 is an unknown value
R9 =0x00007f82a5d77350 is an unknown value
R10=0x00000000fc000000 is an unknown value
R11=0x0000000000000001 is an unknown value
R12=0x00007f82a60c5400 is an unknown value
R13=0x00000000000003f0 is an unknown value
R14=0x00000000855ab2da is an unknown value
R15=0x00007f82a5d3e4f0 is an unknown value


Stack: [0x00007000023cf000,0x00007000024cf000],  sp=0x00007000024c80d0,  free space=996k
Native frames: (J=compiled Java code, j=interpreted, Vv=VM code, C=native code)
C  [libzip.dylib+0x2e92]  newEntry+0x154
C  [libzip.dylib+0x352d]  ZIP_GetEntry2+0xd4
C  [libzip.dylib+0x2238]  Java_java_util_zip_ZipFile_getEntry+0xcf
J 127  java.util.zip.ZipFile.getEntry(J[BZ)J (0 bytes) @ 0x00000001141ec0ce [0x00000001141ec000+0xce]
J 226 C2 sun.misc.URLClassPath$JarLoader.getResource(Ljava/lang/String;Z)Lsun/misc/Resource; (85 bytes) @ 0x0000000114228ee4 [0x0000000114228a20+0x4c4]
J 162 C1 sun.misc.URLClassPath.getResource(Ljava/lang/String;Z)Lsun/misc/Resource; (83 bytes) @ 0x00000001141fe6ec [0x00000001141fe580+0x16c]
J 193 C1 java.net.URLClassLoader$1.run()Ljava/lang/Class; (63 bytes) @ 0x000000011420e784 [0x000000011420e560+0x224]
J 192 C1 java.net.URLClassLoader$1.run()Ljava/lang/Object; (5 bytes) @ 0x000000011420e1d4 [0x000000011420e140+0x94]
v  ~StubRoutines::call_stub
V  [libjvm.dylib+0x2ee5b6]
V  [libjvm.dylib+0x34ed14]
J 167  java.security.AccessController.doPrivileged(Ljava/security/PrivilegedExceptionAction;Ljava/security/AccessControlContext;)Ljava/lang/Object; (0 bytes) @ 0x0000000114200095 [0x00000001141fffc0+0xd5]
J 191 C1 java.net.URLClassLoader.findClass(Ljava/lang/String;)Ljava/lang/Class; (47 bytes) @ 0x000000011420d87c [0x000000011420d6e0+0x19c]
j  java.lang.ClassLoader.loadClass(Ljava/lang/String;Z)Ljava/lang/Class;+70
J 230 C1 java.lang.ClassLoader.loadClass(Ljava/lang/String;)Ljava/lang/Class; (7 bytes) @ 0x000000011422009c [0x000000011421ff80+0x11c]
v  ~StubRoutines::call_stub
V  [libjvm.dylib+0x2ee5b6]
V  [libjvm.dylib+0x2eed5a]
V  [libjvm.dylib+0x2eeeb2]
V  [libjvm.dylib+0x53ca02]
V  [libjvm.dylib+0x53c1ca]
V  [libjvm.dylib+0x53cc1e]
V  [libjvm.dylib+0x53d2d1]
V  [libjvm.dylib+0x58809a]
V  [libjvm.dylib+0x50976f]
V  [libjvm.dylib+0x508d7e]
V  [libjvm.dylib+0x509191]
V  [libjvm.dylib+0x50a651]
V  [libjvm.dylib+0x50a74d]
V  [libjvm.dylib+0x50a7d6]
V  [libjvm.dylib+0x59091a]
V  [libjvm.dylib+0x5a7426]
V  [libjvm.dylib+0x5a809a]
V  [libjvm.dylib+0x2c1fa7]
V  [libjvm.dylib+0x2c2309]
V  [libjvm.dylib+0x34cb62]
V  [libjvm.dylib+0x34d08a]
j  java.lang.Class.getDeclaredConstructors0(Z)[Ljava/lang/reflect/Constructor;+0
j  java.lang.Class.privateGetDeclaredConstructors(Z)[Ljava/lang/reflect/Constructor;+58
j  java.lang.Class.getConstructor0([Ljava/lang/Class;I)Ljava/lang/reflect/Constructor;+10
j  java.lang.Class.getConstructor([Ljava/lang/Class;)Ljava/lang/reflect/Constructor;+12
j  gov.nasa.jpf.Config.getInstance(Ljava/lang/String;Ljava/lang/Class;Ljava/lang/Class;[Ljava/lang/Class;[Ljava/lang/Object;Ljava/lang/String;)Ljava/lang/Object;+61
j  gov.nasa.jpf.Config.getEssentialInstance(Ljava/lang/String;Ljava/lang/Class;[Ljava/lang/Class;[Ljava/lang/Object;)Ljava/lang/Object;+24
j  gov.nasa.jpf.Config.getEssentialInstance(Ljava/lang/String;Ljava/lang/Class;)Ljava/lang/Object;+26
j  gov.nasa.jpf.jvm.JVMSystemClassLoaderInfo.createDefaultCodeBuilder(Lgov/nasa/jpf/Config;I)Lgov/nasa/jpf/jvm/JVMCodeBuilder;+12
j  gov.nasa.jpf.jvm.JVMSystemClassLoaderInfo.<init>(Lgov/nasa/jpf/vm/VM;I)V+12
v  ~StubRoutines::call_stub
V  [libjvm.dylib+0x2ee5b6]
V  [libjvm.dylib+0x4d3488]
V  [libjvm.dylib+0x4d37cd]
V  [libjvm.dylib+0x3467e1]
j  sun.reflect.NativeConstructorAccessorImpl.newInstance0(Ljava/lang/reflect/Constructor;[Ljava/lang/Object;)Ljava/lang/Object;+0
j  sun.reflect.NativeConstructorAccessorImpl.newInstance([Ljava/lang/Object;)Ljava/lang/Object;+85
j  sun.reflect.DelegatingConstructorAccessorImpl.newInstance([Ljava/lang/Object;)Ljava/lang/Object;+5
j  java.lang.reflect.Constructor.newInstance([Ljava/lang/Object;)Ljava/lang/Object;+79
j  gov.nasa.jpf.Config.getInstance(Ljava/lang/String;Ljava/lang/Class;Ljava/lang/Class;[Ljava/lang/Class;[Ljava/lang/Object;Ljava/lang/String;)Ljava/lang/Object;+70
j  gov.nasa.jpf.Config.getEssentialInstance(Ljava/lang/String;Ljava/lang/Class;[Ljava/lang/Class;[Ljava/lang/Object;)Ljava/lang/Object;+24
j  gov.nasa.jpf.vm.VM.createSystemClassLoaderInfo(I)Lgov/nasa/jpf/vm/SystemClassLoaderInfo;+42
j  gov.nasa.jpf.vm.SingleProcessVM.createApplicationContext()Lgov/nasa/jpf/vm/ApplicationContext;+164
j  gov.nasa.jpf.vm.SingleProcessVM.<init>(Lgov/nasa/jpf/JPF;Lgov/nasa/jpf/Config;)V+8
v  ~StubRoutines::call_stub
V  [libjvm.dylib+0x2ee5b6]
V  [libjvm.dylib+0x4d3488]
V  [libjvm.dylib+0x4d37cd]
V  [libjvm.dylib+0x3467e1]
j  sun.reflect.NativeConstructorAccessorImpl.newInstance0(Ljava/lang/reflect/Constructor;[Ljava/lang/Object;)Ljava/lang/Object;+0
j  sun.reflect.NativeConstructorAccessorImpl.newInstance([Ljava/lang/Object;)Ljava/lang/Object;+85
j  sun.reflect.DelegatingConstructorAccessorImpl.newInstance([Ljava/lang/Object;)Ljava/lang/Object;+5
j  java.lang.reflect.Constructor.newInstance([Ljava/lang/Object;)Ljava/lang/Object;+79
j  gov.nasa.jpf.Config.getInstance(Ljava/lang/String;Ljava/lang/Class;Ljava/lang/Class;[Ljava/lang/Class;[Ljava/lang/Object;Ljava/lang/String;)Ljava/lang/Object;+70
j  gov.nasa.jpf.Config.getEssentialInstance(Ljava/lang/String;Ljava/lang/Class;[Ljava/lang/Class;[Ljava/lang/Object;)Ljava/lang/Object;+24
j  gov.nasa.jpf.JPF.initialize()V+74
j  gov.nasa.jpf.JPF.<init>(Lgov/nasa/jpf/Config;)V+40
j  gov.nasa.jpf.JPF.start(Lgov/nasa/jpf/Config;[Ljava/lang/String;)V+73
v  ~StubRoutines::call_stub
V  [libjvm.dylib+0x2ee5b6]
V  [libjvm.dylib+0x4d3488]
V  [libjvm.dylib+0x4d39bc]
V  [libjvm.dylib+0x3469b8]
j  sun.reflect.NativeMethodAccessorImpl.invoke0(Ljava/lang/reflect/Method;Ljava/lang/Object;[Ljava/lang/Object;)Ljava/lang/Object;+0
j  sun.reflect.NativeMethodAccessorImpl.invoke(Ljava/lang/Object;[Ljava/lang/Object;)Ljava/lang/Object;+100
j  sun.reflect.DelegatingMethodAccessorImpl.invoke(Ljava/lang/Object;[Ljava/lang/Object;)Ljava/lang/Object;+6
j  java.lang.reflect.Method.invoke(Ljava/lang/Object;[Ljava/lang/Object;)Ljava/lang/Object;+56
j  gov.nasa.jpf.tool.Run.call(Ljava/lang/Class;Ljava/lang/String;[Ljava/lang/Object;)Z+68
j  gov.nasa.jpf.tool.RunJPF.main([Ljava/lang/String;)V+175
v  ~StubRoutines::call_stub
V  [libjvm.dylib+0x2ee5b6]
V  [libjvm.dylib+0x3253ce]
V  [libjvm.dylib+0x31e145]
C  [java+0x3931]  JavaMain+0x9c4
C  [libsystem_pthread.dylib+0x393b]  _pthread_body+0xb4
C  [libsystem_pthread.dylib+0x3887]  _pthread_body+0x0
C  [libsystem_pthread.dylib+0x308d]  thread_start+0xd
C  0x0000000000000000

Java frames: (J=compiled Java code, j=interpreted, Vv=VM code)
J 127  java.util.zip.ZipFile.getEntry(J[BZ)J (0 bytes) @ 0x00000001141ec058 [0x00000001141ec000+0x58]
J 226 C2 sun.misc.URLClassPath$JarLoader.getResource(Ljava/lang/String;Z)Lsun/misc/Resource; (85 bytes) @ 0x0000000114228ee4 [0x0000000114228a20+0x4c4]
J 162 C1 sun.misc.URLClassPath.getResource(Ljava/lang/String;Z)Lsun/misc/Resource; (83 bytes) @ 0x00000001141fe6ec [0x00000001141fe580+0x16c]
J 193 C1 java.net.URLClassLoader$1.run()Ljava/lang/Class; (63 bytes) @ 0x000000011420e784 [0x000000011420e560+0x224]
J 192 C1 java.net.URLClassLoader$1.run()Ljava/lang/Object; (5 bytes) @ 0x000000011420e1d4 [0x000000011420e140+0x94]
v  ~StubRoutines::call_stub
J 167  java.security.AccessController.doPrivileged(Ljava/security/PrivilegedExceptionAction;Ljava/security/AccessControlContext;)Ljava/lang/Object; (0 bytes) @ 0x0000000114200023 [0x00000001141fffc0+0x63]
J 191 C1 java.net.URLClassLoader.findClass(Ljava/lang/String;)Ljava/lang/Class; (47 bytes) @ 0x000000011420d87c [0x000000011420d6e0+0x19c]
j  java.lang.ClassLoader.loadClass(Ljava/lang/String;Z)Ljava/lang/Class;+70
J 230 C1 java.lang.ClassLoader.loadClass(Ljava/lang/String;)Ljava/lang/Class; (7 bytes) @ 0x000000011422009c [0x000000011421ff80+0x11c]
v  ~StubRoutines::call_stub
j  java.lang.Class.getDeclaredConstructors0(Z)[Ljava/lang/reflect/Constructor;+0
j  java.lang.Class.privateGetDeclaredConstructors(Z)[Ljava/lang/reflect/Constructor;+58
j  java.lang.Class.getConstructor0([Ljava/lang/Class;I)Ljava/lang/reflect/Constructor;+10
j  java.lang.Class.getConstructor([Ljava/lang/Class;)Ljava/lang/reflect/Constructor;+12
j  gov.nasa.jpf.Config.getInstance(Ljava/lang/String;Ljava/lang/Class;Ljava/lang/Class;[Ljava/lang/Class;[Ljava/lang/Object;Ljava/lang/String;)Ljava/lang/Object;+61
j  gov.nasa.jpf.Config.getEssentialInstance(Ljava/lang/String;Ljava/lang/Class;[Ljava/lang/Class;[Ljava/lang/Object;)Ljava/lang/Object;+24
j  gov.nasa.jpf.Config.getEssentialInstance(Ljava/lang/String;Ljava/lang/Class;)Ljava/lang/Object;+26
j  gov.nasa.jpf.jvm.JVMSystemClassLoaderInfo.createDefaultCodeBuilder(Lgov/nasa/jpf/Config;I)Lgov/nasa/jpf/jvm/JVMCodeBuilder;+12
j  gov.nasa.jpf.jvm.JVMSystemClassLoaderInfo.<init>(Lgov/nasa/jpf/vm/VM;I)V+12
v  ~StubRoutines::call_stub
j  sun.reflect.NativeConstructorAccessorImpl.newInstance0(Ljava/lang/reflect/Constructor;[Ljava/lang/Object;)Ljava/lang/Object;+0
j  sun.reflect.NativeConstructorAccessorImpl.newInstance([Ljava/lang/Object;)Ljava/lang/Object;+85
j  sun.reflect.DelegatingConstructorAccessorImpl.newInstance([Ljava/lang/Object;)Ljava/lang/Object;+5
j  java.lang.reflect.Constructor.newInstance([Ljava/lang/Object;)Ljava/lang/Object;+79
j  gov.nasa.jpf.Config.getInstance(Ljava/lang/String;Ljava/lang/Class;Ljava/lang/Class;[Ljava/lang/Class;[Ljava/lang/Object;Ljava/lang/String;)Ljava/lang/Object;+70
j  gov.nasa.jpf.Config.getEssentialInstance(Ljava/lang/String;Ljava/lang/Class;[Ljava/lang/Class;[Ljava/lang/Object;)Ljava/lang/Object;+24
j  gov.nasa.jpf.vm.VM.createSystemClassLoaderInfo(I)Lgov/nasa/jpf/vm/SystemClassLoaderInfo;+42
j  gov.nasa.jpf.vm.SingleProcessVM.createApplicationContext()Lgov/nasa/jpf/vm/ApplicationContext;+164
j  gov.nasa.jpf.vm.SingleProcessVM.<init>(Lgov/nasa/jpf/JPF;Lgov/nasa/jpf/Config;)V+8
v  ~StubRoutines::call_stub
j  sun.reflect.NativeConstructorAccessorImpl.newInstance0(Ljava/lang/reflect/Constructor;[Ljava/lang/Object;)Ljava/lang/Object;+0
j  sun.reflect.NativeConstructorAccessorImpl.newInstance([Ljava/lang/Object;)Ljava/lang/Object;+85
j  sun.reflect.DelegatingConstructorAccessorImpl.newInstance([Ljava/lang/Object;)Ljava/lang/Object;+5
j  java.lang.reflect.Constructor.newInstance([Ljava/lang/Object;)Ljava/lang/Object;+79
j  gov.nasa.jpf.Config.getInstance(Ljava/lang/String;Ljava/lang/Class;Ljava/lang/Class;[Ljava/lang/Class;[Ljava/lang/Object;Ljava/lang/String;)Ljava/lang/Object;+70
j  gov.nasa.jpf.Config.getEssentialInstance(Ljava/lang/String;Ljava/lang/Class;[Ljava/lang/Class;[Ljava/lang/Object;)Ljava/lang/Object;+24
j  gov.nasa.jpf.JPF.initialize()V+74
j  gov.nasa.jpf.JPF.<init>(Lgov/nasa/jpf/Config;)V+40
j  gov.nasa.jpf.JPF.start(Lgov/nasa/jpf/Config;[Ljava/lang/String;)V+73
v  ~StubRoutines::call_stub
j  sun.reflect.NativeMethodAccessorImpl.invoke0(Ljava/lang/reflect/Method;Ljava/lang/Object;[Ljava/lang/Object;)Ljava/lang/Object;+0
j  sun.reflect.NativeMethodAccessorImpl.invoke(Ljava/lang/Object;[Ljava/lang/Object;)Ljava/lang/Object;+100
j  sun.reflect.DelegatingMethodAccessorImpl.invoke(Ljava/lang/Object;[Ljava/lang/Object;)Ljava/lang/Object;+6
j  java.lang.reflect.Method.invoke(Ljava/lang/Object;[Ljava/lang/Object;)Ljava/lang/Object;+56
j  gov.nasa.jpf.tool.Run.call(Ljava/lang/Class;Ljava/lang/String;[Ljava/lang/Object;)Z+68
j  gov.nasa.jpf.tool.RunJPF.main([Ljava/lang/String;)V+175
v  ~StubRoutines::call_stub

---------------  P R O C E S S  ---------------

Java Threads: ( => current thread )
  0x00007f82a60a3800 JavaThread "Service Thread" daemon [_thread_blocked, id=18691, stack(0x0000700002ff3000,0x00007000030f3000)]
  0x00007f82a681a800 JavaThread "C1 CompilerThread1" daemon [_thread_blocked, id=18179, stack(0x0000700002ef0000,0x0000700002ff0000)]
  0x00007f82a681a000 JavaThread "C2 CompilerThread0" daemon [_thread_blocked, id=17667, stack(0x0000700002ded000,0x0000700002eed000)]
  0x00007f82a681c800 JavaThread "JDWP Command Reader" daemon [_thread_in_native, id=17155, stack(0x0000700002cea000,0x0000700002dea000)]
  0x00007f82a60a5800 JavaThread "JDWP Event Helper Thread" daemon [_thread_blocked, id=16643, stack(0x0000700002be7000,0x0000700002ce7000)]
  0x00007f82a60a4800 JavaThread "JDWP Transport Listener: dt_socket" daemon [_thread_blocked, id=16131, stack(0x0000700002ae4000,0x0000700002be4000)]
  0x00007f82a608f000 JavaThread "Signal Dispatcher" daemon [_thread_blocked, id=15619, stack(0x00007000029e1000,0x0000700002ae1000)]
  0x00007f82a6805000 JavaThread "Finalizer" daemon [_thread_blocked, id=11523, stack(0x00007000028de000,0x00007000029de000)]
  0x00007f82a607e000 JavaThread "Reference Handler" daemon [_thread_blocked, id=11011, stack(0x00007000027db000,0x00007000028db000)]
=>0x00007f82a6008000 JavaThread "main" [_thread_in_native, id=7171, stack(0x00007000023cf000,0x00007000024cf000)]

Other Threads:
  0x00007f82a6804800 VMThread [stack: 0x00007000026d8000,0x00007000027d8000] [id=10499]
  0x00007f82a6869000 WatcherThread [stack: 0x00007000030f6000,0x00007000031f6000] [id=19203]

VM state:not at safepoint (normal execution)

VM Mutex/Monitor currently owned by a thread: None

Heap:
 PSYoungGen      total 18944K, used 13776K [0x00000007aab00000, 0x00000007ac000000, 0x00000007c0000000)
  eden space 16384K, 84% used [0x00000007aab00000,0x00000007ab874240,0x00000007abb00000)
  from space 2560K, 0% used [0x00000007abd80000,0x00000007abd80000,0x00000007ac000000)
  to   space 2560K, 0% used [0x00000007abb00000,0x00000007abb00000,0x00000007abd80000)
 ParOldGen       total 44032K, used 0K [0x0000000780000000, 0x0000000782b00000, 0x00000007aab00000)
  object space 44032K, 0% used [0x0000000780000000,0x0000000780000000,0x0000000782b00000)
 Metaspace       used 5873K, capacity 6846K, committed 7040K, reserved 1056768K
  class space    used 762K, capacity 810K, committed 896K, reserved 1048576K

Card table byte_map: [0x0000000107c14000,0x0000000107e15000] byte_map_base: 0x0000000104014000

Marking Bits: (ParMarkBitMap*) 0x0000000106cf8ea0
 Begin Bits: [0x0000000107f6b000, 0x0000000108f6b000)
 End Bits:   [0x0000000108f6b000, 0x0000000109f6b000)

Polling page: 0x00000001073ed000

CodeCache: size=245760Kb used=1766Kb max_used=1778Kb free=243993Kb
 bounds [0x00000001140a4000, 0x0000000114314000, 0x00000001230a4000]
 total_blobs=560 nmethods=316 adapters=168
 compilation: enabled

Compilation events (10 events):
Event: 2.703 Thread 0x00007f82a681a800  311   !   3       java.util.zip.ZipFile::releaseInflater (41 bytes)
Event: 2.703 Thread 0x00007f82a681a800 nmethod 311 0x000000011425c090 code [0x000000011425c240, 0x000000011425c998]
Event: 2.703 Thread 0x00007f82a681a800  312   !   3       java.util.zip.Inflater::reset (69 bytes)
Event: 2.704 Thread 0x00007f82a681a800 nmethod 312 0x000000011425cd10 code [0x000000011425cea0, 0x000000011425d318]
Event: 2.829 Thread 0x00007f82a681a800  314       3       java.util.ArrayDeque::add (7 bytes)
Event: 2.829 Thread 0x00007f82a681a800 nmethod 314 0x0000000114252f10 code [0x0000000114253080, 0x0000000114253228]
Event: 2.829 Thread 0x00007f82a681a800  315       3       java.util.ArrayDeque::addLast (53 bytes)
Event: 2.830 Thread 0x00007f82a681a800 nmethod 315 0x000000011425d510 code [0x000000011425d6c0, 0x000000011425daf8]
Event: 2.904 Thread 0x00007f82a681a000  316       4       java.lang.String::<init> (82 bytes)
Event: 2.908 Thread 0x00007f82a681a000 nmethod 316 0x0000000114260cd0 code [0x0000000114260e40, 0x0000000114261238]

GC Heap History (0 events):
No events

Deoptimization events (0 events):
No events

Internal exceptions (4 events):
Event: 0.049 Thread 0x00007f82a6008000 Exception <a 'java/lang/NoSuchMethodError': Method sun.misc.Unsafe.defineClass(Ljava/lang/String;[BII)Ljava/lang/Class; name or signature does not match> (0x00000007aab07ca8) thrown at [/Users/java_re/workspace/8-2-build-macosx-x86_64/jdk8u131/8869/hotspo
Event: 0.050 Thread 0x00007f82a6008000 Exception <a 'java/lang/NoSuchMethodError': Method sun.misc.Unsafe.prefetchRead(Ljava/lang/Object;J)V name or signature does not match> (0x00000007aab07f90) thrown at [/Users/java_re/workspace/8-2-build-macosx-x86_64/jdk8u131/8869/hotspot/src/share/vm/pri
Event: 0.740 Thread 0x00007f82a6008000 Exception <a 'java/security/PrivilegedActionException'> (0x00000007aadea028) thrown at [/Users/java_re/workspace/8-2-build-macosx-x86_64/jdk8u131/8869/hotspot/src/share/vm/prims/jvm.cpp, line 1390]
Event: 0.740 Thread 0x00007f82a6008000 Exception <a 'java/security/PrivilegedActionException'> (0x00000007aadea238) thrown at [/Users/java_re/workspace/8-2-build-macosx-x86_64/jdk8u131/8869/hotspot/src/share/vm/prims/jvm.cpp, line 1390]

Events (10 events):
Event: 2.912 Thread 0x00007f82a6008000 DEOPT PACKING pc=0x00000001141f70d4 sp=0x00007000024c8ec0
Event: 2.912 Thread 0x00007f82a6008000 DEOPT UNPACKING pc=0x00000001140eaf73 sp=0x00007000024c8d00 mode 1
Event: 2.912 Thread 0x00007f82a6008000 DEOPT PACKING pc=0x00000001141f6e74 sp=0x00007000024c9050
Event: 2.912 Thread 0x00007f82a6008000 DEOPT UNPACKING pc=0x00000001140eaf73 sp=0x00007000024c8e90 mode 1
Event: 2.912 Thread 0x00007f82a6008000 DEOPT PACKING pc=0x000000011420da31 sp=0x00007000024c9090
Event: 2.912 Thread 0x00007f82a6008000 DEOPT UNPACKING pc=0x00000001140eaf73 sp=0x00007000024c8e10 mode 1
Event: 2.912 Thread 0x00007f82a6008000 DEOPT PACKING pc=0x0000000114227f2c sp=0x00007000024c91e0
Event: 2.912 Thread 0x00007f82a6008000 DEOPT UNPACKING pc=0x00000001140eaf73 sp=0x00007000024c8f78 mode 1
Event: 2.912 Thread 0x00007f82a6008000 DEOPT PACKING pc=0x00000001141f6e74 sp=0x00007000024c9290
Event: 2.912 Thread 0x00007f82a6008000 DEOPT UNPACKING pc=0x00000001140eaf73 sp=0x00007000024c90d0 mode 1


Dynamic libraries:
0x0000000032154000 	/System/Library/Frameworks/Cocoa.framework/Versions/A/Cocoa
0x0000000032154000 	/System/Library/Frameworks/Security.framework/Versions/A/Security
0x0000000032154000 	/System/Library/Frameworks/ApplicationServices.framework/Versions/A/ApplicationServices
0x0000000032154000 	/usr/lib/libz.1.dylib
0x0000000032154000 	/usr/lib/libSystem.B.dylib
0x0000000032154000 	/usr/lib/libobjc.A.dylib
0x0000000032154000 	/System/Library/Frameworks/CoreFoundation.framework/Versions/A/CoreFoundation
0x0000000032154000 	/System/Library/Frameworks/Foundation.framework/Versions/C/Foundation
0x0000000032154000 	/System/Library/Frameworks/AppKit.framework/Versions/C/AppKit
0x0000000032154000 	/System/Library/Frameworks/CoreData.framework/Versions/A/CoreData
0x0000000032154000 	/System/Library/PrivateFrameworks/RemoteViewServices.framework/Versions/A/RemoteViewServices
0x0000000032154000 	/System/Library/PrivateFrameworks/UIFoundation.framework/Versions/A/UIFoundation
0x0000000032154000 	/System/Library/PrivateFrameworks/DFRFoundation.framework/Versions/A/DFRFoundation
0x0000000032154000 	/usr/lib/libenergytrace.dylib
0x0000000032154000 	/System/Library/PrivateFrameworks/SkyLight.framework/Versions/A/SkyLight
0x0000000032154000 	/System/Library/Frameworks/CoreGraphics.framework/Versions/A/CoreGraphics
0x0000000032154000 	/usr/lib/libScreenReader.dylib
0x0000000032154000 	/System/Library/Frameworks/Accelerate.framework/Versions/A/Accelerate
0x0000000032154000 	/System/Library/Frameworks/IOSurface.framework/Versions/A/IOSurface
0x0000000032154000 	/System/Library/Frameworks/AudioToolbox.framework/Versions/A/AudioToolbox
0x0000000032154000 	/System/Library/Frameworks/AudioUnit.framework/Versions/A/AudioUnit
0x0000000032154000 	/System/Library/PrivateFrameworks/DataDetectorsCore.framework/Versions/A/DataDetectorsCore
0x0000000032154000 	/System/Library/PrivateFrameworks/DesktopServicesPriv.framework/Versions/A/DesktopServicesPriv
0x0000000032154000 	/System/Library/Frameworks/Carbon.framework/Versions/A/Frameworks/HIToolbox.framework/Versions/A/HIToolbox
0x0000000032154000 	/usr/lib/libicucore.A.dylib
0x0000000032154000 	/System/Library/Frameworks/QuartzCore.framework/Versions/A/QuartzCore
0x0000000032154000 	/System/Library/Frameworks/Carbon.framework/Versions/A/Frameworks/SpeechRecognition.framework/Versions/A/SpeechRecognition
0x0000000032154000 	/usr/lib/libauto.dylib
0x0000000032154000 	/usr/lib/libxml2.2.dylib
0x0000000032154000 	/System/Library/PrivateFrameworks/CoreUI.framework/Versions/A/CoreUI
0x0000000032154000 	/System/Library/Frameworks/CoreAudio.framework/Versions/A/CoreAudio
0x0000000032154000 	/System/Library/Frameworks/DiskArbitration.framework/Versions/A/DiskArbitration
0x0000000032154000 	/usr/lib/liblangid.dylib
0x0000000032154000 	/System/Library/PrivateFrameworks/MultitouchSupport.framework/Versions/A/MultitouchSupport
0x0000000032154000 	/System/Library/Frameworks/IOKit.framework/Versions/A/IOKit
0x0000000032154000 	/usr/lib/libDiagnosticMessagesClient.dylib
0x0000000032154000 	/System/Library/Frameworks/CoreServices.framework/Versions/A/CoreServices
0x0000000032154000 	/System/Library/PrivateFrameworks/PerformanceAnalysis.framework/Versions/A/PerformanceAnalysis
0x0000000032154000 	/System/Library/PrivateFrameworks/GenerationalStorage.framework/Versions/A/GenerationalStorage
0x0000000032154000 	/System/Library/Frameworks/OpenGL.framework/Versions/A/OpenGL
0x0000000032154000 	/System/Library/Frameworks/CoreImage.framework/Versions/A/CoreImage
0x0000000032154000 	/System/Library/Frameworks/CoreText.framework/Versions/A/CoreText
0x0000000032154000 	/System/Library/Frameworks/ImageIO.framework/Versions/A/ImageIO
0x0000000032154000 	/System/Library/PrivateFrameworks/Backup.framework/Versions/A/Backup
0x0000000032154000 	/usr/lib/libarchive.2.dylib
0x0000000032154000 	/System/Library/Frameworks/CFNetwork.framework/Versions/A/CFNetwork
0x0000000032154000 	/System/Library/Frameworks/SystemConfiguration.framework/Versions/A/SystemConfiguration
0x0000000032154000 	/usr/lib/libCRFSuite.dylib
0x0000000032154000 	/usr/lib/libc++.1.dylib
0x0000000032154000 	/usr/lib/libc++abi.dylib
0x0000000032154000 	/usr/lib/system/libcache.dylib
0x0000000032154000 	/usr/lib/system/libcommonCrypto.dylib
0x0000000032154000 	/usr/lib/system/libcompiler_rt.dylib
0x0000000032154000 	/usr/lib/system/libcopyfile.dylib
0x0000000032154000 	/usr/lib/system/libcorecrypto.dylib
0x0000000032154000 	/usr/lib/system/libdispatch.dylib
0x0000000032154000 	/usr/lib/system/libdyld.dylib
0x0000000032154000 	/usr/lib/system/libkeymgr.dylib
0x0000000032154000 	/usr/lib/system/liblaunch.dylib
0x0000000032154000 	/usr/lib/system/libmacho.dylib
0x0000000032154000 	/usr/lib/system/libquarantine.dylib
0x0000000032154000 	/usr/lib/system/libremovefile.dylib
0x0000000032154000 	/usr/lib/system/libsystem_asl.dylib
0x0000000032154000 	/usr/lib/system/libsystem_blocks.dylib
0x0000000032154000 	/usr/lib/system/libsystem_c.dylib
0x0000000032154000 	/usr/lib/system/libsystem_configuration.dylib
0x0000000032154000 	/usr/lib/system/libsystem_coreservices.dylib
0x0000000032154000 	/usr/lib/system/libsystem_coretls.dylib
0x0000000032154000 	/usr/lib/system/libsystem_dnssd.dylib
0x0000000032154000 	/usr/lib/system/libsystem_info.dylib
0x0000000032154000 	/usr/lib/system/libsystem_kernel.dylib
0x0000000032154000 	/usr/lib/system/libsystem_m.dylib
0x0000000032154000 	/usr/lib/system/libsystem_malloc.dylib
0x0000000032154000 	/usr/lib/system/libsystem_network.dylib
0x0000000032154000 	/usr/lib/system/libsystem_networkextension.dylib
0x0000000032154000 	/usr/lib/system/libsystem_notify.dylib
0x0000000032154000 	/usr/lib/system/libsystem_platform.dylib
0x0000000032154000 	/usr/lib/system/libsystem_pthread.dylib
0x0000000032154000 	/usr/lib/system/libsystem_sandbox.dylib
0x0000000032154000 	/usr/lib/system/libsystem_secinit.dylib
0x0000000032154000 	/usr/lib/system/libsystem_symptoms.dylib
0x0000000032154000 	/usr/lib/system/libsystem_trace.dylib
0x0000000032154000 	/usr/lib/system/libunwind.dylib
0x0000000032154000 	/usr/lib/system/libxpc.dylib
0x0000000032154000 	/usr/lib/libbsm.0.dylib
0x0000000032154000 	/usr/lib/system/libkxld.dylib
0x0000000032154000 	/usr/lib/libcoretls.dylib
0x0000000032154000 	/usr/lib/libcoretls_cfhelpers.dylib
0x0000000032154000 	/usr/lib/libOpenScriptingUtil.dylib
0x0000000032154000 	/usr/lib/libpam.2.dylib
0x0000000032154000 	/usr/lib/libsqlite3.dylib
0x0000000032154000 	/usr/lib/libxar.1.dylib
0x0000000032154000 	/usr/lib/libbz2.1.0.dylib
0x0000000032154000 	/usr/lib/liblzma.5.dylib
0x0000000032154000 	/usr/lib/libnetwork.dylib
0x0000000032154000 	/usr/lib/libpcap.A.dylib
0x0000000032154000 	/System/Library/Frameworks/CoreServices.framework/Versions/A/Frameworks/FSEvents.framework/Versions/A/FSEvents
0x0000000032154000 	/System/Library/Frameworks/CoreServices.framework/Versions/A/Frameworks/CarbonCore.framework/Versions/A/CarbonCore
0x0000000032154000 	/System/Library/Frameworks/CoreServices.framework/Versions/A/Frameworks/Metadata.framework/Versions/A/Metadata
0x0000000032154000 	/System/Library/Frameworks/CoreServices.framework/Versions/A/Frameworks/OSServices.framework/Versions/A/OSServices
0x0000000032154000 	/System/Library/Frameworks/CoreServices.framework/Versions/A/Frameworks/SearchKit.framework/Versions/A/SearchKit
0x0000000032154000 	/System/Library/Frameworks/CoreServices.framework/Versions/A/Frameworks/AE.framework/Versions/A/AE
0x0000000032154000 	/System/Library/Frameworks/CoreServices.framework/Versions/A/Frameworks/LaunchServices.framework/Versions/A/LaunchServices
0x0000000032154000 	/System/Library/Frameworks/CoreServices.framework/Versions/A/Frameworks/DictionaryServices.framework/Versions/A/DictionaryServices
0x0000000032154000 	/System/Library/Frameworks/CoreServices.framework/Versions/A/Frameworks/SharedFileList.framework/Versions/A/SharedFileList
0x0000000032154000 	/System/Library/Frameworks/NetFS.framework/Versions/A/NetFS
0x0000000032154000 	/System/Library/PrivateFrameworks/NetAuth.framework/Versions/A/NetAuth
0x0000000032154000 	/System/Library/PrivateFrameworks/login.framework/Versions/A/Frameworks/loginsupport.framework/Versions/A/loginsupport
0x0000000032154000 	/System/Library/PrivateFrameworks/TCC.framework/Versions/A/TCC
0x0000000032154000 	/usr/lib/libmecabra.dylib
0x0000000032154000 	/System/Library/Frameworks/ApplicationServices.framework/Versions/A/Frameworks/ATS.framework/Versions/A/ATS
0x0000000032154000 	/System/Library/Frameworks/ApplicationServices.framework/Versions/A/Frameworks/ColorSync.framework/Versions/A/ColorSync
0x0000000032154000 	/System/Library/Frameworks/ApplicationServices.framework/Versions/A/Frameworks/HIServices.framework/Versions/A/HIServices
0x0000000032154000 	/System/Library/Frameworks/ApplicationServices.framework/Versions/A/Frameworks/LangAnalysis.framework/Versions/A/LangAnalysis
0x0000000032154000 	/System/Library/Frameworks/ApplicationServices.framework/Versions/A/Frameworks/PrintCore.framework/Versions/A/PrintCore
0x0000000032154000 	/System/Library/Frameworks/ApplicationServices.framework/Versions/A/Frameworks/QD.framework/Versions/A/QD
0x0000000032154000 	/System/Library/Frameworks/ApplicationServices.framework/Versions/A/Frameworks/SpeechSynthesis.framework/Versions/A/SpeechSynthesis
0x0000000032154000 	/System/Library/Frameworks/Accelerate.framework/Versions/A/Frameworks/vImage.framework/Versions/A/vImage
0x0000000032154000 	/System/Library/Frameworks/Accelerate.framework/Versions/A/Frameworks/vecLib.framework/Versions/A/vecLib
0x0000000032154000 	/System/Library/Frameworks/Accelerate.framework/Versions/A/Frameworks/vecLib.framework/Versions/A/libvDSP.dylib
0x0000000032154000 	/System/Library/Frameworks/Accelerate.framework/Versions/A/Frameworks/vecLib.framework/Versions/A/libBNNS.dylib
0x0000000032154000 	/System/Library/Frameworks/Accelerate.framework/Versions/A/Frameworks/vecLib.framework/Versions/A/libQuadrature.dylib
0x0000000032154000 	/System/Library/Frameworks/Accelerate.framework/Versions/A/Frameworks/vecLib.framework/Versions/A/libvMisc.dylib
0x0000000032154000 	/System/Library/Frameworks/Accelerate.framework/Versions/A/Frameworks/vecLib.framework/Versions/A/libLAPACK.dylib
0x0000000032154000 	/System/Library/Frameworks/Accelerate.framework/Versions/A/Frameworks/vecLib.framework/Versions/A/libBLAS.dylib
0x0000000032154000 	/System/Library/Frameworks/Accelerate.framework/Versions/A/Frameworks/vecLib.framework/Versions/A/libLinearAlgebra.dylib
0x0000000032154000 	/System/Library/Frameworks/Accelerate.framework/Versions/A/Frameworks/vecLib.framework/Versions/A/libSparseBLAS.dylib
0x0000000032154000 	/System/Library/Frameworks/ApplicationServices.framework/Versions/A/Frameworks/ATS.framework/Versions/A/Resources/libFontParser.dylib
0x0000000032154000 	/System/Library/Frameworks/ApplicationServices.framework/Versions/A/Frameworks/ATS.framework/Versions/A/Resources/libFontRegistry.dylib
0x0000000032154000 	/System/Library/Frameworks/ImageIO.framework/Versions/A/Resources/libJPEG.dylib
0x0000000032154000 	/System/Library/Frameworks/ImageIO.framework/Versions/A/Resources/libTIFF.dylib
0x0000000032154000 	/System/Library/Frameworks/ImageIO.framework/Versions/A/Resources/libPng.dylib
0x0000000032154000 	/System/Library/Frameworks/ImageIO.framework/Versions/A/Resources/libGIF.dylib
0x0000000032154000 	/System/Library/Frameworks/ImageIO.framework/Versions/A/Resources/libJP2.dylib
0x0000000032154000 	/System/Library/Frameworks/ImageIO.framework/Versions/A/Resources/libRadiance.dylib
0x0000000032154000 	/usr/lib/libcompression.dylib
0x0000000032154000 	/System/Library/PrivateFrameworks/AppleJPEG.framework/Versions/A/AppleJPEG
0x0000000032154000 	/usr/lib/libcups.2.dylib
0x0000000032154000 	/System/Library/Frameworks/Kerberos.framework/Versions/A/Kerberos
0x0000000032154000 	/System/Library/Frameworks/GSS.framework/Versions/A/GSS
0x0000000032154000 	/usr/lib/libresolv.9.dylib
0x0000000032154000 	/usr/lib/libiconv.2.dylib
0x0000000032154000 	/System/Library/PrivateFrameworks/Heimdal.framework/Versions/A/Heimdal
0x0000000032154000 	/usr/lib/libheimdal-asn1.dylib
0x0000000032154000 	/System/Library/Frameworks/OpenDirectory.framework/Versions/A/OpenDirectory
0x0000000032154000 	/System/Library/PrivateFrameworks/CommonAuth.framework/Versions/A/CommonAuth
0x0000000032154000 	/System/Library/Frameworks/OpenDirectory.framework/Versions/A/Frameworks/CFOpenDirectory.framework/Versions/A/CFOpenDirectory
0x0000000032154000 	/System/Library/Frameworks/SecurityFoundation.framework/Versions/A/SecurityFoundation
0x0000000032154000 	/System/Library/PrivateFrameworks/LanguageModeling.framework/Versions/A/LanguageModeling
0x0000000032154000 	/usr/lib/libmarisa.dylib
0x0000000032154000 	/usr/lib/libChineseTokenizer.dylib
0x0000000032154000 	/usr/lib/libcmph.dylib
0x0000000032154000 	/System/Library/PrivateFrameworks/CoreEmoji.framework/Versions/A/CoreEmoji
0x0000000032154000 	/System/Library/Frameworks/ServiceManagement.framework/Versions/A/ServiceManagement
0x0000000032154000 	/usr/lib/libxslt.1.dylib
0x0000000032154000 	/System/Library/Frameworks/Carbon.framework/Versions/A/Frameworks/Ink.framework/Versions/A/Ink
0x0000000032154000 	/System/Library/PrivateFrameworks/TextureIO.framework/Versions/A/TextureIO
0x0000000032154000 	/System/Library/Frameworks/Metal.framework/Versions/A/Metal
0x0000000032154000 	/usr/lib/libate.dylib
0x0000000032154000 	/System/Library/PrivateFrameworks/GPUCompiler.framework/libmetal_timestamp.dylib
0x0000000032154000 	/System/Library/Frameworks/OpenGL.framework/Versions/A/Libraries/libCoreFSCache.dylib
0x0000000032154000 	/System/Library/PrivateFrameworks/IOAccelerator.framework/Versions/A/IOAccelerator
0x0000000032154000 	/System/Library/Frameworks/CoreVideo.framework/Versions/A/CoreVideo
0x0000000032154000 	/usr/lib/libFosl_dynamic.dylib
0x0000000032154000 	/System/Library/PrivateFrameworks/MetalPerformanceShaders.framework/Versions/A/MetalPerformanceShaders
0x0000000032154000 	/System/Library/PrivateFrameworks/FaceCore.framework/Versions/A/FaceCore
0x0000000032154000 	/System/Library/Frameworks/OpenCL.framework/Versions/A/OpenCL
0x0000000032154000 	/System/Library/Frameworks/OpenGL.framework/Versions/A/Libraries/libGLU.dylib
0x0000000032154000 	/System/Library/Frameworks/OpenGL.framework/Versions/A/Libraries/libGFXShared.dylib
0x0000000032154000 	/System/Library/Frameworks/OpenGL.framework/Versions/A/Libraries/libGL.dylib
0x0000000032154000 	/System/Library/Frameworks/OpenGL.framework/Versions/A/Libraries/libGLImage.dylib
0x0000000032154000 	/System/Library/Frameworks/OpenGL.framework/Versions/A/Libraries/libCVMSPluginSupport.dylib
0x0000000032154000 	/System/Library/Frameworks/OpenGL.framework/Versions/A/Libraries/libCoreVMClient.dylib
0x0000000032154000 	/System/Library/PrivateFrameworks/CrashReporterSupport.framework/Versions/A/CrashReporterSupport
0x0000000032154000 	/System/Library/PrivateFrameworks/Sharing.framework/Versions/A/Sharing
0x0000000032154000 	/System/Library/PrivateFrameworks/IconServices.framework/Versions/A/IconServices
0x0000000032154000 	/System/Library/PrivateFrameworks/ProtocolBuffer.framework/Versions/A/ProtocolBuffer
0x0000000032154000 	/System/Library/PrivateFrameworks/Apple80211.framework/Versions/A/Apple80211
0x0000000032154000 	/System/Library/Frameworks/CoreWLAN.framework/Versions/A/CoreWLAN
0x0000000032154000 	/System/Library/PrivateFrameworks/CoreUtils.framework/Versions/A/CoreUtils
0x0000000032154000 	/System/Library/Frameworks/IOBluetooth.framework/Versions/A/IOBluetooth
0x0000000032154000 	/System/Library/PrivateFrameworks/CoreWiFi.framework/Versions/A/CoreWiFi
0x0000000032154000 	/System/Library/Frameworks/CoreBluetooth.framework/Versions/A/CoreBluetooth
0x0000000032154000 	/System/Library/Frameworks/CoreDisplay.framework/Versions/A/CoreDisplay
0x0000000032154000 	/System/Library/PrivateFrameworks/IOPresentment.framework/Versions/A/IOPresentment
0x0000000032154000 	/System/Library/PrivateFrameworks/DSExternalDisplay.framework/Versions/A/DSExternalDisplay
0x0000000032154000 	/System/Library/PrivateFrameworks/DebugSymbols.framework/Versions/A/DebugSymbols
0x0000000032154000 	/System/Library/PrivateFrameworks/CoreSymbolication.framework/Versions/A/CoreSymbolication
0x0000000032154000 	/System/Library/PrivateFrameworks/Symbolication.framework/Versions/A/Symbolication
0x0000000032154000 	/System/Library/PrivateFrameworks/AppleFSCompression.framework/Versions/A/AppleFSCompression
0x0000000032154000 	/System/Library/PrivateFrameworks/SpeechRecognitionCore.framework/Versions/A/SpeechRecognitionCore
0x0000000032154000 	/System/Library/PrivateFrameworks/ChunkingLibrary.framework/Versions/A/ChunkingLibrary
0x0000000106407000 	/Library/Java/JavaVirtualMachines/jdk1.8.0_131.jdk/Contents/Home/jre/lib/server/libjvm.dylib
0x0000000032154000 	/usr/lib/libstdc++.6.dylib
0x00000001073aa000 	/Library/Java/JavaVirtualMachines/jdk1.8.0_131.jdk/Contents/Home/jre/lib/libverify.dylib
0x00000001073b8000 	/Library/Java/JavaVirtualMachines/jdk1.8.0_131.jdk/Contents/Home/jre/lib/libjava.dylib
0x0000000107800000 	/Library/Java/JavaVirtualMachines/jdk1.8.0_131.jdk/Contents/Home/jre/lib/libjdwp.dylib
0x00000001073ee000 	/Library/Java/JavaVirtualMachines/jdk1.8.0_131.jdk/Contents/Home/jre/lib/libnpt.dylib
0x000000010784b000 	/Library/Java/JavaVirtualMachines/jdk1.8.0_131.jdk/Contents/Home/jre/lib/libzip.dylib
0x000000010b5e6000 	/System/Library/Frameworks/JavaVM.framework/Frameworks/JavaRuntimeSupport.framework/JavaRuntimeSupport
0x000000010b600000 	/System/Library/Frameworks/JavaVM.framework/Versions/A/Frameworks/JavaNativeFoundation.framework/Versions/A/JavaNativeFoundation
0x000000010b615000 	/System/Library/Frameworks/JavaVM.framework/Versions/A/JavaVM
0x0000000032154000 	/System/Library/Frameworks/Carbon.framework/Versions/A/Carbon
0x000000010b622000 	/System/Library/PrivateFrameworks/JavaLaunching.framework/Versions/A/JavaLaunching
0x0000000032154000 	/System/Library/Frameworks/Carbon.framework/Versions/A/Frameworks/CommonPanels.framework/Versions/A/CommonPanels
0x0000000032154000 	/System/Library/Frameworks/Carbon.framework/Versions/A/Frameworks/Help.framework/Versions/A/Help
0x0000000032154000 	/System/Library/Frameworks/Carbon.framework/Versions/A/Frameworks/ImageCapture.framework/Versions/A/ImageCapture
0x0000000032154000 	/System/Library/Frameworks/Carbon.framework/Versions/A/Frameworks/OpenScripting.framework/Versions/A/OpenScripting
0x0000000032154000 	/System/Library/Frameworks/Carbon.framework/Versions/A/Frameworks/Print.framework/Versions/A/Print
0x0000000032154000 	/System/Library/Frameworks/Carbon.framework/Versions/A/Frameworks/SecurityHI.framework/Versions/A/SecurityHI
0x000000010cf2b000 	/Library/Java/JavaVirtualMachines/jdk1.8.0_131.jdk/Contents/Home/jre/lib/libdt_socket.dylib

VM Arguments:
jvm_args: -agentlib:jdwp=transport=dt_socket,address=127.0.0.1:50547,suspend=y,server=n -Djava.library.path=/Users/sohanabel/git/VeriTransformations/VeritestingTransformations/lib/ -Xmx1024m -ea -Dfile.encoding=UTF-8 
java_command: /Users/sohanabel/git/VeriTransformations/jpf-core-veritesting/build/RunJPF.jar /Users/sohanabel/git/VeriTransformations/VeritestingTransformations/src/examples/VeritestingPerf.jpf
java_class_path (initial): /Users/sohanabel/git/VeriTransformations/jpf-core-veritesting/build/RunJPF.jar
Launcher Type: SUN_STANDARD

Environment Variables:
JAVA_HOME=/Library/Java/JavaVirtualMachines/jdk1.8.0_131.jdk/Contents/Home
PATH=/opt/local/bin:/opt/local/sbin:/usr/local/bin:/usr/bin:/bin:/usr/sbin:/sbin:/Library/TeX/texbin/opt/local/bin:/opt/local/sbin:~/aspectj1.8/bin:~/apache-maven-3.5.0/bin
SHELL=/bin/bash

Signal Handlers:
SIGSEGV: [libjvm.dylib+0x5b1eb1], sa_mask[0]=11111111011111110111111111111111, sa_flags=SA_ONSTACK|SA_RESTART|SA_SIGINFO
SIGBUS: [libjvm.dylib+0x5b1eb1], sa_mask[0]=11111111011111110111111111111111, sa_flags=SA_RESTART|SA_SIGINFO
SIGFPE: [libjvm.dylib+0x488988], sa_mask[0]=11111111011111110111111111111111, sa_flags=SA_RESTART|SA_SIGINFO
SIGPIPE: [libjvm.dylib+0x488988], sa_mask[0]=11111111011111110111111111111111, sa_flags=SA_RESTART|SA_SIGINFO
SIGXFSZ: [libjvm.dylib+0x488988], sa_mask[0]=11111111011111110111111111111111, sa_flags=SA_RESTART|SA_SIGINFO
SIGILL: [libjvm.dylib+0x488988], sa_mask[0]=11111111011111110111111111111111, sa_flags=SA_RESTART|SA_SIGINFO
SIGUSR1: SIG_DFL, sa_mask[0]=00000000000000000000000000000000, sa_flags=none
SIGUSR2: [libjvm.dylib+0x4884a6], sa_mask[0]=00100000000000000000000000000000, sa_flags=SA_RESTART|SA_SIGINFO
SIGHUP: [libjvm.dylib+0x486a7d], sa_mask[0]=11111111011111110111111111111111, sa_flags=SA_RESTART|SA_SIGINFO
SIGINT: [libjvm.dylib+0x486a7d], sa_mask[0]=11111111011111110111111111111111, sa_flags=SA_RESTART|SA_SIGINFO
SIGTERM: [libjvm.dylib+0x486a7d], sa_mask[0]=11111111011111110111111111111111, sa_flags=SA_RESTART|SA_SIGINFO
SIGQUIT: [libjvm.dylib+0x486a7d], sa_mask[0]=11111111011111110111111111111111, sa_flags=SA_RESTART|SA_SIGINFO


---------------  S Y S T E M  ---------------

OS:Bsduname:Darwin 16.7.0 Darwin Kernel Version 16.7.0: Tue Jan 30 11:27:06 PST 2018; root:xnu-3789.73.11~1/RELEASE_X86_64 x86_64
rlimit: STACK 8192k, CORE 0k, NPROC 709, NOFILE 10240, AS infinity
load average:12.00 9.26 7.57

CPU:total 2 (initial active 2) (2 cores per cpu, 1 threads per core) family 6 model 23 stepping 10, cmov, cx8, fxsr, mmx, sse, sse2, sse3, ssse3, sse4.1, tsc

Memory: 4k page, physical 4194304k(18744k free)

/proc/meminfo:


vm_info: Java HotSpot(TM) 64-Bit Server VM (25.131-b11) for bsd-amd64 JRE (1.8.0_131-b11), built on Mar 15 2017 01:32:22 by "java_re" with gcc 4.2.1 (Based on Apple Inc. build 5658) (LLVM build 2336.11.00)

time: Fri Sep 14 10:15:42 2018
elapsed time: 3 seconds (0d 0h 0m 3s)

