Running Symbolic PathFinder ...
symbolic.dp=z3
symbolic.string_dp_timeout_ms=0
symbolic.string_dp=none
symbolic.max_pc_length=2147483647
symbolic.max_pc_msec=0
symbolic.bvlength=32
symbolic.min_int=-2147483648
symbolic.min_long=-9223372036854775808
symbolic.min_short=-32768
symbolic.min_byte=-128
symbolic.min_char=0
symbolic.max_int=2147483647
symbolic.max_long=9223372036854775807
symbolic.max_short=32767
symbolic.max_byte=127
symbolic.max_char=65535
symbolic.min_double=4.9E-324
symbolic.max_double=1.7976931348623157E308
choiceGeneratorRegistered(class gov.nasa.jpf.vm.choice.ThreadChoiceFromSet) at MethodInfo[java.lang.Boolean.[<clinit>]]#0
JavaPathfinder core system v8.0 (rev 32+) - (C) 2005-2014 United States Government. All rights reserved.


====================================================== system under test
DiscoveryExamples.DiscoveryVoting.main()

====================================================== search started: 2/4/20 10:03 AM
choiceGeneratorRegistered(class gov.nasa.jpf.symbc.numeric.PCChoiceGenerator) at MethodInfo[DiscoveryExamples.DiscoveryVoting.main([Ljava/lang/String;)V]#15
New sym int a min=0, max=1
New sym int b min=0, max=1
New sym int c min=0, max=1
New sym int threshold min=-2147483648, max=2147483647
New sym int out min=0, max=1
New sym int symVar min=0, max=1
^_^ running jitAnalysis ^_^
Constructing class hierarchy...done!
Starting region analysis for makeStep(DiscoveryExamples.DiscoveryVoting.makeStep(ZZZIZZ)V)
Method
putfield 1.< Application, LDiscoveryExamples/DiscoveryVoting, out, <Primordial,Z> > = 6
if ((! (== w7 0 ) )) {
   invokevirtual < Application, LDiscoveryExamples/DiscoveryVoting, vote5(ZZZ)V > 1,2,3,4 @15 exception:10
} else {
   skip; 
}
return


---------- STARTING Transformations for conditional region: DiscoveryExamples.DiscoveryVoting.makeStep(ZZZIZZ)V#8
if ((! (== w7 0 ) )) {
   invokevirtual < Application, LDiscoveryExamples/DiscoveryVoting, vote5(ZZZ)V > 1,2,3,4 @15 exception:10
} else {
   skip; 
}



Region Stack Slot Map (var -> slot)
@w7 --------- [6]
@w1 --------- [0]
@w2 --------- [1]
@w3 --------- [2]
@w4 --------- [3]

printing Region Input Table (var->slot)
@w7 --------- 6
@w1 --------- 0
@w2 --------- 1
@w3 --------- 2
@w4 --------- 3

printing Region Output Table (slot->var)

printing WalaVarTypeTable ( var ->type)
@w6 --------- boolean
@w1 --------- DiscoveryExamples.DiscoveryVoting
@w7 --------- boolean
@w2 --------- boolean
@w3 --------- boolean
@w4 --------- boolean

--------------- UNIQUENESS TRANSFORMATION ---------------
if ((! (== w7$1 0 ) )) {
   
[] = invoke < Application, LDiscoveryExamples/DiscoveryVoting, vote5(ZZZ)V >[w1$1, w2$1, w3$1, w4$1]
} else {
   skip; 
}


printing stack-slot table (var->slot)
w1$1 --------- [0]
w2$1 --------- [1]
w3$1 --------- [2]
w4$1 --------- [3]
w7$1 --------- [6]

printing Region Input Table (var->slot)
w1$1 --------- 0
w2$1 --------- 1
w3$1 --------- 2
w4$1 --------- 3
w7$1 --------- 6

printing WalaVarTypeTable ( var ->type)
w1$1 --------- DiscoveryExamples.DiscoveryVoting
w2$1 --------- boolean
w3$1 --------- boolean
w4$1 --------- boolean
w6$1 --------- boolean
w7$1 --------- boolean

printing Region Output Table (slot->var)
Stack output: null
========================================= RUNNING FIXED POINT ITERATION # 1=========================================
Starting region analysis for vote5(DiscoveryExamples.DiscoveryVoting.vote5(ZZZ)V)
Method
if ((|| (|| (&& (! (== w2 0 ) ) (!= w3 0 ) ) (&& (&& (|| (== w2 0 ) (&& (! (== w2 0 ) ) (! (!= w3 0 ) ) ) ) (! (== w3 0 ) ) ) (!= w4 0 ) ) ) (&& (&& (|| (&& (|| (== w2 0 ) (&& (! (== w2 0 ) ) (! (!= w3 0 ) ) ) ) (== w3 0 ) ) (&& (&& (|| (== w2 0 ) (&& (! (== w2 0 ) ) (! (!= w3 0 ) ) ) ) (! (== w3 0 ) ) ) (! (!= w4 0 ) ) ) ) (! (== w2 0 ) ) ) (! (== w4 0 ) ) ) )) {
   skip; 
} else {
   skip; 
}
w8 := (Gamma !(w2==0)&&w3!=0||w2==0||!(w2==0)&&!(w3!=0)&&!(w3==0)&&w4!=0||w2==0||!(w2==0)&&!(w3!=0)&&w3==0||w2==0||!(w2==0)&&!(w3!=0)&&!(w3==0)&&!(w4!=0)&&!(w2==0)&&!(w4==0) 1 0); 
putfield 1.< Application, LDiscoveryExamples/DiscoveryVoting, out, <Primordial,Z> > = 8
return


********** High Order Region Discovered for region: DiscoveryExamples.DiscoveryVoting.vote5(ZZZ)V


---------- STARTING Inlining Transformation for region: ---------------
if ((|| (|| (&& (! (== w2 0 ) ) (!= w3 0 ) ) (&& (&& (|| (== w2 0 ) (&& (! (== w2 0 ) ) (! (!= w3 0 ) ) ) ) (! (== w3 0 ) ) ) (!= w4 0 ) ) ) (&& (&& (|| (&& (|| (== w2 0 ) (&& (! (== w2 0 ) ) (! (!= w3 0 ) ) ) ) (== w3 0 ) ) (&& (&& (|| (== w2 0 ) (&& (! (== w2 0 ) ) (! (!= w3 0 ) ) ) ) (! (== w3 0 ) ) ) (! (!= w4 0 ) ) ) ) (! (== w2 0 ) ) ) (! (== w4 0 ) ) ) )) {
   skip; 
} else {
   skip; 
}
w8 := (Gamma !(w2==0)&&w3!=0||w2==0||!(w2==0)&&!(w3!=0)&&!(w3==0)&&w4!=0||w2==0||!(w2==0)&&!(w3!=0)&&w3==0||w2==0||!(w2==0)&&!(w3!=0)&&!(w3==0)&&!(w4!=0)&&!(w2==0)&&!(w4==0) 1 0); 

 put(w1.< Application, LDiscoveryExamples/DiscoveryVoting, out, <Primordial,Z> >) = w8

 return w-1



Region prior to removeEarlyReturns: if ((|| (|| (&& (! (== w2 0 ) ) (!= w3 0 ) ) (&& (&& (|| (== w2 0 ) (&& (! (== w2 0 ) ) (! (!= w3 0 ) ) ) ) (! (== w3 0 ) ) ) (!= w4 0 ) ) ) (&& (&& (|| (&& (|| (== w2 0 ) (&& (! (== w2 0 ) ) (! (!= w3 0 ) ) ) ) (== w3 0 ) ) (&& (&& (|| (== w2 0 ) (&& (! (== w2 0 ) ) (! (!= w3 0 ) ) ) ) (! (== w3 0 ) ) ) (! (!= w4 0 ) ) ) ) (! (== w2 0 ) ) ) (! (== w4 0 ) ) ) )) {
   skip; 
} else {
   skip; 
}
w8 := (Gamma !(w2==0)&&w3!=0||w2==0||!(w2==0)&&!(w3!=0)&&!(w3==0)&&w4!=0||w2==0||!(w2==0)&&!(w3!=0)&&w3==0||w2==0||!(w2==0)&&!(w3!=0)&&!(w3==0)&&!(w4!=0)&&!(w2==0)&&!(w4==0) 1 0); 
putfield 1.< Application, LDiscoveryExamples/DiscoveryVoting, out, <Primordial,Z> > = 8
return


Region after removeEarlyReturns: if ((|| (|| (&& (! (== w2 0 ) ) (!= w3 0 ) ) (&& (&& (|| (== w2 0 ) (&& (! (== w2 0 ) ) (! (!= w3 0 ) ) ) ) (! (== w3 0 ) ) ) (!= w4 0 ) ) ) (&& (&& (|| (&& (|| (== w2 0 ) (&& (! (== w2 0 ) ) (! (!= w3 0 ) ) ) ) (== w3 0 ) ) (&& (&& (|| (== w2 0 ) (&& (! (== w2 0 ) ) (! (!= w3 0 ) ) ) ) (! (== w3 0 ) ) ) (! (!= w4 0 ) ) ) ) (! (== w2 0 ) ) ) (! (== w4 0 ) ) ) )) {
   skip; 
} else {
   skip; 
}
w8 := (Gamma !(w2==0)&&w3!=0||w2==0||!(w2==0)&&!(w3!=0)&&!(w3==0)&&w4!=0||w2==0||!(w2==0)&&!(w3!=0)&&w3==0||w2==0||!(w2==0)&&!(w3!=0)&&!(w3==0)&&!(w4!=0)&&!(w2==0)&&!(w4==0) 1 0); 

 put(w1.< Application, LDiscoveryExamples/DiscoveryVoting, out, <Primordial,Z> >) = w8
skip; 
~earlyReturnResult := w-1; 


--------------- UNIQUENESS TRANSFORMATION ---------------
if ((|| (|| (&& (! (== w2$2 0 ) ) (!= w3$2 0 ) ) (&& (&& (|| (== w2$2 0 ) (&& (! (== w2$2 0 ) ) (! (!= w3$2 0 ) ) ) ) (! (== w3$2 0 ) ) ) (!= w4$2 0 ) ) ) (&& (&& (|| (&& (|| (== w2$2 0 ) (&& (! (== w2$2 0 ) ) (! (!= w3$2 0 ) ) ) ) (== w3$2 0 ) ) (&& (&& (|| (== w2$2 0 ) (&& (! (== w2$2 0 ) ) (! (!= w3$2 0 ) ) ) ) (! (== w3$2 0 ) ) ) (! (!= w4$2 0 ) ) ) ) (! (== w2$2 0 ) ) ) (! (== w4$2 0 ) ) ) )) {
   skip; 
} else {
   skip; 
}
w8$2 := (Gamma !(w2$2==0)&&w3$2!=0||w2$2==0||!(w2$2==0)&&!(w3$2!=0)&&!(w3$2==0)&&w4$2!=0||w2$2==0||!(w2$2==0)&&!(w3$2!=0)&&w3$2==0||w2$2==0||!(w2$2==0)&&!(w3$2!=0)&&!(w3$2==0)&&!(w4$2!=0)&&!(w2$2==0)&&!(w4$2==0) 1 0); 

 put(w1$2.< Application, LDiscoveryExamples/DiscoveryVoting, out, <Primordial,Z> >) = w8$2
skip; 
~earlyReturnResult$2 := w-1$2; 


printing stack-slot table (var->param)
w1$2 --------- [0]
w2$2 --------- [1]
w3$2 --------- [2]
w4$2 --------- [3]

printing Region Input Table (var->param)
w1$2 --------- 0
w2$2 --------- 1
w3$2 --------- 2
w4$2 --------- 3

printing WalaVarTypeTable ( var ->type)
w1$2 --------- DiscoveryExamples.DiscoveryVoting
w2$2 --------- boolean
w3$2 --------- boolean
w4$2 --------- boolean
w6$2 --------- int
w7$2 --------- int
w8$2 --------- int

printing Region Output Table (return->var)
Stack output: null

--------------- SUBSTITUTION TRANSFORMATION for: DiscoveryExamples.DiscoveryVoting.makeStep(ZZZIZZ)V#8 ---------------

if ((! (== w7$1 0 ) )) {
   
[] = invoke < Application, LDiscoveryExamples/DiscoveryVoting, vote5(ZZZ)V >[w1$1, w2$1, w3$1, w4$1]
} else {
   skip; 
}


printing stack-slot table (var->slot)
w1$1 --------- [0]
w2$1 --------- [1]
w3$1 --------- [2]
w4$1 --------- [3]
w7$1 --------- [6]

printing Region Output Table (slot->var)

printing WalaVarTypeTable ( var ->type)
w1$1 --------- LDiscoveryExamples/DiscoveryVoting;
w2$1 --------- boolean
w3$1 --------- boolean
w4$1 --------- boolean
w6$1 --------- boolean
w7$1 --------- boolean
w1$2 --------- DiscoveryExamples.DiscoveryVoting
w2$2 --------- boolean
w3$2 --------- boolean
w4$2 --------- boolean
w6$2 --------- int
w7$2 --------- int
w8$2 --------- int

--------------- AFTER SUBSTITUTION TRANSFORMATION for: DiscoveryExamples.DiscoveryVoting.makeStep(ZZZIZZ)V#8 ---------------

if ((! (== symVar 0 ) )) {
   if ((|| (|| (&& (! (== a 0 ) ) (!= b 0 ) ) (&& (&& (|| (== a 0 ) (&& (! (== a 0 ) ) (! (!= b 0 ) ) ) ) (! (== b 0 ) ) ) (!= c 0 ) ) ) (&& (&& (|| (&& (|| (== a 0 ) (&& (! (== a 0 ) ) (! (!= b 0 ) ) ) ) (== b 0 ) ) (&& (&& (|| (== a 0 ) (&& (! (== a 0 ) ) (! (!= b 0 ) ) ) ) (! (== b 0 ) ) ) (! (!= c 0 ) ) ) ) (! (== a 0 ) ) ) (! (== c 0 ) ) ) )) {
      skip; 
   } else {
      skip; 
   }
   w8$2 := (Gamma !(a==0)&&b!=0||a==0||!(a==0)&&!(b!=0)&&!(b==0)&&c!=0||a==0||!(a==0)&&!(b!=0)&&b==0||a==0||!(a==0)&&!(b!=0)&&!(b==0)&&!(c!=0)&&!(a==0)&&!(c==0) 1 0); 
   
 put(347.< Application, LDiscoveryExamples/DiscoveryVoting, out, <Primordial,Z> >) = w8$2
   skip; 
   skip; 
} else {
   skip; 
}


printing stack-slot table (var->slot)
w1$1 --------- [0]
w2$1 --------- [1]
w3$1 --------- [2]
w4$1 --------- [3]
w7$1 --------- [6]

printing Region Output Table (slot->var)

printing WalaVarTypeTable ( var ->type)
w1$1 --------- LDiscoveryExamples/DiscoveryVoting;
w2$1 --------- boolean
w3$1 --------- boolean
w4$1 --------- boolean
w6$1 --------- boolean
w7$1 --------- boolean
w1$2 --------- DiscoveryExamples.DiscoveryVoting
w2$2 --------- boolean
w3$2 --------- boolean
w4$2 --------- boolean
w6$2 --------- int
w7$2 --------- int
w8$2 --------- int
Stack output: null

--------------- FIELD REFERENCE TRANSFORMATION ---------------

if ((! (== symVar 0 ) )) {
   if ((|| (|| (&& (! (== a 0 ) ) (!= b 0 ) ) (&& (&& (|| (== a 0 ) (&& (! (== a 0 ) ) (! (!= b 0 ) ) ) ) (! (== b 0 ) ) ) (!= c 0 ) ) ) (&& (&& (|| (&& (|| (== a 0 ) (&& (! (== a 0 ) ) (! (!= b 0 ) ) ) ) (== b 0 ) ) (&& (&& (|| (== a 0 ) (&& (! (== a 0 ) ) (! (!= b 0 ) ) ) ) (! (== b 0 ) ) ) (! (!= c 0 ) ) ) ) (! (== a 0 ) ) ) (! (== c 0 ) ) ) )) {
      skip; 
   } else {
      skip; 
   }
   w8$2 := (Gamma !(a==0)&&b!=0||a==0||!(a==0)&&!(b!=0)&&!(b==0)&&c!=0||a==0||!(a==0)&&!(b!=0)&&b==0||a==0||!(a==0)&&!(b!=0)&&!(b==0)&&!(c!=0)&&!(a==0)&&!(c==0) 1 0); 
   r347.out.1.1 := w8$2; 
   skip; 
   skip; 
} else {
   skip; 
}
r347.out.1.3 := (Gamma !(symVar==0) r347.out.1.1 out); 


--------------- ARRAY TRANSFORMATION ---------------

if ((! (== symVar 0 ) )) {
   if ((|| (|| (&& (! (== a 0 ) ) (!= b 0 ) ) (&& (&& (|| (== a 0 ) (&& (! (== a 0 ) ) (! (!= b 0 ) ) ) ) (! (== b 0 ) ) ) (!= c 0 ) ) ) (&& (&& (|| (&& (|| (== a 0 ) (&& (! (== a 0 ) ) (! (!= b 0 ) ) ) ) (== b 0 ) ) (&& (&& (|| (== a 0 ) (&& (! (== a 0 ) ) (! (!= b 0 ) ) ) ) (! (== b 0 ) ) ) (! (!= c 0 ) ) ) ) (! (== a 0 ) ) ) (! (== c 0 ) ) ) )) {
      skip; 
   } else {
      skip; 
   }
   w8$2 := (Gamma !(a==0)&&b!=0||a==0||!(a==0)&&!(b!=0)&&!(b==0)&&c!=0||a==0||!(a==0)&&!(b!=0)&&b==0||a==0||!(a==0)&&!(b!=0)&&!(b==0)&&!(c!=0)&&!(a==0)&&!(c==0) 1 0); 
   r347.out.1.1 := w8$2; 
   skip; 
   skip; 
} else {
   skip; 
}
r347.out.1.3 := (Gamma !(symVar==0) r347.out.1.1 out); 

Array Outputs Table

========================================= RUNNING FIXED POINT ITERATION # 2=========================================

--------------- SUBSTITUTION TRANSFORMATION for: DiscoveryExamples.DiscoveryVoting.makeStep(ZZZIZZ)V#8 ---------------

if ((! (== symVar 0 ) )) {
   if ((|| (|| (&& (! (== a 0 ) ) (!= b 0 ) ) (&& (&& (|| (== a 0 ) (&& (! (== a 0 ) ) (! (!= b 0 ) ) ) ) (! (== b 0 ) ) ) (!= c 0 ) ) ) (&& (&& (|| (&& (|| (== a 0 ) (&& (! (== a 0 ) ) (! (!= b 0 ) ) ) ) (== b 0 ) ) (&& (&& (|| (== a 0 ) (&& (! (== a 0 ) ) (! (!= b 0 ) ) ) ) (! (== b 0 ) ) ) (! (!= c 0 ) ) ) ) (! (== a 0 ) ) ) (! (== c 0 ) ) ) )) {
      skip; 
   } else {
      skip; 
   }
   w8$2 := (Gamma !(a==0)&&b!=0||a==0||!(a==0)&&!(b!=0)&&!(b==0)&&c!=0||a==0||!(a==0)&&!(b!=0)&&b==0||a==0||!(a==0)&&!(b!=0)&&!(b==0)&&!(c!=0)&&!(a==0)&&!(c==0) 1 0); 
   r347.out.1.1 := w8$2; 
   skip; 
   skip; 
} else {
   skip; 
}
r347.out.1.3 := (Gamma !(symVar==0) r347.out.1.1 out); 


printing stack-slot table (var->slot)
w1$1 --------- [0]
w2$1 --------- [1]
w3$1 --------- [2]
w4$1 --------- [3]
w7$1 --------- [6]

printing Region Output Table (slot->var)

printing WalaVarTypeTable ( var ->type)
w1$1 --------- LDiscoveryExamples/DiscoveryVoting;
w2$1 --------- boolean
w3$1 --------- boolean
w4$1 --------- boolean
w6$1 --------- boolean
w7$1 --------- boolean
w1$2 --------- DiscoveryExamples.DiscoveryVoting
w2$2 --------- boolean
w3$2 --------- boolean
w4$2 --------- boolean
w6$2 --------- int
w7$2 --------- int
w8$2 --------- int

--------------- AFTER SUBSTITUTION TRANSFORMATION for: DiscoveryExamples.DiscoveryVoting.makeStep(ZZZIZZ)V#8 ---------------

if ((! (== symVar 0 ) )) {
   if ((|| (|| (&& (! (== a 0 ) ) (!= b 0 ) ) (&& (&& (|| (== a 0 ) (&& (! (== a 0 ) ) (! (!= b 0 ) ) ) ) (! (== b 0 ) ) ) (!= c 0 ) ) ) (&& (&& (|| (&& (|| (== a 0 ) (&& (! (== a 0 ) ) (! (!= b 0 ) ) ) ) (== b 0 ) ) (&& (&& (|| (== a 0 ) (&& (! (== a 0 ) ) (! (!= b 0 ) ) ) ) (! (== b 0 ) ) ) (! (!= c 0 ) ) ) ) (! (== a 0 ) ) ) (! (== c 0 ) ) ) )) {
      skip; 
   } else {
      skip; 
   }
   w8$2 := (Gamma !(a==0)&&b!=0||a==0||!(a==0)&&!(b!=0)&&!(b==0)&&c!=0||a==0||!(a==0)&&!(b!=0)&&b==0||a==0||!(a==0)&&!(b!=0)&&!(b==0)&&!(c!=0)&&!(a==0)&&!(c==0) 1 0); 
   r347.out.1.1 := w8$2; 
   skip; 
   skip; 
} else {
   skip; 
}
r347.out.1.3 := (Gamma !(symVar==0) r347.out.1.1 out); 


printing stack-slot table (var->slot)
w1$1 --------- [0]
w2$1 --------- [1]
w3$1 --------- [2]
w4$1 --------- [3]
w7$1 --------- [6]

printing Region Output Table (slot->var)

printing WalaVarTypeTable ( var ->type)
w1$1 --------- LDiscoveryExamples/DiscoveryVoting;
w2$1 --------- boolean
w3$1 --------- boolean
w4$1 --------- boolean
w6$1 --------- boolean
w7$1 --------- boolean
w1$2 --------- DiscoveryExamples.DiscoveryVoting
w2$2 --------- boolean
w3$2 --------- boolean
w4$2 --------- boolean
w6$2 --------- int
w7$2 --------- int
w8$2 --------- int
Stack output: null

--------------- FIELD REFERENCE TRANSFORMATION ---------------

if ((! (== symVar 0 ) )) {
   if ((|| (|| (&& (! (== a 0 ) ) (!= b 0 ) ) (&& (&& (|| (== a 0 ) (&& (! (== a 0 ) ) (! (!= b 0 ) ) ) ) (! (== b 0 ) ) ) (!= c 0 ) ) ) (&& (&& (|| (&& (|| (== a 0 ) (&& (! (== a 0 ) ) (! (!= b 0 ) ) ) ) (== b 0 ) ) (&& (&& (|| (== a 0 ) (&& (! (== a 0 ) ) (! (!= b 0 ) ) ) ) (! (== b 0 ) ) ) (! (!= c 0 ) ) ) ) (! (== a 0 ) ) ) (! (== c 0 ) ) ) )) {
      skip; 
   } else {
      skip; 
   }
   w8$2 := (Gamma !(a==0)&&b!=0||a==0||!(a==0)&&!(b!=0)&&!(b==0)&&c!=0||a==0||!(a==0)&&!(b!=0)&&b==0||a==0||!(a==0)&&!(b!=0)&&!(b==0)&&!(c!=0)&&!(a==0)&&!(c==0) 1 0); 
   r347.out.1.1 := w8$2; 
   skip; 
   skip; 
} else {
   skip; 
}
r347.out.1.3 := (Gamma !(symVar==0) r347.out.1.1 out); 


--------------- ARRAY TRANSFORMATION ---------------

if ((! (== symVar 0 ) )) {
   if ((|| (|| (&& (! (== a 0 ) ) (!= b 0 ) ) (&& (&& (|| (== a 0 ) (&& (! (== a 0 ) ) (! (!= b 0 ) ) ) ) (! (== b 0 ) ) ) (!= c 0 ) ) ) (&& (&& (|| (&& (|| (== a 0 ) (&& (! (== a 0 ) ) (! (!= b 0 ) ) ) ) (== b 0 ) ) (&& (&& (|| (== a 0 ) (&& (! (== a 0 ) ) (! (!= b 0 ) ) ) ) (! (== b 0 ) ) ) (! (!= c 0 ) ) ) ) (! (== a 0 ) ) ) (! (== c 0 ) ) ) )) {
      skip; 
   } else {
      skip; 
   }
   w8$2 := (Gamma !(a==0)&&b!=0||a==0||!(a==0)&&!(b!=0)&&!(b==0)&&c!=0||a==0||!(a==0)&&!(b!=0)&&b==0||a==0||!(a==0)&&!(b!=0)&&!(b==0)&&!(c!=0)&&!(a==0)&&!(c==0) 1 0); 
   r347.out.1.1 := w8$2; 
   skip; 
   skip; 
} else {
   skip; 
}
r347.out.1.3 := (Gamma !(symVar==0) r347.out.1.1 out); 

Array Outputs Table

========================================= RUNNING HIGH-ORDER ONE EXTRA TIME AFTER FIXED POINT ITERATION# 2=========================================

--------------- SUBSTITUTION TRANSFORMATION for: DiscoveryExamples.DiscoveryVoting.makeStep(ZZZIZZ)V#8 ---------------

if ((! (== symVar 0 ) )) {
   if ((|| (|| (&& (! (== a 0 ) ) (!= b 0 ) ) (&& (&& (|| (== a 0 ) (&& (! (== a 0 ) ) (! (!= b 0 ) ) ) ) (! (== b 0 ) ) ) (!= c 0 ) ) ) (&& (&& (|| (&& (|| (== a 0 ) (&& (! (== a 0 ) ) (! (!= b 0 ) ) ) ) (== b 0 ) ) (&& (&& (|| (== a 0 ) (&& (! (== a 0 ) ) (! (!= b 0 ) ) ) ) (! (== b 0 ) ) ) (! (!= c 0 ) ) ) ) (! (== a 0 ) ) ) (! (== c 0 ) ) ) )) {
      skip; 
   } else {
      skip; 
   }
   w8$2 := (Gamma !(a==0)&&b!=0||a==0||!(a==0)&&!(b!=0)&&!(b==0)&&c!=0||a==0||!(a==0)&&!(b!=0)&&b==0||a==0||!(a==0)&&!(b!=0)&&!(b==0)&&!(c!=0)&&!(a==0)&&!(c==0) 1 0); 
   r347.out.1.1 := w8$2; 
   skip; 
   skip; 
} else {
   skip; 
}
r347.out.1.3 := (Gamma !(symVar==0) r347.out.1.1 out); 


printing stack-slot table (var->slot)
w1$1 --------- [0]
w2$1 --------- [1]
w3$1 --------- [2]
w4$1 --------- [3]
w7$1 --------- [6]

printing Region Output Table (slot->var)

printing WalaVarTypeTable ( var ->type)
w1$1 --------- LDiscoveryExamples/DiscoveryVoting;
w2$1 --------- boolean
w3$1 --------- boolean
w4$1 --------- boolean
w6$1 --------- boolean
w7$1 --------- boolean
w1$2 --------- DiscoveryExamples.DiscoveryVoting
w2$2 --------- boolean
w3$2 --------- boolean
w4$2 --------- boolean
w6$2 --------- int
w7$2 --------- int
w8$2 --------- int

--------------- AFTER SUBSTITUTION TRANSFORMATION for: DiscoveryExamples.DiscoveryVoting.makeStep(ZZZIZZ)V#8 ---------------

if ((! (== symVar 0 ) )) {
   if ((|| (|| (&& (! (== a 0 ) ) (!= b 0 ) ) (&& (&& (|| (== a 0 ) (&& (! (== a 0 ) ) (! (!= b 0 ) ) ) ) (! (== b 0 ) ) ) (!= c 0 ) ) ) (&& (&& (|| (&& (|| (== a 0 ) (&& (! (== a 0 ) ) (! (!= b 0 ) ) ) ) (== b 0 ) ) (&& (&& (|| (== a 0 ) (&& (! (== a 0 ) ) (! (!= b 0 ) ) ) ) (! (== b 0 ) ) ) (! (!= c 0 ) ) ) ) (! (== a 0 ) ) ) (! (== c 0 ) ) ) )) {
      skip; 
   } else {
      skip; 
   }
   w8$2 := (Gamma !(a==0)&&b!=0||a==0||!(a==0)&&!(b!=0)&&!(b==0)&&c!=0||a==0||!(a==0)&&!(b!=0)&&b==0||a==0||!(a==0)&&!(b!=0)&&!(b==0)&&!(c!=0)&&!(a==0)&&!(c==0) 1 0); 
   r347.out.1.1 := w8$2; 
   skip; 
   skip; 
} else {
   skip; 
}
r347.out.1.3 := (Gamma !(symVar==0) r347.out.1.1 out); 


printing stack-slot table (var->slot)
w1$1 --------- [0]
w2$1 --------- [1]
w3$1 --------- [2]
w4$1 --------- [3]
w7$1 --------- [6]

printing Region Output Table (slot->var)

printing WalaVarTypeTable ( var ->type)
w1$1 --------- LDiscoveryExamples/DiscoveryVoting;
w2$1 --------- boolean
w3$1 --------- boolean
w4$1 --------- boolean
w6$1 --------- boolean
w7$1 --------- boolean
w1$2 --------- DiscoveryExamples.DiscoveryVoting
w2$2 --------- boolean
w3$2 --------- boolean
w4$2 --------- boolean
w6$2 --------- int
w7$2 --------- int
w8$2 --------- int
Stack output: null

--------------- LINEARIZATION TRANSFORMATION ---------------
skip; 
skip; 
w8$2 := (Gamma !(a==0)&&b!=0||a==0||!(a==0)&&!(b!=0)&&!(b==0)&&c!=0||a==0||!(a==0)&&!(b!=0)&&b==0||a==0||!(a==0)&&!(b!=0)&&!(b==0)&&!(c!=0)&&!(a==0)&&!(c==0) 1 0); 
r347.out.1.1.2 := w8$2; 
skip; 
skip; 
skip; 
r347.out.1.3.2 := (Gamma !(symVar==0) r347.out.1.1.2 out); 


Stack output: null
-|-|-|-|-|  resetting state and trying repairing: Vote_All_terms1
Repair does NOT include initial values
repairing holes for iteration#:0
^-^ Ranger Discovery Result ^-^
Cannot find a synthesis
The overall time for : Vote_All_terms1= 2

--------------- NO-SKIP OPTIMIZATION ---------------
w8$2 := (Gamma !(a==0)&&b!=0||a==0||!(a==0)&&!(b!=0)&&!(b==0)&&c!=0||a==0||!(a==0)&&!(b!=0)&&b==0||a==0||!(a==0)&&!(b!=0)&&!(b==0)&&!(c!=0)&&!(a==0)&&!(c==0) 1 0); 
r347.out.1.1.2 := w8$2; 
r347.out.1.3.2 := (Gamma !(symVar==0) r347.out.1.1.2 out); 


--------------- TO GREEN TRANSFORMATION ---------------
|Stmt                                                                  |Green Expression                                                                                   
|-----------------------------------------------------------           |------------------------------------------------------                                             
w8$2 := ((Gamma !(a==0)&&b!=0||a==0||!(a==0)&&!(b!=0)&&!(b==0)&&c!=0||a==0||!(a==0)&&!(b!=0)&&b==0||a==0||!(a==0)&&!(b!=0)&&!(b==0)&&!(c!=0)&&!(a==0)&&!(c==0) 1 0) ) ((((0 == 0) && ((((!(a == 0)) && (b != 0)) || ((((a == 0) || ((!(a == 0)) && (!(b != 0)))) && (!(b == 0))) && (c != 0))) || ((((((a == 0) || ((!(a == 0)) && (!(b != 0)))) && (b == 0)) || ((((a == 0) || ((!(a == 0)) && (!(b != 0)))) && (!(b == 0))) && (!(c != 0)))) && (!(a == 0))) && (!(c == 0))))) && (w8$2 == 1)) || (((0 == 0) && (!((((!(a == 0)) && (b != 0)) || ((((a == 0) || ((!(a == 0)) && (!(b != 0)))) && (!(b == 0))) && (c != 0))) || ((((((a == 0) || ((!(a == 0)) && (!(b != 0)))) && (b == 0)) || ((((a == 0) || ((!(a == 0)) && (!(b != 0)))) && (!(b == 0))) && (!(c != 0)))) && (!(a == 0))) && (!(c == 0)))))) && (w8$2 == 0)))
r347.out.1.1.2 := (w8$2 )                                              (r347.out.1.1.2 == w8$2)                                                                            
r347.out.1.3.2 := ((Gamma !(symVar==0) r347.out.1.1.2 out) )           ((((0 == 0) && (!(symVar == 0))) && (r347.out.1.3.2 == r347.out.1.1.2)) || (((0 == 0) && (!(!(symVar == 0)))) && (r347.out.1.3.2 == out)))

Green Expression pushed on the Path Condition:
((((((0 == 0) && ((((!(a == 0)) && (b != 0)) || ((((a == 0) || ((!(a == 0)) && (!(b != 0)))) && (!(b == 0))) && (c != 0))) || ((((((a == 0) || ((!(a == 0)) && (!(b != 0)))) && (b == 0)) || ((((a == 0) || ((!(a == 0)) && (!(b != 0)))) && (!(b == 0))) && (!(c != 0)))) && (!(a == 0))) && (!(c == 0))))) && (w8$2 == 1)) || (((0 == 0) && (!((((!(a == 0)) && (b != 0)) || ((((a == 0) || ((!(a == 0)) && (!(b != 0)))) && (!(b == 0))) && (c != 0))) || ((((((a == 0) || ((!(a == 0)) && (!(b != 0)))) && (b == 0)) || ((((a == 0) || ((!(a == 0)) && (!(b != 0)))) && (!(b == 0))) && (!(c != 0)))) && (!(a == 0))) && (!(c == 0)))))) && (w8$2 == 0))) && (r347.out.1.1.2 == w8$2)) && ((((0 == 0) && (!(symVar == 0))) && (r347.out.1.3.2 == r347.out.1.1.2)) || (((0 == 0) && (!(!(symVar == 0)))) && (r347.out.1.3.2 == out))))
Stack output: null
numeric PC: constraint # = 1
0==0&&!(a==0)&&b!=0||a==0||!(a==0)&&!(b!=0)&&!(b==0)&&c!=0||a==0||!(a==0)&&!(b!=0)&&b==0||a==0||!(a==0)&&!(b!=0)&&!(b==0)&&!(c!=0)&&!(a==0)&&!(c==0)&&w8$2==1||0==0&&!(!(a==0)&&b!=0||a==0||!(a==0)&&!(b!=0)&&!(b==0)&&c!=0||a==0||!(a==0)&&!(b!=0)&&b==0||a==0||!(a==0)&&!(b!=0)&&!(b==0)&&!(c!=0)&&!(a==0)&&!(c==0))&&w8$2==0&&r347.out.1.1.2==w8$2&&0==0&&!(symVar==0)&&r347.out.1.3.2==r347.out.1.1.2||0==0&&!(!(symVar==0))&&r347.out.1.3.2==out -> true

### PCs: total:1 sat:1 unsat:0

string analysis: SPC # = 0
NPC constraint # = 1
0==0&&!(a==0)&&b!=0||a==0||!(a==0)&&!(b!=0)&&!(b==0)&&c!=0||a==0||!(a==0)&&!(b!=0)&&b==0||a==0||!(a==0)&&!(b!=0)&&!(b==0)&&!(c!=0)&&!(a==0)&&!(c==0)&&w8$2==1||0==0&&!(!(a==0)&&b!=0||a==0||!(a==0)&&!(b!=0)&&!(b==0)&&c!=0||a==0||!(a==0)&&!(b!=0)&&b==0||a==0||!(a==0)&&!(b!=0)&&!(b==0)&&!(c!=0)&&!(a==0)&&!(c==0))&&w8$2==0&&r347.out.1.1.2==w8$2&&0==0&&!(symVar==0)&&r347.out.1.3.2==r347.out.1.1.2||0==0&&!(!(symVar==0))&&r347.out.1.3.2==out
New sym int r347.out.1.3.2 min=-2147483648, max=2147483647
------------- Region was successfully veritested --------------- 
threadTerminated
choiceGeneratorProcessed: at MethodInfo[DiscoveryExamples.DiscoveryVoting.main([Ljava/lang/String;)V]#15
choiceGeneratorProcessed: at MethodInfo[java.lang.Boolean.[<clinit>]]#0

====================================================== VeritestingListener report:

/************************ Printing Exception Statistics *****************
Static Analysis exceptions count = 0
Instantiation Time exceptions count = 0
Unknown phases exception count = 0


/************************ Printing Time Decomposition Statistics *****************
static analysis time = 2692 msec
Veritesting Dyn Time = 3332 msec
Veritesting fix-pint Time = 373 msec

/************************ Printing Solver Statistics *****************
Total Solver Queries Count = 0
Total Solver Time = 72 msec
Total Solver Parse Time = 11 msec
Region Summary Parse Time = 0 msec
Total Solver Clean up Time = 0 msec
PCSatSolverCount = 1
PCSatSolverTime = 80 msec
Constant Propagation Time for PC sat. checks = 0
Array SPF Case count = 0
If-removed count = 0

/************************ Printing Region Statistics *****************
Number of Distinct Veritested Regions = 1
Number of Distinct Un-Veritested Symbolic Regions = 0
Number of Distinct Failed Regions for Field Reference = 0
Number of Distinct Failed Regions for SPFCases = 0
Number of Distinct Failed Regions for missing method summaries = 0
Number of Distinct Failed Regions for Other Reasons = 0
Number of High Order Regions Used = 1

/************************ Printing Instantiation Statistics *****************
Number of successful instantiations = 1
Total Number of unsuccessful instantiations = 0
Number of failed instantiations due to Field Reference = 0
Number of failed instantiations due to SPFCases = 0
Number of failed instantiations due to missing method summaries = 0
Number of failed instantiations due to Other Reasons = 0


Number of Veritested Regions Instances = 1
Printing keys of regions that were instantiated at least once
DiscoveryExamples.DiscoveryVoting.makeStep(ZZZIZZ)V#8
Finished printing keys of regions that were instantiated at least once

Metrics Vector:
6024,2692,3332,1,0,72,11,0,1,0,0,0,0,0,0,1,1,1,0,0,0,0,0,0,2,1,1,2,2.0,0,0,0
Contract is NOT repaired
====================================================== results
no errors detected

====================================================== statistics
elapsed time:       00:00:06
states:             new=2,visited=0,backtracked=2,end=1
search:             maxDepth=2,constraints=0
choice generators:  thread=1 (signal=0,lock=1,sharedRef=0,threadApi=0,reschedule=0), data=1
heap:               new=347,released=12,maxLive=345,gcCycles=2
instructions:       3127
max memory:         633MB
loaded code:        classes=60,methods=1286

====================================================== search finished: 2/4/20 10:03 AM
