Running Symbolic PathFinder ...
symbolic.dp=z3
symbolic.string_dp_timeout_ms=0
symbolic.string_dp=none
symbolic.max_pc_length=2147483647
symbolic.max_pc_msec=0
symbolic.bvlength=32
symbolic.min_int=-2147483648
symbolic.min_long=-9223372036854775808
symbolic.min_short=-32768
symbolic.min_byte=-128
symbolic.min_char=0
symbolic.max_int=2147483647
symbolic.max_long=9223372036854775807
symbolic.max_short=32767
symbolic.max_byte=127
symbolic.max_char=65535
symbolic.min_double=4.9E-324
symbolic.max_double=1.7976931348623157E308
choiceGeneratorRegistered(class gov.nasa.jpf.vm.choice.ThreadChoiceFromSet) at MethodInfo[java.lang.Boolean.[<clinit>]]#0
JavaPathfinder core system v8.0 (rev e734381a6e606354034111dc855be9a8e454ce71) - (C) 2005-2014 United States Government. All rights reserved.


====================================================== system under test
DiscoveryExamples.DiscoveryVoting.main()

====================================================== search started: 12/21/19 11:09 AM
choiceGeneratorRegistered(class gov.nasa.jpf.symbc.numeric.PCChoiceGenerator) at MethodInfo[DiscoveryExamples.DiscoveryVoting.main([Ljava/lang/String;)V]#15
New sym int a min=0, max=1
New sym int b min=0, max=1
New sym int c min=0, max=1
New sym int threshold min=-2147483648, max=2147483647
New sym int out min=0, max=1
New sym int symVar min=0, max=1
^_^ running jitAnalysis ^_^
Constructing class hierarchy...done!
Starting region analysis for makeStep(DiscoveryExamples.DiscoveryVoting.makeStep(ZZZIZZ)V)
Method
putfield 1.< Application, LDiscoveryExamples/DiscoveryVoting, out, <Primordial,Z> > = 6
if ((! (== w7 0 ) )) {
   invokevirtual < Application, LDiscoveryExamples/DiscoveryVoting, vote2(ZZZI)V > 1,2,3,4,5 @17 exception:10
} else {
   skip; 
}
return


---------- STARTING Transformations for conditional region: DiscoveryExamples.DiscoveryVoting.makeStep(ZZZIZZ)V#8
if ((! (== w7 0 ) )) {
   invokevirtual < Application, LDiscoveryExamples/DiscoveryVoting, vote2(ZZZI)V > 1,2,3,4,5 @17 exception:10
} else {
   skip; 
}



Region Stack Slot Map (var -> slot)
@w7 --------- [6]
@w1 --------- [0]
@w2 --------- [1]
@w3 --------- [2]
@w4 --------- [3]
@w5 --------- [4]

printing Region Input Table (var->slot)
@w7 --------- 6
@w1 --------- 0
@w2 --------- 1
@w3 --------- 2
@w4 --------- 3
@w5 --------- 4

printing Region Output Table (slot->var)

printing WalaVarTypeTable ( var ->type)
@w6 --------- boolean
@w1 --------- DiscoveryExamples.DiscoveryVoting
@w7 --------- boolean
@w2 --------- boolean
@w3 --------- boolean
@w4 --------- boolean
@w5 --------- int

--------------- UNIQUENESS TRANSFORMATION ---------------
if ((! (== w7$1 0 ) )) {
   
[] = invoke < Application, LDiscoveryExamples/DiscoveryVoting, vote2(ZZZI)V >[w1$1, w2$1, w3$1, w4$1, w5$1]
} else {
   skip; 
}


printing stack-slot table (var->slot)
w1$1 --------- [0]
w2$1 --------- [1]
w3$1 --------- [2]
w4$1 --------- [3]
w5$1 --------- [4]
w7$1 --------- [6]

printing Region Input Table (var->slot)
w1$1 --------- 0
w2$1 --------- 1
w3$1 --------- 2
w4$1 --------- 3
w5$1 --------- 4
w7$1 --------- 6

printing WalaVarTypeTable ( var ->type)
w1$1 --------- DiscoveryExamples.DiscoveryVoting
w2$1 --------- boolean
w3$1 --------- boolean
w4$1 --------- boolean
w5$1 --------- int
w6$1 --------- boolean
w7$1 --------- boolean

printing Region Output Table (slot->var)
Stack output: null
========================================= RUNNING FIXED POINT ITERATION # 1=========================================
Starting region analysis for vote2(DiscoveryExamples.DiscoveryVoting.vote2(ZZZI)V)
Method
if ((&& (&& (|| (|| (&& (! (== w2 0 ) ) (!= w3 0 ) ) (&& (&& (|| (== w2 0 ) (&& (! (== w2 0 ) ) (! (!= w3 0 ) ) ) ) (! (== w3 0 ) ) ) (!= w4 0 ) ) ) (&& (&& (|| (&& (|| (== w2 0 ) (&& (! (== w2 0 ) ) (! (!= w3 0 ) ) ) ) (== w3 0 ) ) (&& (&& (|| (== w2 0 ) (&& (! (== w2 0 ) ) (! (!= w3 0 ) ) ) ) (! (== w3 0 ) ) ) (! (!= w4 0 ) ) ) ) (! (== w2 0 ) ) ) (! (== w4 0 ) ) ) ) (! (>= w5 10 ) ) ) (! (<= w5 5 ) ) )) {
   skip; 
} else {
   skip; 
}
w11 := (Gamma !(w2==0)&&w3!=0||w2==0||!(w2==0)&&!(w3!=0)&&!(w3==0)&&w4!=0||w2==0||!(w2==0)&&!(w3!=0)&&w3==0||w2==0||!(w2==0)&&!(w3!=0)&&!(w3==0)&&!(w4!=0)&&!(w2==0)&&!(w4==0)&&!(w5>=10)&&!(w5<=5) 1 0); 
putfield 1.< Application, LDiscoveryExamples/DiscoveryVoting, out, <Primordial,Z> > = 11
return


********** High Order Region Discovered for region: DiscoveryExamples.DiscoveryVoting.vote2(ZZZI)V


---------- STARTING Inlining Transformation for region: ---------------
if ((&& (&& (|| (|| (&& (! (== w2 0 ) ) (!= w3 0 ) ) (&& (&& (|| (== w2 0 ) (&& (! (== w2 0 ) ) (! (!= w3 0 ) ) ) ) (! (== w3 0 ) ) ) (!= w4 0 ) ) ) (&& (&& (|| (&& (|| (== w2 0 ) (&& (! (== w2 0 ) ) (! (!= w3 0 ) ) ) ) (== w3 0 ) ) (&& (&& (|| (== w2 0 ) (&& (! (== w2 0 ) ) (! (!= w3 0 ) ) ) ) (! (== w3 0 ) ) ) (! (!= w4 0 ) ) ) ) (! (== w2 0 ) ) ) (! (== w4 0 ) ) ) ) (! (>= w5 10 ) ) ) (! (<= w5 5 ) ) )) {
   skip; 
} else {
   skip; 
}
w11 := (Gamma !(w2==0)&&w3!=0||w2==0||!(w2==0)&&!(w3!=0)&&!(w3==0)&&w4!=0||w2==0||!(w2==0)&&!(w3!=0)&&w3==0||w2==0||!(w2==0)&&!(w3!=0)&&!(w3==0)&&!(w4!=0)&&!(w2==0)&&!(w4==0)&&!(w5>=10)&&!(w5<=5) 1 0); 

 put(w1.< Application, LDiscoveryExamples/DiscoveryVoting, out, <Primordial,Z> >) = w11

 return w-1



Region prior to removeEarlyReturns: if ((&& (&& (|| (|| (&& (! (== w2 0 ) ) (!= w3 0 ) ) (&& (&& (|| (== w2 0 ) (&& (! (== w2 0 ) ) (! (!= w3 0 ) ) ) ) (! (== w3 0 ) ) ) (!= w4 0 ) ) ) (&& (&& (|| (&& (|| (== w2 0 ) (&& (! (== w2 0 ) ) (! (!= w3 0 ) ) ) ) (== w3 0 ) ) (&& (&& (|| (== w2 0 ) (&& (! (== w2 0 ) ) (! (!= w3 0 ) ) ) ) (! (== w3 0 ) ) ) (! (!= w4 0 ) ) ) ) (! (== w2 0 ) ) ) (! (== w4 0 ) ) ) ) (! (>= w5 10 ) ) ) (! (<= w5 5 ) ) )) {
   skip; 
} else {
   skip; 
}
w11 := (Gamma !(w2==0)&&w3!=0||w2==0||!(w2==0)&&!(w3!=0)&&!(w3==0)&&w4!=0||w2==0||!(w2==0)&&!(w3!=0)&&w3==0||w2==0||!(w2==0)&&!(w3!=0)&&!(w3==0)&&!(w4!=0)&&!(w2==0)&&!(w4==0)&&!(w5>=10)&&!(w5<=5) 1 0); 
putfield 1.< Application, LDiscoveryExamples/DiscoveryVoting, out, <Primordial,Z> > = 11
return


Region after removeEarlyReturns: if ((&& (&& (|| (|| (&& (! (== w2 0 ) ) (!= w3 0 ) ) (&& (&& (|| (== w2 0 ) (&& (! (== w2 0 ) ) (! (!= w3 0 ) ) ) ) (! (== w3 0 ) ) ) (!= w4 0 ) ) ) (&& (&& (|| (&& (|| (== w2 0 ) (&& (! (== w2 0 ) ) (! (!= w3 0 ) ) ) ) (== w3 0 ) ) (&& (&& (|| (== w2 0 ) (&& (! (== w2 0 ) ) (! (!= w3 0 ) ) ) ) (! (== w3 0 ) ) ) (! (!= w4 0 ) ) ) ) (! (== w2 0 ) ) ) (! (== w4 0 ) ) ) ) (! (>= w5 10 ) ) ) (! (<= w5 5 ) ) )) {
   skip; 
} else {
   skip; 
}
w11 := (Gamma !(w2==0)&&w3!=0||w2==0||!(w2==0)&&!(w3!=0)&&!(w3==0)&&w4!=0||w2==0||!(w2==0)&&!(w3!=0)&&w3==0||w2==0||!(w2==0)&&!(w3!=0)&&!(w3==0)&&!(w4!=0)&&!(w2==0)&&!(w4==0)&&!(w5>=10)&&!(w5<=5) 1 0); 

 put(w1.< Application, LDiscoveryExamples/DiscoveryVoting, out, <Primordial,Z> >) = w11
skip; 
~earlyReturnResult := w-1; 


--------------- UNIQUENESS TRANSFORMATION ---------------
if ((&& (&& (|| (|| (&& (! (== w2$2 0 ) ) (!= w3$2 0 ) ) (&& (&& (|| (== w2$2 0 ) (&& (! (== w2$2 0 ) ) (! (!= w3$2 0 ) ) ) ) (! (== w3$2 0 ) ) ) (!= w4$2 0 ) ) ) (&& (&& (|| (&& (|| (== w2$2 0 ) (&& (! (== w2$2 0 ) ) (! (!= w3$2 0 ) ) ) ) (== w3$2 0 ) ) (&& (&& (|| (== w2$2 0 ) (&& (! (== w2$2 0 ) ) (! (!= w3$2 0 ) ) ) ) (! (== w3$2 0 ) ) ) (! (!= w4$2 0 ) ) ) ) (! (== w2$2 0 ) ) ) (! (== w4$2 0 ) ) ) ) (! (>= w5$2 10 ) ) ) (! (<= w5$2 5 ) ) )) {
   skip; 
} else {
   skip; 
}
w11$2 := (Gamma !(w2$2==0)&&w3$2!=0||w2$2==0||!(w2$2==0)&&!(w3$2!=0)&&!(w3$2==0)&&w4$2!=0||w2$2==0||!(w2$2==0)&&!(w3$2!=0)&&w3$2==0||w2$2==0||!(w2$2==0)&&!(w3$2!=0)&&!(w3$2==0)&&!(w4$2!=0)&&!(w2$2==0)&&!(w4$2==0)&&!(w5$2>=10)&&!(w5$2<=5) 1 0); 

 put(w1$2.< Application, LDiscoveryExamples/DiscoveryVoting, out, <Primordial,Z> >) = w11$2
skip; 
~earlyReturnResult$2 := w-1$2; 


printing stack-slot table (var->param)
w1$2 --------- [0]
w2$2 --------- [1]
w3$2 --------- [2]
w4$2 --------- [3]
w5$2 --------- [4]

printing Region Input Table (var->param)
w1$2 --------- 0
w2$2 --------- 1
w3$2 --------- 2
w4$2 --------- 3
w5$2 --------- 4

printing WalaVarTypeTable ( var ->type)
w1$2 --------- DiscoveryExamples.DiscoveryVoting
w2$2 --------- boolean
w3$2 --------- boolean
w4$2 --------- boolean
w5$2 --------- int
w7$2 --------- int
w8$2 --------- int
w9$2 --------- int
w10$2 --------- int
w11$2 --------- int

printing Region Output Table (return->var)
Stack output: null

--------------- SUBSTITUTION TRANSFORMATION for: DiscoveryExamples.DiscoveryVoting.makeStep(ZZZIZZ)V#8 ---------------

if ((! (== w7$1 0 ) )) {
   
[] = invoke < Application, LDiscoveryExamples/DiscoveryVoting, vote2(ZZZI)V >[w1$1, w2$1, w3$1, w4$1, w5$1]
} else {
   skip; 
}


printing stack-slot table (var->slot)
w1$1 --------- [0]
w2$1 --------- [1]
w3$1 --------- [2]
w4$1 --------- [3]
w5$1 --------- [4]
w7$1 --------- [6]

printing Region Output Table (slot->var)

printing WalaVarTypeTable ( var ->type)
w1$1 --------- LDiscoveryExamples/DiscoveryVoting;
w2$1 --------- boolean
w3$1 --------- boolean
w4$1 --------- boolean
w5$1 --------- int
w6$1 --------- boolean
w7$1 --------- boolean
w1$2 --------- DiscoveryExamples.DiscoveryVoting
w2$2 --------- boolean
w3$2 --------- boolean
w4$2 --------- boolean
w5$2 --------- int
w7$2 --------- int
w8$2 --------- int
w9$2 --------- int
w10$2 --------- int
w11$2 --------- int

--------------- AFTER SUBSTITUTION TRANSFORMATION for: DiscoveryExamples.DiscoveryVoting.makeStep(ZZZIZZ)V#8 ---------------

if ((! (== symVar 0 ) )) {
   if ((&& (&& (|| (|| (&& (! (== a 0 ) ) (!= b 0 ) ) (&& (&& (|| (== a 0 ) (&& (! (== a 0 ) ) (! (!= b 0 ) ) ) ) (! (== b 0 ) ) ) (!= c 0 ) ) ) (&& (&& (|| (&& (|| (== a 0 ) (&& (! (== a 0 ) ) (! (!= b 0 ) ) ) ) (== b 0 ) ) (&& (&& (|| (== a 0 ) (&& (! (== a 0 ) ) (! (!= b 0 ) ) ) ) (! (== b 0 ) ) ) (! (!= c 0 ) ) ) ) (! (== a 0 ) ) ) (! (== c 0 ) ) ) ) (! (>= threshold 10 ) ) ) (! (<= threshold 5 ) ) )) {
      skip; 
   } else {
      skip; 
   }
   w11$2 := (Gamma !(a==0)&&b!=0||a==0||!(a==0)&&!(b!=0)&&!(b==0)&&c!=0||a==0||!(a==0)&&!(b!=0)&&b==0||a==0||!(a==0)&&!(b!=0)&&!(b==0)&&!(c!=0)&&!(a==0)&&!(c==0)&&!(threshold>=10)&&!(threshold<=5) 1 0); 
   
 put(351.< Application, LDiscoveryExamples/DiscoveryVoting, out, <Primordial,Z> >) = w11$2
   skip; 
   skip; 
} else {
   skip; 
}


printing stack-slot table (var->slot)
w1$1 --------- [0]
w2$1 --------- [1]
w3$1 --------- [2]
w4$1 --------- [3]
w5$1 --------- [4]
w7$1 --------- [6]

printing Region Output Table (slot->var)

printing WalaVarTypeTable ( var ->type)
w1$1 --------- LDiscoveryExamples/DiscoveryVoting;
w2$1 --------- boolean
w3$1 --------- boolean
w4$1 --------- boolean
w5$1 --------- int
w6$1 --------- boolean
w7$1 --------- boolean
w1$2 --------- DiscoveryExamples.DiscoveryVoting
w2$2 --------- boolean
w3$2 --------- boolean
w4$2 --------- boolean
w5$2 --------- int
w7$2 --------- int
w8$2 --------- int
w9$2 --------- int
w10$2 --------- int
w11$2 --------- int
Stack output: null

--------------- FIELD REFERENCE TRANSFORMATION ---------------

if ((! (== symVar 0 ) )) {
   if ((&& (&& (|| (|| (&& (! (== a 0 ) ) (!= b 0 ) ) (&& (&& (|| (== a 0 ) (&& (! (== a 0 ) ) (! (!= b 0 ) ) ) ) (! (== b 0 ) ) ) (!= c 0 ) ) ) (&& (&& (|| (&& (|| (== a 0 ) (&& (! (== a 0 ) ) (! (!= b 0 ) ) ) ) (== b 0 ) ) (&& (&& (|| (== a 0 ) (&& (! (== a 0 ) ) (! (!= b 0 ) ) ) ) (! (== b 0 ) ) ) (! (!= c 0 ) ) ) ) (! (== a 0 ) ) ) (! (== c 0 ) ) ) ) (! (>= threshold 10 ) ) ) (! (<= threshold 5 ) ) )) {
      skip; 
   } else {
      skip; 
   }
   w11$2 := (Gamma !(a==0)&&b!=0||a==0||!(a==0)&&!(b!=0)&&!(b==0)&&c!=0||a==0||!(a==0)&&!(b!=0)&&b==0||a==0||!(a==0)&&!(b!=0)&&!(b==0)&&!(c!=0)&&!(a==0)&&!(c==0)&&!(threshold>=10)&&!(threshold<=5) 1 0); 
   r351.out.1.1 := w11$2; 
   skip; 
   skip; 
} else {
   skip; 
}
r351.out.1.3 := (Gamma !(symVar==0) r351.out.1.1 out); 


--------------- ARRAY TRANSFORMATION ---------------

if ((! (== symVar 0 ) )) {
   if ((&& (&& (|| (|| (&& (! (== a 0 ) ) (!= b 0 ) ) (&& (&& (|| (== a 0 ) (&& (! (== a 0 ) ) (! (!= b 0 ) ) ) ) (! (== b 0 ) ) ) (!= c 0 ) ) ) (&& (&& (|| (&& (|| (== a 0 ) (&& (! (== a 0 ) ) (! (!= b 0 ) ) ) ) (== b 0 ) ) (&& (&& (|| (== a 0 ) (&& (! (== a 0 ) ) (! (!= b 0 ) ) ) ) (! (== b 0 ) ) ) (! (!= c 0 ) ) ) ) (! (== a 0 ) ) ) (! (== c 0 ) ) ) ) (! (>= threshold 10 ) ) ) (! (<= threshold 5 ) ) )) {
      skip; 
   } else {
      skip; 
   }
   w11$2 := (Gamma !(a==0)&&b!=0||a==0||!(a==0)&&!(b!=0)&&!(b==0)&&c!=0||a==0||!(a==0)&&!(b!=0)&&b==0||a==0||!(a==0)&&!(b!=0)&&!(b==0)&&!(c!=0)&&!(a==0)&&!(c==0)&&!(threshold>=10)&&!(threshold<=5) 1 0); 
   r351.out.1.1 := w11$2; 
   skip; 
   skip; 
} else {
   skip; 
}
r351.out.1.3 := (Gamma !(symVar==0) r351.out.1.1 out); 

Array Outputs Table

========================================= RUNNING FIXED POINT ITERATION # 2=========================================

--------------- SUBSTITUTION TRANSFORMATION for: DiscoveryExamples.DiscoveryVoting.makeStep(ZZZIZZ)V#8 ---------------

if ((! (== symVar 0 ) )) {
   if ((&& (&& (|| (|| (&& (! (== a 0 ) ) (!= b 0 ) ) (&& (&& (|| (== a 0 ) (&& (! (== a 0 ) ) (! (!= b 0 ) ) ) ) (! (== b 0 ) ) ) (!= c 0 ) ) ) (&& (&& (|| (&& (|| (== a 0 ) (&& (! (== a 0 ) ) (! (!= b 0 ) ) ) ) (== b 0 ) ) (&& (&& (|| (== a 0 ) (&& (! (== a 0 ) ) (! (!= b 0 ) ) ) ) (! (== b 0 ) ) ) (! (!= c 0 ) ) ) ) (! (== a 0 ) ) ) (! (== c 0 ) ) ) ) (! (>= threshold 10 ) ) ) (! (<= threshold 5 ) ) )) {
      skip; 
   } else {
      skip; 
   }
   w11$2 := (Gamma !(a==0)&&b!=0||a==0||!(a==0)&&!(b!=0)&&!(b==0)&&c!=0||a==0||!(a==0)&&!(b!=0)&&b==0||a==0||!(a==0)&&!(b!=0)&&!(b==0)&&!(c!=0)&&!(a==0)&&!(c==0)&&!(threshold>=10)&&!(threshold<=5) 1 0); 
   r351.out.1.1 := w11$2; 
   skip; 
   skip; 
} else {
   skip; 
}
r351.out.1.3 := (Gamma !(symVar==0) r351.out.1.1 out); 


printing stack-slot table (var->slot)
w1$1 --------- [0]
w2$1 --------- [1]
w3$1 --------- [2]
w4$1 --------- [3]
w5$1 --------- [4]
w7$1 --------- [6]

printing Region Output Table (slot->var)

printing WalaVarTypeTable ( var ->type)
w1$1 --------- LDiscoveryExamples/DiscoveryVoting;
w2$1 --------- boolean
w3$1 --------- boolean
w4$1 --------- boolean
w5$1 --------- int
w6$1 --------- boolean
w7$1 --------- boolean
w1$2 --------- DiscoveryExamples.DiscoveryVoting
w2$2 --------- boolean
w3$2 --------- boolean
w4$2 --------- boolean
w5$2 --------- int
w7$2 --------- int
w8$2 --------- int
w9$2 --------- int
w10$2 --------- int
w11$2 --------- int

--------------- AFTER SUBSTITUTION TRANSFORMATION for: DiscoveryExamples.DiscoveryVoting.makeStep(ZZZIZZ)V#8 ---------------

if ((! (== symVar 0 ) )) {
   if ((&& (&& (|| (|| (&& (! (== a 0 ) ) (!= b 0 ) ) (&& (&& (|| (== a 0 ) (&& (! (== a 0 ) ) (! (!= b 0 ) ) ) ) (! (== b 0 ) ) ) (!= c 0 ) ) ) (&& (&& (|| (&& (|| (== a 0 ) (&& (! (== a 0 ) ) (! (!= b 0 ) ) ) ) (== b 0 ) ) (&& (&& (|| (== a 0 ) (&& (! (== a 0 ) ) (! (!= b 0 ) ) ) ) (! (== b 0 ) ) ) (! (!= c 0 ) ) ) ) (! (== a 0 ) ) ) (! (== c 0 ) ) ) ) (! (>= threshold 10 ) ) ) (! (<= threshold 5 ) ) )) {
      skip; 
   } else {
      skip; 
   }
   w11$2 := (Gamma !(a==0)&&b!=0||a==0||!(a==0)&&!(b!=0)&&!(b==0)&&c!=0||a==0||!(a==0)&&!(b!=0)&&b==0||a==0||!(a==0)&&!(b!=0)&&!(b==0)&&!(c!=0)&&!(a==0)&&!(c==0)&&!(threshold>=10)&&!(threshold<=5) 1 0); 
   r351.out.1.1 := w11$2; 
   skip; 
   skip; 
} else {
   skip; 
}
r351.out.1.3 := (Gamma !(symVar==0) r351.out.1.1 out); 


printing stack-slot table (var->slot)
w1$1 --------- [0]
w2$1 --------- [1]
w3$1 --------- [2]
w4$1 --------- [3]
w5$1 --------- [4]
w7$1 --------- [6]

printing Region Output Table (slot->var)

printing WalaVarTypeTable ( var ->type)
w1$1 --------- LDiscoveryExamples/DiscoveryVoting;
w2$1 --------- boolean
w3$1 --------- boolean
w4$1 --------- boolean
w5$1 --------- int
w6$1 --------- boolean
w7$1 --------- boolean
w1$2 --------- DiscoveryExamples.DiscoveryVoting
w2$2 --------- boolean
w3$2 --------- boolean
w4$2 --------- boolean
w5$2 --------- int
w7$2 --------- int
w8$2 --------- int
w9$2 --------- int
w10$2 --------- int
w11$2 --------- int
Stack output: null

--------------- FIELD REFERENCE TRANSFORMATION ---------------

if ((! (== symVar 0 ) )) {
   if ((&& (&& (|| (|| (&& (! (== a 0 ) ) (!= b 0 ) ) (&& (&& (|| (== a 0 ) (&& (! (== a 0 ) ) (! (!= b 0 ) ) ) ) (! (== b 0 ) ) ) (!= c 0 ) ) ) (&& (&& (|| (&& (|| (== a 0 ) (&& (! (== a 0 ) ) (! (!= b 0 ) ) ) ) (== b 0 ) ) (&& (&& (|| (== a 0 ) (&& (! (== a 0 ) ) (! (!= b 0 ) ) ) ) (! (== b 0 ) ) ) (! (!= c 0 ) ) ) ) (! (== a 0 ) ) ) (! (== c 0 ) ) ) ) (! (>= threshold 10 ) ) ) (! (<= threshold 5 ) ) )) {
      skip; 
   } else {
      skip; 
   }
   w11$2 := (Gamma !(a==0)&&b!=0||a==0||!(a==0)&&!(b!=0)&&!(b==0)&&c!=0||a==0||!(a==0)&&!(b!=0)&&b==0||a==0||!(a==0)&&!(b!=0)&&!(b==0)&&!(c!=0)&&!(a==0)&&!(c==0)&&!(threshold>=10)&&!(threshold<=5) 1 0); 
   r351.out.1.1 := w11$2; 
   skip; 
   skip; 
} else {
   skip; 
}
r351.out.1.3 := (Gamma !(symVar==0) r351.out.1.1 out); 


--------------- ARRAY TRANSFORMATION ---------------

if ((! (== symVar 0 ) )) {
   if ((&& (&& (|| (|| (&& (! (== a 0 ) ) (!= b 0 ) ) (&& (&& (|| (== a 0 ) (&& (! (== a 0 ) ) (! (!= b 0 ) ) ) ) (! (== b 0 ) ) ) (!= c 0 ) ) ) (&& (&& (|| (&& (|| (== a 0 ) (&& (! (== a 0 ) ) (! (!= b 0 ) ) ) ) (== b 0 ) ) (&& (&& (|| (== a 0 ) (&& (! (== a 0 ) ) (! (!= b 0 ) ) ) ) (! (== b 0 ) ) ) (! (!= c 0 ) ) ) ) (! (== a 0 ) ) ) (! (== c 0 ) ) ) ) (! (>= threshold 10 ) ) ) (! (<= threshold 5 ) ) )) {
      skip; 
   } else {
      skip; 
   }
   w11$2 := (Gamma !(a==0)&&b!=0||a==0||!(a==0)&&!(b!=0)&&!(b==0)&&c!=0||a==0||!(a==0)&&!(b!=0)&&b==0||a==0||!(a==0)&&!(b!=0)&&!(b==0)&&!(c!=0)&&!(a==0)&&!(c==0)&&!(threshold>=10)&&!(threshold<=5) 1 0); 
   r351.out.1.1 := w11$2; 
   skip; 
   skip; 
} else {
   skip; 
}
r351.out.1.3 := (Gamma !(symVar==0) r351.out.1.1 out); 

Array Outputs Table

========================================= RUNNING HIGH-ORDER ONE EXTRA TIME AFTER FIXED POINT ITERATION# 2=========================================

--------------- SUBSTITUTION TRANSFORMATION for: DiscoveryExamples.DiscoveryVoting.makeStep(ZZZIZZ)V#8 ---------------

if ((! (== symVar 0 ) )) {
   if ((&& (&& (|| (|| (&& (! (== a 0 ) ) (!= b 0 ) ) (&& (&& (|| (== a 0 ) (&& (! (== a 0 ) ) (! (!= b 0 ) ) ) ) (! (== b 0 ) ) ) (!= c 0 ) ) ) (&& (&& (|| (&& (|| (== a 0 ) (&& (! (== a 0 ) ) (! (!= b 0 ) ) ) ) (== b 0 ) ) (&& (&& (|| (== a 0 ) (&& (! (== a 0 ) ) (! (!= b 0 ) ) ) ) (! (== b 0 ) ) ) (! (!= c 0 ) ) ) ) (! (== a 0 ) ) ) (! (== c 0 ) ) ) ) (! (>= threshold 10 ) ) ) (! (<= threshold 5 ) ) )) {
      skip; 
   } else {
      skip; 
   }
   w11$2 := (Gamma !(a==0)&&b!=0||a==0||!(a==0)&&!(b!=0)&&!(b==0)&&c!=0||a==0||!(a==0)&&!(b!=0)&&b==0||a==0||!(a==0)&&!(b!=0)&&!(b==0)&&!(c!=0)&&!(a==0)&&!(c==0)&&!(threshold>=10)&&!(threshold<=5) 1 0); 
   r351.out.1.1 := w11$2; 
   skip; 
   skip; 
} else {
   skip; 
}
r351.out.1.3 := (Gamma !(symVar==0) r351.out.1.1 out); 


printing stack-slot table (var->slot)
w1$1 --------- [0]
w2$1 --------- [1]
w3$1 --------- [2]
w4$1 --------- [3]
w5$1 --------- [4]
w7$1 --------- [6]

printing Region Output Table (slot->var)

printing WalaVarTypeTable ( var ->type)
w1$1 --------- LDiscoveryExamples/DiscoveryVoting;
w2$1 --------- boolean
w3$1 --------- boolean
w4$1 --------- boolean
w5$1 --------- int
w6$1 --------- boolean
w7$1 --------- boolean
w1$2 --------- DiscoveryExamples.DiscoveryVoting
w2$2 --------- boolean
w3$2 --------- boolean
w4$2 --------- boolean
w5$2 --------- int
w7$2 --------- int
w8$2 --------- int
w9$2 --------- int
w10$2 --------- int
w11$2 --------- int

--------------- AFTER SUBSTITUTION TRANSFORMATION for: DiscoveryExamples.DiscoveryVoting.makeStep(ZZZIZZ)V#8 ---------------

if ((! (== symVar 0 ) )) {
   if ((&& (&& (|| (|| (&& (! (== a 0 ) ) (!= b 0 ) ) (&& (&& (|| (== a 0 ) (&& (! (== a 0 ) ) (! (!= b 0 ) ) ) ) (! (== b 0 ) ) ) (!= c 0 ) ) ) (&& (&& (|| (&& (|| (== a 0 ) (&& (! (== a 0 ) ) (! (!= b 0 ) ) ) ) (== b 0 ) ) (&& (&& (|| (== a 0 ) (&& (! (== a 0 ) ) (! (!= b 0 ) ) ) ) (! (== b 0 ) ) ) (! (!= c 0 ) ) ) ) (! (== a 0 ) ) ) (! (== c 0 ) ) ) ) (! (>= threshold 10 ) ) ) (! (<= threshold 5 ) ) )) {
      skip; 
   } else {
      skip; 
   }
   w11$2 := (Gamma !(a==0)&&b!=0||a==0||!(a==0)&&!(b!=0)&&!(b==0)&&c!=0||a==0||!(a==0)&&!(b!=0)&&b==0||a==0||!(a==0)&&!(b!=0)&&!(b==0)&&!(c!=0)&&!(a==0)&&!(c==0)&&!(threshold>=10)&&!(threshold<=5) 1 0); 
   r351.out.1.1 := w11$2; 
   skip; 
   skip; 
} else {
   skip; 
}
r351.out.1.3 := (Gamma !(symVar==0) r351.out.1.1 out); 


printing stack-slot table (var->slot)
w1$1 --------- [0]
w2$1 --------- [1]
w3$1 --------- [2]
w4$1 --------- [3]
w5$1 --------- [4]
w7$1 --------- [6]

printing Region Output Table (slot->var)

printing WalaVarTypeTable ( var ->type)
w1$1 --------- LDiscoveryExamples/DiscoveryVoting;
w2$1 --------- boolean
w3$1 --------- boolean
w4$1 --------- boolean
w5$1 --------- int
w6$1 --------- boolean
w7$1 --------- boolean
w1$2 --------- DiscoveryExamples.DiscoveryVoting
w2$2 --------- boolean
w3$2 --------- boolean
w4$2 --------- boolean
w5$2 --------- int
w7$2 --------- int
w8$2 --------- int
w9$2 --------- int
w10$2 --------- int
w11$2 --------- int
Stack output: null

--------------- LINEARIZATION TRANSFORMATION ---------------
skip; 
skip; 
w11$2 := (Gamma !(a==0)&&b!=0||a==0||!(a==0)&&!(b!=0)&&!(b==0)&&c!=0||a==0||!(a==0)&&!(b!=0)&&b==0||a==0||!(a==0)&&!(b!=0)&&!(b==0)&&!(c!=0)&&!(a==0)&&!(c==0)&&!(threshold>=10)&&!(threshold<=5) 1 0); 
r351.out.1.1.2 := w11$2; 
skip; 
skip; 
skip; 
r351.out.1.3.2 := (Gamma !(symVar==0) r351.out.1.1.2 out); 


Stack output: null
Repair does NOT include initial values
repairing holes for iteration#:0
repairing holes for iteration#:1
^-^Ranger Discovery Result ^-^
Initial repair found, in iteration #: 2
Trying minimal repair.
trying minimal good repair iteration #: 0
Trying candidate #: 0
Time of ThereExists Query of : Vote_All_depth1_0_0_rPrimeExists.lus= 3
Time of forAll Query of : Vote_All_depth1_0_0_forAllMinimal.lus= 1
Trying candidate #: 1
Time of ThereExists Query of : Vote_All_depth1_0_1_rPrimeExists.lus= 4
Time of forAll Query of : Vote_All_depth1_0_1_forAllMinimal.lus= 2
Trying candidate #: 2
Time of ThereExists Query of : Vote_All_depth1_0_2_rPrimeExists.lus= 3
Time of forAll Query of : Vote_All_depth1_0_2_forAllMinimal.lus= 2
Trying candidate #: 3
Time of ThereExists Query of : Vote_All_depth1_0_3_rPrimeExists.lus= 4
Time of forAll Query of : Vote_All_depth1_0_3_forAllMinimal.lus= 1
Trying candidate #: 4
Time of ThereExists Query of : Vote_All_depth1_0_4_rPrimeExists.lus= 4
Time of forAll Query of : Vote_All_depth1_0_4_forAllMinimal.lus= 2
Trying candidate #: 5
Time of ThereExists Query of : Vote_All_depth1_0_5_rPrimeExists.lus= 149
^-^ Ranger Discovery Result ^-^
No more R' can be found, last known good repair was found at, outer loop # = 2 minimal repair loop # = -1
Minimal repair finished with the following result, outer loop # = 2 minimal repair loop # = -1 the LAST candidate repair loop # = -1

--------------- NO-SKIP OPTIMIZATION ---------------
w11$2 := (Gamma !(a==0)&&b!=0||a==0||!(a==0)&&!(b!=0)&&!(b==0)&&c!=0||a==0||!(a==0)&&!(b!=0)&&b==0||a==0||!(a==0)&&!(b!=0)&&!(b==0)&&!(c!=0)&&!(a==0)&&!(c==0)&&!(threshold>=10)&&!(threshold<=5) 1 0); 
r351.out.1.1.2 := w11$2; 
r351.out.1.3.2 := (Gamma !(symVar==0) r351.out.1.1.2 out); 


--------------- TO GREEN TRANSFORMATION ---------------
|Stmt                                                                  |Green Expression                                                                                   
|-----------------------------------------------------------           |------------------------------------------------------                                             
w11$2 := ((Gamma !(a==0)&&b!=0||a==0||!(a==0)&&!(b!=0)&&!(b==0)&&c!=0||a==0||!(a==0)&&!(b!=0)&&b==0||a==0||!(a==0)&&!(b!=0)&&!(b==0)&&!(c!=0)&&!(a==0)&&!(c==0)&&!(threshold>=10)&&!(threshold<=5) 1 0) ) ((((0 == 0) && ((((((!(a == 0)) && (b != 0)) || ((((a == 0) || ((!(a == 0)) && (!(b != 0)))) && (!(b == 0))) && (c != 0))) || ((((((a == 0) || ((!(a == 0)) && (!(b != 0)))) && (b == 0)) || ((((a == 0) || ((!(a == 0)) && (!(b != 0)))) && (!(b == 0))) && (!(c != 0)))) && (!(a == 0))) && (!(c == 0)))) && (!(threshold >= 10))) && (!(threshold <= 5)))) && (w11$2 == 1)) || (((0 == 0) && (!((((((!(a == 0)) && (b != 0)) || ((((a == 0) || ((!(a == 0)) && (!(b != 0)))) && (!(b == 0))) && (c != 0))) || ((((((a == 0) || ((!(a == 0)) && (!(b != 0)))) && (b == 0)) || ((((a == 0) || ((!(a == 0)) && (!(b != 0)))) && (!(b == 0))) && (!(c != 0)))) && (!(a == 0))) && (!(c == 0)))) && (!(threshold >= 10))) && (!(threshold <= 5))))) && (w11$2 == 0)))
r351.out.1.1.2 := (w11$2 )                                             (r351.out.1.1.2 == w11$2)                                                                           
r351.out.1.3.2 := ((Gamma !(symVar==0) r351.out.1.1.2 out) )           ((((0 == 0) && (!(symVar == 0))) && (r351.out.1.3.2 == r351.out.1.1.2)) || (((0 == 0) && (!(!(symVar == 0)))) && (r351.out.1.3.2 == out)))

Green Expression pushed on the Path Condition:
((((((0 == 0) && ((((((!(a == 0)) && (b != 0)) || ((((a == 0) || ((!(a == 0)) && (!(b != 0)))) && (!(b == 0))) && (c != 0))) || ((((((a == 0) || ((!(a == 0)) && (!(b != 0)))) && (b == 0)) || ((((a == 0) || ((!(a == 0)) && (!(b != 0)))) && (!(b == 0))) && (!(c != 0)))) && (!(a == 0))) && (!(c == 0)))) && (!(threshold >= 10))) && (!(threshold <= 5)))) && (w11$2 == 1)) || (((0 == 0) && (!((((((!(a == 0)) && (b != 0)) || ((((a == 0) || ((!(a == 0)) && (!(b != 0)))) && (!(b == 0))) && (c != 0))) || ((((((a == 0) || ((!(a == 0)) && (!(b != 0)))) && (b == 0)) || ((((a == 0) || ((!(a == 0)) && (!(b != 0)))) && (!(b == 0))) && (!(c != 0)))) && (!(a == 0))) && (!(c == 0)))) && (!(threshold >= 10))) && (!(threshold <= 5))))) && (w11$2 == 0))) && (r351.out.1.1.2 == w11$2)) && ((((0 == 0) && (!(symVar == 0))) && (r351.out.1.3.2 == r351.out.1.1.2)) || (((0 == 0) && (!(!(symVar == 0)))) && (r351.out.1.3.2 == out))))
Stack output: null
[SEVERE] JPF exception, terminating: exception during executeInstruction() notification
java.lang.UnsatisfiedLinkError: no libz3java in java.library.path
	at java.lang.ClassLoader.loadLibrary(ClassLoader.java:1860)
	at java.lang.Runtime.loadLibrary0(Runtime.java:870)
	at java.lang.System.loadLibrary(System.java:1122)
	at com.microsoft.z3.Native.<clinit>(Native.java:14)
	at com.microsoft.z3.Context.<init>(Context.java:62)
	at gov.nasa.jpf.symbc.numeric.solvers.ProblemZ3$Z3Wrapper.<init>(ProblemZ3.java:74)
	at gov.nasa.jpf.symbc.numeric.solvers.ProblemZ3$Z3Wrapper.getInstance(ProblemZ3.java:68)
	at gov.nasa.jpf.symbc.numeric.solvers.ProblemZ3.<init>(ProblemZ3.java:94)
	at gov.nasa.jpf.symbc.numeric.SymbolicConstraintsGeneral.isSatisfiable(SymbolicConstraintsGeneral.java:117)
	at gov.nasa.jpf.symbc.numeric.PathCondition.simplifyOld(PathCondition.java:479)
	at gov.nasa.jpf.symbc.numeric.PathCondition.simplify(PathCondition.java:354)
	at gov.nasa.jpf.symbc.veritesting.VeritestingUtil.ExprUtil.isPCSat(ExprUtil.java:131)
	at gov.nasa.jpf.symbc.VeritestingListener.canSetPC(VeritestingListener.java:749)
	at gov.nasa.jpf.symbc.VeritestingListener.setupSPF(VeritestingListener.java:651)
	at gov.nasa.jpf.symbc.VeritestingListener.runVeritestingWrapper(VeritestingListener.java:398)
	at gov.nasa.jpf.symbc.VeritestingListener.executeInstruction(VeritestingListener.java:336)
	at gov.nasa.jpf.vm.VM.notifyExecuteInstruction(VM.java:793)
	at gov.nasa.jpf.vm.ThreadInfo.executeInstruction(ThreadInfo.java:1904)
	at gov.nasa.jpf.vm.ThreadInfo.executeTransition(ThreadInfo.java:1859)
	at gov.nasa.jpf.vm.SystemState.executeNextTransition(SystemState.java:765)
	at gov.nasa.jpf.vm.VM.forward(VM.java:1722)
	at gov.nasa.jpf.search.Search.forward(Search.java:579)
	at gov.nasa.jpf.search.DFSearch.search(DFSearch.java:79)
	at gov.nasa.jpf.JPF.run(JPF.java:613)
	at gov.nasa.jpf.JPF.start(JPF.java:189)
	at sun.reflect.NativeMethodAccessorImpl.invoke0(Native Method)
	at sun.reflect.NativeMethodAccessorImpl.invoke(NativeMethodAccessorImpl.java:62)
	at sun.reflect.DelegatingMethodAccessorImpl.invoke(DelegatingMethodAccessorImpl.java:43)
	at java.lang.reflect.Method.invoke(Method.java:498)
	at gov.nasa.jpf.tool.Run.call(Run.java:80)
	at gov.nasa.jpf.tool.RunJPF.main(RunJPF.java:116)
---------------------- JPF error stack trace ---------------------
gov.nasa.jpf.JPFListenerException: exception during executeInstruction() notification
	at gov.nasa.jpf.vm.VM.notifyExecuteInstruction(VM.java:800)
	at gov.nasa.jpf.vm.ThreadInfo.executeInstruction(ThreadInfo.java:1904)
	at gov.nasa.jpf.vm.ThreadInfo.executeTransition(ThreadInfo.java:1859)
	at gov.nasa.jpf.vm.SystemState.executeNextTransition(SystemState.java:765)
	at gov.nasa.jpf.vm.VM.forward(VM.java:1722)
	at gov.nasa.jpf.search.Search.forward(Search.java:579)
	at gov.nasa.jpf.search.DFSearch.search(DFSearch.java:79)
	at gov.nasa.jpf.JPF.run(JPF.java:613)
	at gov.nasa.jpf.JPF.start(JPF.java:189)
	at sun.reflect.NativeMethodAccessorImpl.invoke0(Native Method)
	at sun.reflect.NativeMethodAccessorImpl.invoke(NativeMethodAccessorImpl.java:62)
	at sun.reflect.DelegatingMethodAccessorImpl.invoke(DelegatingMethodAccessorImpl.java:43)
	at java.lang.reflect.Method.invoke(Method.java:498)
	at gov.nasa.jpf.tool.Run.call(Run.java:80)
	at gov.nasa.jpf.tool.RunJPF.main(RunJPF.java:116)
Caused by: java.lang.UnsatisfiedLinkError: no libz3java in java.library.path
	at java.lang.ClassLoader.loadLibrary(ClassLoader.java:1860)
	at java.lang.Runtime.loadLibrary0(Runtime.java:870)
	at java.lang.System.loadLibrary(System.java:1122)
	at com.microsoft.z3.Native.<clinit>(Native.java:14)
	at com.microsoft.z3.Context.<init>(Context.java:62)
	at gov.nasa.jpf.symbc.numeric.solvers.ProblemZ3$Z3Wrapper.<init>(ProblemZ3.java:74)
	at gov.nasa.jpf.symbc.numeric.solvers.ProblemZ3$Z3Wrapper.getInstance(ProblemZ3.java:68)
	at gov.nasa.jpf.symbc.numeric.solvers.ProblemZ3.<init>(ProblemZ3.java:94)
	at gov.nasa.jpf.symbc.numeric.SymbolicConstraintsGeneral.isSatisfiable(SymbolicConstraintsGeneral.java:117)
	at gov.nasa.jpf.symbc.numeric.PathCondition.simplifyOld(PathCondition.java:479)
	at gov.nasa.jpf.symbc.numeric.PathCondition.simplify(PathCondition.java:354)
	at gov.nasa.jpf.symbc.veritesting.VeritestingUtil.ExprUtil.isPCSat(ExprUtil.java:131)
	at gov.nasa.jpf.symbc.VeritestingListener.canSetPC(VeritestingListener.java:749)
	at gov.nasa.jpf.symbc.VeritestingListener.setupSPF(VeritestingListener.java:651)
	at gov.nasa.jpf.symbc.VeritestingListener.runVeritestingWrapper(VeritestingListener.java:398)
	at gov.nasa.jpf.symbc.VeritestingListener.executeInstruction(VeritestingListener.java:336)
	at gov.nasa.jpf.vm.VM.notifyExecuteInstruction(VM.java:793)
	... 14 more
